stdio    D         file_stdio.c:110  file_stdio_fopen                 [   0.00000] opening C:\Users\user\Desktop\end of term\FUNCTIONS\TIMER\bin\Debug\allegro5.cfg r
system   D            wsystem.c:889  _al_win_safe_load_library        [   0.00000] PathFindOnPath found: C:\WINDOWS\system32\shcore.dll
system   D            wsystem.c:795  load_library_at_path             [   0.00000] Calling LoadLibrary C:\WINDOWS\system32\shcore.dll
system   I            wsystem.c:798  load_library_at_path             [   0.00000] Loaded C:\WINDOWS\system32\shcore.dll
system   I             system.c:271  al_install_system                [   0.00000] Allegro version: 5.2.8
audio-dsound I           dsound.cpp:275  _dsound_open                     [   0.00015] Starting DirectSound...
audio-dsound D           dsound.cpp:288  _dsound_open                     [   0.01729] DirectSoundCreate8 succeeded
audio-dsound I           dsound.cpp:77   get_window                       [   0.01738] Using desktop window: 0000000000010010
audio    I              audio.c:391  do_install_audio                 [   0.01745] Using DirectSound driver
audio-dsound D           dsound.cpp:322  _dsound_allocate_voice           [   0.01769] Allocating voice
audio-dsound D           dsound.cpp:381  _dsound_allocate_voice           [   0.01771] Allocated voice
dtor     D               dtor.c:196  _al_register_destructor          [   0.01772] added dtor for voice 000001b19c3f74f0, func 00007ffbd9185312
dtor     D               dtor.c:196  _al_register_destructor          [   0.01774] added dtor for mixer 000001b19c3f7690, func 00007ffbd918050f
audio-dsound D           dsound.cpp:477  _dsound_start_voice              [   0.01775] Starting voice
audio-dsound D           dsound.cpp:505  _dsound_start_voice              [   0.01776] CreateSoundBuffer
audio-dsound D           dsound.cpp:513  _dsound_start_voice              [   0.01931] CreateSoundBuffer succeeded
audio-dsound D           dsound.cpp:519  _dsound_start_voice              [   0.01936] Starting _dsound_update thread
audio-dsound I           dsound.cpp:529  _dsound_start_voice              [   0.01947] Voice started
dtor     D               dtor.c:196  _al_register_destructor          [   0.01950] added dtor for sample_instance 000001b19c3f78d0, func 00007ffbd91790dc
audio    D          kcm_mixer.c:121  _al_rechannel_matrix             [   0.01952] sample matrix:
audio    D          kcm_mixer.c:127  _al_rechannel_matrix             [   0.01955] 
audio    D          kcm_mixer.c:127  _al_rechannel_matrix             [   0.01956] 
dtor     D               dtor.c:196  _al_register_destructor          [   0.01957] added dtor for sample_instance 000001b19c3f89a0, func 00007ffbd91790dc
audio    D          kcm_mixer.c:121  _al_rechannel_matrix             [   0.01969] sample matrix:
audio    D          kcm_mixer.c:127  _al_rechannel_matrix             [   0.01970] 
audio    D          kcm_mixer.c:127  _al_rechannel_matrix             [   0.01971] 
dtor     D               dtor.c:196  _al_register_destructor          [   0.01973] added dtor for sample_instance 000001b19c3f8ac0, func 00007ffbd91790dc
audio    D          kcm_mixer.c:121  _al_rechannel_matrix             [   0.01974] sample matrix:
audio    D          kcm_mixer.c:127  _al_rechannel_matrix             [   0.01975] 
audio    D          kcm_mixer.c:127  _al_rechannel_matrix             [   0.01976] 
dtor     D               dtor.c:196  _al_register_destructor          [   0.01978] added dtor for sample_instance 000001b19dbbc7d0, func 00007ffbd91790dc
audio    D          kcm_mixer.c:121  _al_rechannel_matrix             [   0.01979] sample matrix:
audio    D          kcm_mixer.c:127  _al_rechannel_matrix             [   0.01980] 
audio    D          kcm_mixer.c:127  _al_rechannel_matrix             [   0.01981] 
dtor     D               dtor.c:196  _al_register_destructor          [   0.01982] added dtor for sample_instance 000001b19dbbc8f0, func 00007ffbd91790dc
audio    D          kcm_mixer.c:121  _al_rechannel_matrix             [   0.01983] sample matrix:
audio    D          kcm_mixer.c:127  _al_rechannel_matrix             [   0.01989] 
audio    D          kcm_mixer.c:127  _al_rechannel_matrix             [   0.01991] 
dtor     D               dtor.c:196  _al_register_destructor          [   0.01992] added dtor for sample_instance 000001b19dbbca10, func 00007ffbd91790dc
audio    D          kcm_mixer.c:121  _al_rechannel_matrix             [   0.01993] sample matrix:
audio    D          kcm_mixer.c:127  _al_rechannel_matrix             [   0.01994] 
audio    D          kcm_mixer.c:127  _al_rechannel_matrix             [   0.01995] 
dtor     D               dtor.c:196  _al_register_destructor          [   0.01996] added dtor for sample_instance 000001b19dbbcb30, func 00007ffbd91790dc
audio    D          kcm_mixer.c:121  _al_rechannel_matrix             [   0.01998] sample matrix:
audio    D          kcm_mixer.c:127  _al_rechannel_matrix             [   0.01999] 
audio    D          kcm_mixer.c:127  _al_rechannel_matrix             [   0.02000] 
dtor     D               dtor.c:196  _al_register_destructor          [   0.02001] added dtor for sample_instance 000001b19dbbcc50, func 00007ffbd91790dc
audio    D          kcm_mixer.c:121  _al_rechannel_matrix             [   0.02002] sample matrix:
audio    D          kcm_mixer.c:127  _al_rechannel_matrix             [   0.02003] 
audio    D          kcm_mixer.c:127  _al_rechannel_matrix             [   0.02004] 
dtor     D               dtor.c:196  _al_register_destructor          [   0.02005] added dtor for sample_instance 000001b19dbbce80, func 00007ffbd91790dc
audio    D          kcm_mixer.c:121  _al_rechannel_matrix             [   0.02006] sample matrix:
audio    D          kcm_mixer.c:127  _al_rechannel_matrix             [   0.02007] 
audio    D          kcm_mixer.c:127  _al_rechannel_matrix             [   0.02008] 
system   D            wsystem.c:889  _al_win_safe_load_library        [   0.02031] PathFindOnPath found: C:\WINDOWS\system32\d3d9.dll
system   D            wsystem.c:795  load_library_at_path             [   0.02033] Calling LoadLibrary C:\WINDOWS\system32\d3d9.dll
system   I            wsystem.c:798  load_library_at_path             [   0.02155] Loaded C:\WINDOWS\system32\d3d9.dll
d3d      I         d3d_disp.cpp:679  d3d_init_display                 [   0.04660] Render-to-texture: 1
d3d      I         d3d_disp.cpp:1780 d3d_create_display_locked        [   0.04729] faux_fullscreen=0
d3d      D         d3d_disp.cpp:1781 d3d_create_display_locked        [   0.04733] al_display=000001b19c3fe970
d3d      D         d3d_disp.cpp:1782 d3d_create_display_locked        [   0.04735] al_display->vt=000001b19c3fe800
d3d      I d3d_display_formats.cpp:144  _al_d3d_generate_display_format_list [   0.04882] found 64 format combinations
display  D   display_settings.c:214  debug_display_settings           [   0.04889] color: 32 (rgba 8880), depth: 0, stencil: 0, acc: 0000, samples: 0/0
display  D   display_settings.c:529  _al_score_display_settings       [   0.04893] Score is : 897
display  D   display_settings.c:214  debug_display_settings           [   0.04896] color: 32 (rgba 8880), depth: 0, stencil: 0, acc: 0000, samples: 0/0
display  D   display_settings.c:529  _al_score_display_settings       [   0.04898] Score is : 897
display  D   display_settings.c:214  debug_display_settings           [   0.04901] color: 32 (rgba 8880), depth: 24, stencil: 8, acc: 0000, samples: 0/0
display  D   display_settings.c:529  _al_score_display_settings       [   0.04906] Score is : 897
display  D   display_settings.c:214  debug_display_settings           [   0.04909] color: 32 (rgba 8880), depth: 24, stencil: 8, acc: 0000, samples: 0/0
display  D   display_settings.c:529  _al_score_display_settings       [   0.04911] Score is : 897
display  D   display_settings.c:214  debug_display_settings           [   0.04913] color: 32 (rgba 8880), depth: 24, stencil: 0, acc: 0000, samples: 0/0
display  D   display_settings.c:529  _al_score_display_settings       [   0.04915] Score is : 897
display  D   display_settings.c:214  debug_display_settings           [   0.04920] color: 32 (rgba 8880), depth: 24, stencil: 0, acc: 0000, samples: 0/0
display  D   display_settings.c:529  _al_score_display_settings       [   0.04922] Score is : 897
display  D   display_settings.c:214  debug_display_settings           [   0.04924] color: 32 (rgba 8880), depth: 16, stencil: 0, acc: 0000, samples: 0/0
display  D   display_settings.c:529  _al_score_display_settings       [   0.04926] Score is : 897
display  D   display_settings.c:214  debug_display_settings           [   0.04928] color: 32 (rgba 8880), depth: 16, stencil: 0, acc: 0000, samples: 0/0
display  D   display_settings.c:529  _al_score_display_settings       [   0.04930] Score is : 897
display  D   display_settings.c:214  debug_display_settings           [   0.04931] color: 16 (rgba 5650), depth: 0, stencil: 0, acc: 0000, samples: 0/0
display  D   display_settings.c:529  _al_score_display_settings       [   0.04933] Score is : 897
display  D   display_settings.c:214  debug_display_settings           [   0.04935] color: 16 (rgba 5650), depth: 0, stencil: 0, acc: 0000, samples: 0/0
display  D   display_settings.c:529  _al_score_display_settings       [   0.04937] Score is : 897
display  D   display_settings.c:214  debug_display_settings           [   0.04939] color: 16 (rgba 5650), depth: 24, stencil: 8, acc: 0000, samples: 0/0
display  D   display_settings.c:529  _al_score_display_settings       [   0.04941] Score is : 897
display  D   display_settings.c:214  debug_display_settings           [   0.04943] color: 16 (rgba 5650), depth: 24, stencil: 8, acc: 0000, samples: 0/0
display  D   display_settings.c:529  _al_score_display_settings       [   0.04945] Score is : 897
display  D   display_settings.c:214  debug_display_settings           [   0.04946] color: 16 (rgba 5650), depth: 24, stencil: 0, acc: 0000, samples: 0/0
display  D   display_settings.c:529  _al_score_display_settings       [   0.04948] Score is : 897
display  D   display_settings.c:214  debug_display_settings           [   0.04950] color: 16 (rgba 5650), depth: 24, stencil: 0, acc: 0000, samples: 0/0
display  D   display_settings.c:529  _al_score_display_settings       [   0.04952] Score is : 897
display  D   display_settings.c:214  debug_display_settings           [   0.04954] color: 16 (rgba 5650), depth: 16, stencil: 0, acc: 0000, samples: 0/0
display  D   display_settings.c:529  _al_score_display_settings       [   0.04956] Score is : 897
display  D   display_settings.c:214  debug_display_settings           [   0.04958] color: 16 (rgba 5650), depth: 16, stencil: 0, acc: 0000, samples: 0/0
display  D   display_settings.c:529  _al_score_display_settings       [   0.04960] Score is : 897
display  D   display_settings.c:214  debug_display_settings           [   0.04962] color: 32 (rgba 8880), depth: 0, stencil: 0, acc: 0000, samples: 0/0
display  D   display_settings.c:400  _al_score_display_settings       [   0.04964] Single Buffer requirement not met.
display  D   display_settings.c:214  debug_display_settings           [   0.04965] color: 32 (rgba 8880), depth: 0, stencil: 0, acc: 0000, samples: 0/0
display  D   display_settings.c:400  _al_score_display_settings       [   0.04967] Single Buffer requirement not met.
display  D   display_settings.c:214  debug_display_settings           [   0.04969] color: 32 (rgba 8880), depth: 24, stencil: 8, acc: 0000, samples: 0/0
display  D   display_settings.c:400  _al_score_display_settings       [   0.04971] Single Buffer requirement not met.
display  D   display_settings.c:214  debug_display_settings           [   0.04973] color: 32 (rgba 8880), depth: 24, stencil: 8, acc: 0000, samples: 0/0
display  D   display_settings.c:400  _al_score_display_settings       [   0.04975] Single Buffer requirement not met.
display  D   display_settings.c:214  debug_display_settings           [   0.04977] color: 32 (rgba 8880), depth: 24, stencil: 0, acc: 0000, samples: 0/0
display  D   display_settings.c:400  _al_score_display_settings       [   0.04979] Single Buffer requirement not met.
display  D   display_settings.c:214  debug_display_settings           [   0.04981] color: 32 (rgba 8880), depth: 24, stencil: 0, acc: 0000, samples: 0/0
display  D   display_settings.c:400  _al_score_display_settings       [   0.04983] Single Buffer requirement not met.
display  D   display_settings.c:214  debug_display_settings           [   0.04985] color: 32 (rgba 8880), depth: 16, stencil: 0, acc: 0000, samples: 0/0
display  D   display_settings.c:400  _al_score_display_settings       [   0.04987] Single Buffer requirement not met.
display  D   display_settings.c:214  debug_display_settings           [   0.04989] color: 32 (rgba 8880), depth: 16, stencil: 0, acc: 0000, samples: 0/0
display  D   display_settings.c:400  _al_score_display_settings       [   0.04991] Single Buffer requirement not met.
display  D   display_settings.c:214  debug_display_settings           [   0.04993] color: 16 (rgba 5650), depth: 0, stencil: 0, acc: 0000, samples: 0/0
display  D   display_settings.c:400  _al_score_display_settings       [   0.04995] Single Buffer requirement not met.
display  D   display_settings.c:214  debug_display_settings           [   0.04997] color: 16 (rgba 5650), depth: 0, stencil: 0, acc: 0000, samples: 0/0
display  D   display_settings.c:400  _al_score_display_settings       [   0.04999] Single Buffer requirement not met.
display  D   display_settings.c:214  debug_display_settings           [   0.05000] color: 16 (rgba 5650), depth: 24, stencil: 8, acc: 0000, samples: 0/0
display  D   display_settings.c:400  _al_score_display_settings       [   0.05002] Single Buffer requirement not met.
display  D   display_settings.c:214  debug_display_settings           [   0.05004] color: 16 (rgba 5650), depth: 24, stencil: 8, acc: 0000, samples: 0/0
display  D   display_settings.c:400  _al_score_display_settings       [   0.05006] Single Buffer requirement not met.
display  D   display_settings.c:214  debug_display_settings           [   0.05008] color: 16 (rgba 5650), depth: 24, stencil: 0, acc: 0000, samples: 0/0
display  D   display_settings.c:400  _al_score_display_settings       [   0.05010] Single Buffer requirement not met.
display  D   display_settings.c:214  debug_display_settings           [   0.05012] color: 16 (rgba 5650), depth: 24, stencil: 0, acc: 0000, samples: 0/0
display  D   display_settings.c:400  _al_score_display_settings       [   0.05014] Single Buffer requirement not met.
display  D   display_settings.c:214  debug_display_settings           [   0.05015] color: 16 (rgba 5650), depth: 16, stencil: 0, acc: 0000, samples: 0/0
display  D   display_settings.c:400  _al_score_display_settings       [   0.05017] Single Buffer requirement not met.
display  D   display_settings.c:214  debug_display_settings           [   0.05019] color: 16 (rgba 5650), depth: 16, stencil: 0, acc: 0000, samples: 0/0
display  D   display_settings.c:400  _al_score_display_settings       [   0.05021] Single Buffer requirement not met.
display  D   display_settings.c:214  debug_display_settings           [   0.05023] color: 32 (rgba 8880), depth: 0, stencil: 0, acc: 0000, samples: 0/0
display  D   display_settings.c:529  _al_score_display_settings       [   0.05025] Score is : 769
display  D   display_settings.c:214  debug_display_settings           [   0.05027] color: 32 (rgba 8880), depth: 0, stencil: 0, acc: 0000, samples: 0/0
display  D   display_settings.c:529  _al_score_display_settings       [   0.05029] Score is : 769
display  D   display_settings.c:214  debug_display_settings           [   0.05030] color: 32 (rgba 8880), depth: 24, stencil: 8, acc: 0000, samples: 0/0
display  D   display_settings.c:529  _al_score_display_settings       [   0.05032] Score is : 769
display  D   display_settings.c:214  debug_display_settings           [   0.05034] color: 32 (rgba 8880), depth: 24, stencil: 8, acc: 0000, samples: 0/0
display  D   display_settings.c:529  _al_score_display_settings       [   0.05036] Score is : 769
display  D   display_settings.c:214  debug_display_settings           [   0.05038] color: 32 (rgba 8880), depth: 24, stencil: 0, acc: 0000, samples: 0/0
display  D   display_settings.c:529  _al_score_display_settings       [   0.05046] Score is : 769
display  D   display_settings.c:214  debug_display_settings           [   0.05048] color: 32 (rgba 8880), depth: 24, stencil: 0, acc: 0000, samples: 0/0
display  D   display_settings.c:529  _al_score_display_settings       [   0.05050] Score is : 769
display  D   display_settings.c:214  debug_display_settings           [   0.05052] color: 32 (rgba 8880), depth: 16, stencil: 0, acc: 0000, samples: 0/0
display  D   display_settings.c:529  _al_score_display_settings       [   0.05054] Score is : 769
display  D   display_settings.c:214  debug_display_settings           [   0.05056] color: 32 (rgba 8880), depth: 16, stencil: 0, acc: 0000, samples: 0/0
display  D   display_settings.c:529  _al_score_display_settings       [   0.05058] Score is : 769
display  D   display_settings.c:214  debug_display_settings           [   0.05060] color: 16 (rgba 5650), depth: 0, stencil: 0, acc: 0000, samples: 0/0
display  D   display_settings.c:529  _al_score_display_settings       [   0.05062] Score is : 769
display  D   display_settings.c:214  debug_display_settings           [   0.05064] color: 16 (rgba 5650), depth: 0, stencil: 0, acc: 0000, samples: 0/0
display  D   display_settings.c:529  _al_score_display_settings       [   0.05066] Score is : 769
display  D   display_settings.c:214  debug_display_settings           [   0.05067] color: 16 (rgba 5650), depth: 24, stencil: 8, acc: 0000, samples: 0/0
display  D   display_settings.c:529  _al_score_display_settings       [   0.05069] Score is : 769
display  D   display_settings.c:214  debug_display_settings           [   0.05071] color: 16 (rgba 5650), depth: 24, stencil: 8, acc: 0000, samples: 0/0
display  D   display_settings.c:529  _al_score_display_settings       [   0.05073] Score is : 769
display  D   display_settings.c:214  debug_display_settings           [   0.05075] color: 16 (rgba 5650), depth: 24, stencil: 0, acc: 0000, samples: 0/0
display  D   display_settings.c:529  _al_score_display_settings       [   0.05077] Score is : 769
display  D   display_settings.c:214  debug_display_settings           [   0.05079] color: 16 (rgba 5650), depth: 24, stencil: 0, acc: 0000, samples: 0/0
display  D   display_settings.c:529  _al_score_display_settings       [   0.05081] Score is : 769
display  D   display_settings.c:214  debug_display_settings           [   0.05083] color: 16 (rgba 5650), depth: 16, stencil: 0, acc: 0000, samples: 0/0
display  D   display_settings.c:529  _al_score_display_settings       [   0.05085] Score is : 769
display  D   display_settings.c:214  debug_display_settings           [   0.05087] color: 16 (rgba 5650), depth: 16, stencil: 0, acc: 0000, samples: 0/0
display  D   display_settings.c:529  _al_score_display_settings       [   0.05089] Score is : 769
display  D   display_settings.c:214  debug_display_settings           [   0.05091] color: 32 (rgba 8880), depth: 0, stencil: 0, acc: 0000, samples: 0/0
display  D   display_settings.c:400  _al_score_display_settings       [   0.05093] Single Buffer requirement not met.
display  D   display_settings.c:214  debug_display_settings           [   0.05095] color: 32 (rgba 8880), depth: 0, stencil: 0, acc: 0000, samples: 0/0
display  D   display_settings.c:400  _al_score_display_settings       [   0.05098] Single Buffer requirement not met.
display  D   display_settings.c:214  debug_display_settings           [   0.05100] color: 32 (rgba 8880), depth: 24, stencil: 8, acc: 0000, samples: 0/0
display  D   display_settings.c:400  _al_score_display_settings       [   0.05102] Single Buffer requirement not met.
display  D   display_settings.c:214  debug_display_settings           [   0.05104] color: 32 (rgba 8880), depth: 24, stencil: 8, acc: 0000, samples: 0/0
display  D   display_settings.c:400  _al_score_display_settings       [   0.05106] Single Buffer requirement not met.
display  D   display_settings.c:214  debug_display_settings           [   0.05108] color: 32 (rgba 8880), depth: 24, stencil: 0, acc: 0000, samples: 0/0
display  D   display_settings.c:400  _al_score_display_settings       [   0.05113] Single Buffer requirement not met.
display  D   display_settings.c:214  debug_display_settings           [   0.05115] color: 32 (rgba 8880), depth: 24, stencil: 0, acc: 0000, samples: 0/0
display  D   display_settings.c:400  _al_score_display_settings       [   0.05118] Single Buffer requirement not met.
display  D   display_settings.c:214  debug_display_settings           [   0.05120] color: 32 (rgba 8880), depth: 16, stencil: 0, acc: 0000, samples: 0/0
display  D   display_settings.c:400  _al_score_display_settings       [   0.05123] Single Buffer requirement not met.
display  D   display_settings.c:214  debug_display_settings           [   0.05125] color: 32 (rgba 8880), depth: 16, stencil: 0, acc: 0000, samples: 0/0
display  D   display_settings.c:400  _al_score_display_settings       [   0.05127] Single Buffer requirement not met.
display  D   display_settings.c:214  debug_display_settings           [   0.05129] color: 16 (rgba 5650), depth: 0, stencil: 0, acc: 0000, samples: 0/0
display  D   display_settings.c:400  _al_score_display_settings       [   0.05131] Single Buffer requirement not met.
display  D   display_settings.c:214  debug_display_settings           [   0.05133] color: 16 (rgba 5650), depth: 0, stencil: 0, acc: 0000, samples: 0/0
display  D   display_settings.c:400  _al_score_display_settings       [   0.05135] Single Buffer requirement not met.
display  D   display_settings.c:214  debug_display_settings           [   0.05137] color: 16 (rgba 5650), depth: 24, stencil: 8, acc: 0000, samples: 0/0
display  D   display_settings.c:400  _al_score_display_settings       [   0.05139] Single Buffer requirement not met.
display  D   display_settings.c:214  debug_display_settings           [   0.05141] color: 16 (rgba 5650), depth: 24, stencil: 8, acc: 0000, samples: 0/0
display  D   display_settings.c:400  _al_score_display_settings       [   0.05143] Single Buffer requirement not met.
display  D   display_settings.c:214  debug_display_settings           [   0.05145] color: 16 (rgba 5650), depth: 24, stencil: 0, acc: 0000, samples: 0/0
display  D   display_settings.c:400  _al_score_display_settings       [   0.05147] Single Buffer requirement not met.
display  D   display_settings.c:214  debug_display_settings           [   0.05148] color: 16 (rgba 5650), depth: 24, stencil: 0, acc: 0000, samples: 0/0
display  D   display_settings.c:400  _al_score_display_settings       [   0.05150] Single Buffer requirement not met.
display  D   display_settings.c:214  debug_display_settings           [   0.05152] color: 16 (rgba 5650), depth: 16, stencil: 0, acc: 0000, samples: 0/0
display  D   display_settings.c:400  _al_score_display_settings       [   0.05154] Single Buffer requirement not met.
display  D   display_settings.c:214  debug_display_settings           [   0.05156] color: 16 (rgba 5650), depth: 16, stencil: 0, acc: 0000, samples: 0/0
display  D   display_settings.c:400  _al_score_display_settings       [   0.05158] Single Buffer requirement not met.
d3d      D         d3d_disp.cpp:1677 d3d_create_display_internals     [   0.05160] Trying format 0.
d3d      I         d3d_disp.cpp:1353 d3d_display_thread_proc          [   0.05191] Chose a display format: 23
d3d      I         d3d_disp.cpp:1422 d3d_display_thread_proc          [   0.05195] Normal window.
d3d      I         d3d_disp.cpp:786  d3d_create_device                [   0.16809] Using no depth stencil buffer
d3d      D         d3d_disp.cpp:848  d3d_create_device                [   0.19715] BeginScene succeeded in create_device
d3d      D         d3d_disp.cpp:856  d3d_create_device                [   0.19721] Success
d3d      D         d3d_disp.cpp:1703 d3d_create_display_internals     [   0.19724] Resumed after wait.
d3d      I         d3d_disp.cpp:1736 d3d_create_display_internals     [   0.19729] Format 0 succeeded.
d3d      D         d3d_disp.cpp:1767 d3d_create_display_internals     [   0.19732] Returning d3d_display: 000001b19c3fe970
d3d      D         d3d_disp.cpp:1792 d3d_create_display_locked        [   0.19733] al_display=000001b19c3fe970
d3d      D         d3d_disp.cpp:1793 d3d_create_display_locked        [   0.19735] al_display->vt=000001b19c3fe800
system   D            wsystem.c:889  _al_win_safe_load_library        [   0.19764] PathFindOnPath found: C:\WINDOWS\system32\d3dx9_43.dll
system   D            wsystem.c:795  load_library_at_path             [   0.19768] Calling LoadLibrary C:\WINDOWS\system32\d3dx9_43.dll
system   I            wsystem.c:798  load_library_at_path             [   0.19860] Loaded C:\WINDOWS\system32\d3dx9_43.dll
d3dx9    I        d3d_d3dx9.cpp:88   _imp_load_d3dx9_module_version   [   0.19864] Module "d3dx9_43.dll" loaded.
stdio    D         file_stdio.c:110  file_stdio_fopen                 [   0.19871] opening SoukouMincho.ttf rb
font     D                ttf.c:973  al_load_ttf_font_stretch_f       [   0.20078] Font SoukouMincho.ttf loaded with pixel size 0 x 32.
font     D                ttf.c:975  al_load_ttf_font_stretch_f       [   0.20088]     ascent=29.0, descent=-4.0, height=32.0
dtor     D               dtor.c:196  _al_register_destructor          [   0.20092] added dtor for ttf_font 000001b19dc69960, func 00007ffbd9174170
dtor     D               dtor.c:196  _al_register_destructor          [   0.20094] added dtor for timer 000001b19dc880b0, func 00007ffbd9060dc2
dtor     D               dtor.c:196  _al_register_destructor          [   0.20096] added dtor for timer 000001b19dc889a0, func 00007ffbd9060dc2
dtor     D               dtor.c:196  _al_register_destructor          [   0.20100] added dtor for queue 000001b1a371f380, func 00007ffbd904cc4e
font     D                ttf.c:471  cache_glyph                      [   0.20143] Glyph 1 has zero size.
d3d      D         d3d_disp.cpp:1197 real_choose_bitmap_format        [   0.20167] Fake format
d3d      D         d3d_disp.cpp:1197 real_choose_bitmap_format        [   0.20171] Fake format
d3d      D         d3d_disp.cpp:1197 real_choose_bitmap_format        [   0.20173] Fake format
d3d      D         d3d_disp.cpp:1197 real_choose_bitmap_format        [   0.20176] Fake format
d3d      D         d3d_disp.cpp:1197 real_choose_bitmap_format        [   0.20178] Fake format
d3d      D         d3d_disp.cpp:1197 real_choose_bitmap_format        [   0.20180] Fake format
d3d      D         d3d_disp.cpp:1197 real_choose_bitmap_format        [   0.20182] Fake format
d3d      D         d3d_disp.cpp:1197 real_choose_bitmap_format        [   0.20184] Fake format
d3d      D         d3d_disp.cpp:1197 real_choose_bitmap_format        [   0.20186] Fake format
d3d      D         d3d_disp.cpp:1205 real_choose_bitmap_format        [   0.20188] Alpha doesn't match
d3d      D         d3d_disp.cpp:1212 real_choose_bitmap_format        [   0.20190] Adapter format is 23
d3d      D         d3d_disp.cpp:1215 real_choose_bitmap_format        [   0.20193] Found a format
d3d      I         d3d_disp.cpp:2388 d3d_create_bitmap                [   0.20195] Chose bitmap format 9
font     D                ttf.c:243  alloc_glyph_region               [   0.20258] Glyph 17: 21x29 (24x32)
font     D                ttf.c:287  alloc_glyph_region               [   0.20262] Locking glyph region: 000001b19dc9bef0 0 0 24 32
font     D                ttf.c:167  unlock_current_page              [   0.20480] Unlocking page: 000001b19dc9bef0
font     D                ttf.c:243  alloc_glyph_region               [   0.20500] Glyph 27: 10x23 (12x24)
font     D                ttf.c:287  alloc_glyph_region               [   0.20502] Locking glyph region: 000001b19dc9bef0 24 0 12 24
font     D                ttf.c:167  unlock_current_page              [   0.20507] Unlocking page: 000001b19dc9bef0
d3d      D          d3d_bmp.cpp:539  _al_d3d_sync_bitmap              [   0.21795] _al_d3d_sync_bitmap (system) ref count == 1
d3d      D          d3d_bmp.cpp:545  _al_d3d_sync_bitmap              [   0.21806] _al_d3d_sync_bitmap (video) ref count == 1
font     D                ttf.c:243  alloc_glyph_region               [   1.20304] Glyph 18: 19x29 (20x32)
font     D                ttf.c:287  alloc_glyph_region               [   1.20318] Locking glyph region: 000001b19dc9bef0 36 0 20 32
font     D                ttf.c:167  unlock_current_page              [   1.20324] Unlocking page: 000001b19dc9bef0
d3d      D          d3d_bmp.cpp:539  _al_d3d_sync_bitmap              [   1.20520] _al_d3d_sync_bitmap (system) ref count == 1
d3d      D          d3d_bmp.cpp:545  _al_d3d_sync_bitmap              [   1.20530] _al_d3d_sync_bitmap (video) ref count == 1
font     D                ttf.c:243  alloc_glyph_region               [   2.20388] Glyph 19: 20x28 (20x28)
font     D                ttf.c:287  alloc_glyph_region               [   2.20396] Locking glyph region: 000001b19dc9bef0 56 0 20 28
font     D                ttf.c:167  unlock_current_page              [   2.20400] Unlocking page: 000001b19dc9bef0
d3d      D          d3d_bmp.cpp:539  _al_d3d_sync_bitmap              [   2.20544] _al_d3d_sync_bitmap (system) ref count == 1
d3d      D          d3d_bmp.cpp:545  _al_d3d_sync_bitmap              [   2.20564] _al_d3d_sync_bitmap (video) ref count == 1
font     D                ttf.c:243  alloc_glyph_region               [   3.20284] Glyph 20: 21x28 (24x28)
font     D                ttf.c:287  alloc_glyph_region               [   3.20291] Locking glyph region: 000001b19dc9bef0 76 0 24 28
font     D                ttf.c:167  unlock_current_page              [   3.20295] Unlocking page: 000001b19dc9bef0
d3d      D          d3d_bmp.cpp:539  _al_d3d_sync_bitmap              [   3.20408] _al_d3d_sync_bitmap (system) ref count == 1
d3d      D          d3d_bmp.cpp:545  _al_d3d_sync_bitmap              [   3.20424] _al_d3d_sync_bitmap (video) ref count == 1
font     D                ttf.c:243  alloc_glyph_region               [   4.20310] Glyph 21: 22x27 (24x28)
font     D                ttf.c:287  alloc_glyph_region               [   4.20327] Locking glyph region: 000001b19dc9bef0 100 0 24 28
font     D                ttf.c:167  unlock_current_page              [   4.20332] Unlocking page: 000001b19dc9bef0
d3d      D          d3d_bmp.cpp:539  _al_d3d_sync_bitmap              [   4.20436] _al_d3d_sync_bitmap (system) ref count == 1
d3d      D          d3d_bmp.cpp:545  _al_d3d_sync_bitmap              [   4.20443] _al_d3d_sync_bitmap (video) ref count == 1
font     D                ttf.c:243  alloc_glyph_region               [   5.20317] Glyph 22: 21x28 (24x28)
font     D                ttf.c:287  alloc_glyph_region               [   5.20330] Locking glyph region: 000001b19dc9bef0 124 0 24 28
font     D                ttf.c:167  unlock_current_page              [   5.20336] Unlocking page: 000001b19dc9bef0
d3d      D          d3d_bmp.cpp:539  _al_d3d_sync_bitmap              [   5.20433] _al_d3d_sync_bitmap (system) ref count == 1
d3d      D          d3d_bmp.cpp:545  _al_d3d_sync_bitmap              [   5.20443] _al_d3d_sync_bitmap (video) ref count == 1
font     D                ttf.c:243  alloc_glyph_region               [   6.20254] Glyph 23: 21x29 (24x32)
font     D                ttf.c:287  alloc_glyph_region               [   6.20264] Locking glyph region: 000001b19dc9bef0 148 0 24 32
font     D                ttf.c:167  unlock_current_page              [   6.20269] Unlocking page: 000001b19dc9bef0
d3d      D          d3d_bmp.cpp:539  _al_d3d_sync_bitmap              [   6.20335] _al_d3d_sync_bitmap (system) ref count == 1
d3d      D          d3d_bmp.cpp:545  _al_d3d_sync_bitmap              [   6.20340] _al_d3d_sync_bitmap (video) ref count == 1
font     D                ttf.c:243  alloc_glyph_region               [   7.20332] Glyph 24: 20x28 (20x28)
font     D                ttf.c:287  alloc_glyph_region               [   7.20343] Locking glyph region: 000001b19dc9bef0 172 0 20 28
font     D                ttf.c:167  unlock_current_page              [   7.20350] Unlocking page: 000001b19dc9bef0
d3d      D          d3d_bmp.cpp:539  _al_d3d_sync_bitmap              [   7.20528] _al_d3d_sync_bitmap (system) ref count == 1
d3d      D          d3d_bmp.cpp:545  _al_d3d_sync_bitmap              [   7.20545] _al_d3d_sync_bitmap (video) ref count == 1
font     D                ttf.c:243  alloc_glyph_region               [   8.20286] Glyph 25: 21x30 (24x32)
font     D                ttf.c:287  alloc_glyph_region               [   8.20296] Locking glyph region: 000001b19dc9bef0 192 0 24 32
font     D                ttf.c:167  unlock_current_page              [   8.20300] Unlocking page: 000001b19dc9bef0
d3d      D          d3d_bmp.cpp:539  _al_d3d_sync_bitmap              [   8.20361] _al_d3d_sync_bitmap (system) ref count == 1
d3d      D          d3d_bmp.cpp:545  _al_d3d_sync_bitmap              [   8.20366] _al_d3d_sync_bitmap (video) ref count == 1
font     D                ttf.c:243  alloc_glyph_region               [   9.20268] Glyph 26: 21x29 (24x32)
font     D                ttf.c:287  alloc_glyph_region               [   9.20280] Locking glyph region: 000001b19dc9bef0 216 0 24 32
font     D                ttf.c:167  unlock_current_page              [   9.20285] Unlocking page: 000001b19dc9bef0
d3d      D          d3d_bmp.cpp:539  _al_d3d_sync_bitmap              [   9.20365] _al_d3d_sync_bitmap (system) ref count == 1
d3d      D          d3d_bmp.cpp:545  _al_d3d_sync_bitmap              [   9.20371] _al_d3d_sync_bitmap (video) ref count == 1
dtor     D               dtor.c:116  _al_run_destructors              [  12.24203] calling dtor for queue 000001b1a371f380, func 00007ffbd904cc4e
dtor     D               dtor.c:227  _al_unregister_destructor        [  12.24211] removed dtor for queue 000001b1a371f380
dtor     D               dtor.c:116  _al_run_destructors              [  12.24219] calling dtor for timer 000001b19dc889a0, func 00007ffbd9060dc2
dtor     D               dtor.c:227  _al_unregister_destructor        [  12.24220] removed dtor for timer 000001b19dc889a0
dtor     D               dtor.c:116  _al_run_destructors              [  12.24222] calling dtor for timer 000001b19dc880b0, func 00007ffbd9060dc2
dtor     D               dtor.c:227  _al_unregister_destructor        [  12.24223] removed dtor for timer 000001b19dc880b0
dtor     D               dtor.c:116  _al_run_destructors              [  12.24225] calling dtor for ttf_font 000001b19dc69960, func 00007ffbd9174170
dtor     D               dtor.c:227  _al_unregister_destructor        [  12.24226] removed dtor for ttf_font 000001b19dc69960
dtor     D               dtor.c:227  _al_unregister_destructor        [  12.24281] removed dtor for sample_instance 000001b19c3f78d0
dtor     D               dtor.c:227  _al_unregister_destructor        [  12.24284] removed dtor for sample_instance 000001b19c3f89a0
dtor     D               dtor.c:227  _al_unregister_destructor        [  12.24286] removed dtor for sample_instance 000001b19c3f8ac0
dtor     D               dtor.c:227  _al_unregister_destructor        [  12.24287] removed dtor for sample_instance 000001b19dbbc7d0
dtor     D               dtor.c:227  _al_unregister_destructor        [  12.24289] removed dtor for sample_instance 000001b19dbbc8f0
dtor     D               dtor.c:227  _al_unregister_destructor        [  12.24290] removed dtor for sample_instance 000001b19dbbca10
dtor     D               dtor.c:227  _al_unregister_destructor        [  12.24292] removed dtor for sample_instance 000001b19dbbcb30
dtor     D               dtor.c:227  _al_unregister_destructor        [  12.24294] removed dtor for sample_instance 000001b19dbbcc50
dtor     D               dtor.c:227  _al_unregister_destructor        [  12.24296] removed dtor for sample_instance 000001b19dbbce80
dtor     D               dtor.c:227  _al_unregister_destructor        [  12.24298] removed dtor for mixer 000001b19c3f7690
audio-dsound D           dsound.cpp:539  _dsound_stop_voice               [  12.24299] Stopping voice
audio-dsound D           dsound.cpp:556  _dsound_stop_voice               [  12.24301] Joining thread
