stdio    D         file_stdio.c:110  file_stdio_fopen                 [   0.00000] opening C:\Users\YU\Downloads\End-of-term\BranchPicio\FUNCTIONS\FIGHT_NEW\bin\Debug\allegro5.cfg r
system   D            wsystem.c:889  _al_win_safe_load_library        [   0.00000] PathFindOnPath found: C:\Windows\system32\shcore.dll
system   D            wsystem.c:795  load_library_at_path             [   0.00000] Calling LoadLibrary C:\Windows\system32\shcore.dll
system   I            wsystem.c:798  load_library_at_path             [   0.00000] Loaded C:\Windows\system32\shcore.dll
system   I             system.c:271  al_install_system                [   0.00000] Allegro version: 5.2.8
audio-dsound I           dsound.cpp:275  _dsound_open                     [   0.00024] Starting DirectSound...
audio-dsound D           dsound.cpp:288  _dsound_open                     [   0.03718] DirectSoundCreate8 succeeded
audio-dsound I           dsound.cpp:77   get_window                       [   0.03726] Using desktop window: 0000000000010010
audio    I              audio.c:391  do_install_audio                 [   0.03746] Using DirectSound driver
audio-dsound D           dsound.cpp:322  _dsound_allocate_voice           [   0.03762] Allocating voice
audio-dsound D           dsound.cpp:381  _dsound_allocate_voice           [   0.03767] Allocated voice
dtor     D               dtor.c:196  _al_register_destructor          [   0.03772] added dtor for voice 0000027e0800c7e0, func 00007fff29a95312
dtor     D               dtor.c:196  _al_register_destructor          [   0.03777] added dtor for mixer 0000027e0800cd30, func 00007fff29a9050f
audio-dsound D           dsound.cpp:477  _dsound_start_voice              [   0.03781] Starting voice
audio-dsound D           dsound.cpp:505  _dsound_start_voice              [   0.03784] CreateSoundBuffer
audio-dsound D           dsound.cpp:513  _dsound_start_voice              [   0.04066] CreateSoundBuffer succeeded
audio-dsound D           dsound.cpp:519  _dsound_start_voice              [   0.04074] Starting _dsound_update thread
audio-dsound I           dsound.cpp:529  _dsound_start_voice              [   0.04086] Voice started
dtor     D               dtor.c:196  _al_register_destructor          [   0.04092] added dtor for sample_instance 0000027e0800d250, func 00007fff29a890dc
audio    D          kcm_mixer.c:121  _al_rechannel_matrix             [   0.04096] sample matrix:
audio    D          kcm_mixer.c:127  _al_rechannel_matrix             [   0.04099] 
audio    D          kcm_mixer.c:127  _al_rechannel_matrix             [   0.04102] 
dtor     D               dtor.c:196  _al_register_destructor          [   0.04106] added dtor for sample_instance 0000027e0800d370, func 00007fff29a890dc
audio    D          kcm_mixer.c:121  _al_rechannel_matrix             [   0.04110] sample matrix:
audio    D          kcm_mixer.c:127  _al_rechannel_matrix             [   0.04113] 
audio    D          kcm_mixer.c:127  _al_rechannel_matrix             [   0.04116] 
dtor     D               dtor.c:196  _al_register_destructor          [   0.04119] added dtor for sample_instance 0000027e0800d490, func 00007fff29a890dc
audio    D          kcm_mixer.c:121  _al_rechannel_matrix             [   0.04123] sample matrix:
audio    D          kcm_mixer.c:127  _al_rechannel_matrix             [   0.04126] 
audio    D          kcm_mixer.c:127  _al_rechannel_matrix             [   0.04129] 
dtor     D               dtor.c:196  _al_register_destructor          [   0.04132] added dtor for sample_instance 0000027e0800d5b0, func 00007fff29a890dc
audio    D          kcm_mixer.c:121  _al_rechannel_matrix             [   0.04135] sample matrix:
audio    D          kcm_mixer.c:127  _al_rechannel_matrix             [   0.04138] 
audio    D          kcm_mixer.c:127  _al_rechannel_matrix             [   0.04141] 
dtor     D               dtor.c:196  _al_register_destructor          [   0.04145] added dtor for sample_instance 0000027e0800d760, func 00007fff29a890dc
audio    D          kcm_mixer.c:121  _al_rechannel_matrix             [   0.04148] sample matrix:
audio    D          kcm_mixer.c:127  _al_rechannel_matrix             [   0.04160] 
audio    D          kcm_mixer.c:127  _al_rechannel_matrix             [   0.04164] 
dtor     D               dtor.c:196  _al_register_destructor          [   0.04167] added dtor for sample_instance 0000027e0800d880, func 00007fff29a890dc
audio    D          kcm_mixer.c:121  _al_rechannel_matrix             [   0.04170] sample matrix:
audio    D          kcm_mixer.c:127  _al_rechannel_matrix             [   0.04173] 
audio    D          kcm_mixer.c:127  _al_rechannel_matrix             [   0.04176] 
dtor     D               dtor.c:196  _al_register_destructor          [   0.04179] added dtor for sample_instance 0000027e0800d9a0, func 00007fff29a890dc
audio    D          kcm_mixer.c:121  _al_rechannel_matrix             [   0.04182] sample matrix:
audio    D          kcm_mixer.c:127  _al_rechannel_matrix             [   0.04185] 
audio    D          kcm_mixer.c:127  _al_rechannel_matrix             [   0.04188] 
dtor     D               dtor.c:196  _al_register_destructor          [   0.04191] added dtor for sample_instance 0000027e0800dac0, func 00007fff29a890dc
audio    D          kcm_mixer.c:121  _al_rechannel_matrix             [   0.04194] sample matrix:
audio    D          kcm_mixer.c:127  _al_rechannel_matrix             [   0.04198] 
audio    D          kcm_mixer.c:127  _al_rechannel_matrix             [   0.04201] 
dtor     D               dtor.c:196  _al_register_destructor          [   0.04205] added dtor for sample_instance 0000027e0800dcf0, func 00007fff29a890dc
audio    D          kcm_mixer.c:121  _al_rechannel_matrix             [   0.04208] sample matrix:
audio    D          kcm_mixer.c:127  _al_rechannel_matrix             [   0.04211] 
audio    D          kcm_mixer.c:127  _al_rechannel_matrix             [   0.04214] 
system   D            wsystem.c:889  _al_win_safe_load_library        [   0.04381] PathFindOnPath found: C:\Windows\system32\d3d9.dll
system   D            wsystem.c:795  load_library_at_path             [   0.04399] Calling LoadLibrary C:\Windows\system32\d3d9.dll
system   I            wsystem.c:798  load_library_at_path             [   0.05293] Loaded C:\Windows\system32\d3d9.dll
d3d      I         d3d_disp.cpp:679  d3d_init_display                 [   0.06909] Render-to-texture: 1
d3d      I         d3d_disp.cpp:1780 d3d_create_display_locked        [   0.07005] faux_fullscreen=0
d3d      D         d3d_disp.cpp:1781 d3d_create_display_locked        [   0.07010] al_display=0000027e09641810
d3d      D         d3d_disp.cpp:1782 d3d_create_display_locked        [   0.07014] al_display->vt=0000027e0800ede0
d3d      I d3d_display_formats.cpp:144  _al_d3d_generate_display_format_list [   0.07190] found 64 format combinations
display  D   display_settings.c:214  debug_display_settings           [   0.07196] color: 32 (rgba 8880), depth: 0, stencil: 0, acc: 0000, samples: 0/0
display  D   display_settings.c:529  _al_score_display_settings       [   0.07201] Score is : 897
display  D   display_settings.c:214  debug_display_settings           [   0.07204] color: 32 (rgba 8880), depth: 0, stencil: 0, acc: 0000, samples: 0/0
display  D   display_settings.c:529  _al_score_display_settings       [   0.07208] Score is : 897
display  D   display_settings.c:214  debug_display_settings           [   0.07211] color: 32 (rgba 8880), depth: 24, stencil: 8, acc: 0000, samples: 0/0
display  D   display_settings.c:529  _al_score_display_settings       [   0.07215] Score is : 897
display  D   display_settings.c:214  debug_display_settings           [   0.07218] color: 32 (rgba 8880), depth: 24, stencil: 8, acc: 0000, samples: 0/0
display  D   display_settings.c:529  _al_score_display_settings       [   0.07221] Score is : 897
display  D   display_settings.c:214  debug_display_settings           [   0.07224] color: 32 (rgba 8880), depth: 24, stencil: 0, acc: 0000, samples: 0/0
display  D   display_settings.c:529  _al_score_display_settings       [   0.07228] Score is : 897
display  D   display_settings.c:214  debug_display_settings           [   0.07324] color: 32 (rgba 8880), depth: 24, stencil: 0, acc: 0000, samples: 0/0
display  D   display_settings.c:529  _al_score_display_settings       [   0.07329] Score is : 897
display  D   display_settings.c:214  debug_display_settings           [   0.07332] color: 32 (rgba 8880), depth: 16, stencil: 0, acc: 0000, samples: 0/0
display  D   display_settings.c:529  _al_score_display_settings       [   0.07335] Score is : 897
display  D   display_settings.c:214  debug_display_settings           [   0.07338] color: 32 (rgba 8880), depth: 16, stencil: 0, acc: 0000, samples: 0/0
display  D   display_settings.c:529  _al_score_display_settings       [   0.07341] Score is : 897
display  D   display_settings.c:214  debug_display_settings           [   0.07344] color: 16 (rgba 5650), depth: 0, stencil: 0, acc: 0000, samples: 0/0
display  D   display_settings.c:529  _al_score_display_settings       [   0.07348] Score is : 897
display  D   display_settings.c:214  debug_display_settings           [   0.07351] color: 16 (rgba 5650), depth: 0, stencil: 0, acc: 0000, samples: 0/0
display  D   display_settings.c:529  _al_score_display_settings       [   0.07354] Score is : 897
display  D   display_settings.c:214  debug_display_settings           [   0.07357] color: 16 (rgba 5650), depth: 24, stencil: 8, acc: 0000, samples: 0/0
display  D   display_settings.c:529  _al_score_display_settings       [   0.07360] Score is : 897
display  D   display_settings.c:214  debug_display_settings           [   0.07363] color: 16 (rgba 5650), depth: 24, stencil: 8, acc: 0000, samples: 0/0
display  D   display_settings.c:529  _al_score_display_settings       [   0.07366] Score is : 897
display  D   display_settings.c:214  debug_display_settings           [   0.07369] color: 16 (rgba 5650), depth: 24, stencil: 0, acc: 0000, samples: 0/0
display  D   display_settings.c:529  _al_score_display_settings       [   0.07373] Score is : 897
display  D   display_settings.c:214  debug_display_settings           [   0.07377] color: 16 (rgba 5650), depth: 24, stencil: 0, acc: 0000, samples: 0/0
display  D   display_settings.c:529  _al_score_display_settings       [   0.07441] Score is : 897
display  D   display_settings.c:214  debug_display_settings           [   0.07447] color: 16 (rgba 5650), depth: 16, stencil: 0, acc: 0000, samples: 0/0
display  D   display_settings.c:529  _al_score_display_settings       [   0.07451] Score is : 897
display  D   display_settings.c:214  debug_display_settings           [   0.07454] color: 16 (rgba 5650), depth: 16, stencil: 0, acc: 0000, samples: 0/0
display  D   display_settings.c:529  _al_score_display_settings       [   0.07458] Score is : 897
display  D   display_settings.c:214  debug_display_settings           [   0.07461] color: 32 (rgba 8880), depth: 0, stencil: 0, acc: 0000, samples: 0/0
display  D   display_settings.c:400  _al_score_display_settings       [   0.07465] Single Buffer requirement not met.
display  D   display_settings.c:214  debug_display_settings           [   0.07469] color: 32 (rgba 8880), depth: 0, stencil: 0, acc: 0000, samples: 0/0
display  D   display_settings.c:400  _al_score_display_settings       [   0.07472] Single Buffer requirement not met.
display  D   display_settings.c:214  debug_display_settings           [   0.07476] color: 32 (rgba 8880), depth: 24, stencil: 8, acc: 0000, samples: 0/0
display  D   display_settings.c:400  _al_score_display_settings       [   0.07479] Single Buffer requirement not met.
display  D   display_settings.c:214  debug_display_settings           [   0.07483] color: 32 (rgba 8880), depth: 24, stencil: 8, acc: 0000, samples: 0/0
display  D   display_settings.c:400  _al_score_display_settings       [   0.07486] Single Buffer requirement not met.
display  D   display_settings.c:214  debug_display_settings           [   0.07520] color: 32 (rgba 8880), depth: 24, stencil: 0, acc: 0000, samples: 0/0
display  D   display_settings.c:400  _al_score_display_settings       [   0.07524] Single Buffer requirement not met.
display  D   display_settings.c:214  debug_display_settings           [   0.07528] color: 32 (rgba 8880), depth: 24, stencil: 0, acc: 0000, samples: 0/0
display  D   display_settings.c:400  _al_score_display_settings       [   0.07532] Single Buffer requirement not met.
display  D   display_settings.c:214  debug_display_settings           [   0.07535] color: 32 (rgba 8880), depth: 16, stencil: 0, acc: 0000, samples: 0/0
display  D   display_settings.c:400  _al_score_display_settings       [   0.07538] Single Buffer requirement not met.
display  D   display_settings.c:214  debug_display_settings           [   0.07541] color: 32 (rgba 8880), depth: 16, stencil: 0, acc: 0000, samples: 0/0
display  D   display_settings.c:400  _al_score_display_settings       [   0.07545] Single Buffer requirement not met.
display  D   display_settings.c:214  debug_display_settings           [   0.07548] color: 16 (rgba 5650), depth: 0, stencil: 0, acc: 0000, samples: 0/0
display  D   display_settings.c:400  _al_score_display_settings       [   0.07551] Single Buffer requirement not met.
display  D   display_settings.c:214  debug_display_settings           [   0.07554] color: 16 (rgba 5650), depth: 0, stencil: 0, acc: 0000, samples: 0/0
display  D   display_settings.c:400  _al_score_display_settings       [   0.07558] Single Buffer requirement not met.
display  D   display_settings.c:214  debug_display_settings           [   0.07561] color: 16 (rgba 5650), depth: 24, stencil: 8, acc: 0000, samples: 0/0
display  D   display_settings.c:400  _al_score_display_settings       [   0.07565] Single Buffer requirement not met.
display  D   display_settings.c:214  debug_display_settings           [   0.07571] color: 16 (rgba 5650), depth: 24, stencil: 8, acc: 0000, samples: 0/0
display  D   display_settings.c:400  _al_score_display_settings       [   0.07580] Single Buffer requirement not met.
display  D   display_settings.c:214  debug_display_settings           [   0.07605] color: 16 (rgba 5650), depth: 24, stencil: 0, acc: 0000, samples: 0/0
display  D   display_settings.c:400  _al_score_display_settings       [   0.07642] Single Buffer requirement not met.
display  D   display_settings.c:214  debug_display_settings           [   0.07655] color: 16 (rgba 5650), depth: 24, stencil: 0, acc: 0000, samples: 0/0
display  D   display_settings.c:400  _al_score_display_settings       [   0.07667] Single Buffer requirement not met.
display  D   display_settings.c:214  debug_display_settings           [   0.07678] color: 16 (rgba 5650), depth: 16, stencil: 0, acc: 0000, samples: 0/0
display  D   display_settings.c:400  _al_score_display_settings       [   0.07688] Single Buffer requirement not met.
display  D   display_settings.c:214  debug_display_settings           [   0.07698] color: 16 (rgba 5650), depth: 16, stencil: 0, acc: 0000, samples: 0/0
display  D   display_settings.c:400  _al_score_display_settings       [   0.07708] Single Buffer requirement not met.
display  D   display_settings.c:214  debug_display_settings           [   0.07724] color: 32 (rgba 8880), depth: 0, stencil: 0, acc: 0000, samples: 0/0
display  D   display_settings.c:529  _al_score_display_settings       [   0.07733] Score is : 769
display  D   display_settings.c:214  debug_display_settings           [   0.07739] color: 32 (rgba 8880), depth: 0, stencil: 0, acc: 0000, samples: 0/0
display  D   display_settings.c:529  _al_score_display_settings       [   0.07746] Score is : 769
display  D   display_settings.c:214  debug_display_settings           [   0.07752] color: 32 (rgba 8880), depth: 24, stencil: 8, acc: 0000, samples: 0/0
display  D   display_settings.c:529  _al_score_display_settings       [   0.07758] Score is : 769
display  D   display_settings.c:214  debug_display_settings           [   0.07765] color: 32 (rgba 8880), depth: 24, stencil: 8, acc: 0000, samples: 0/0
display  D   display_settings.c:529  _al_score_display_settings       [   0.07771] Score is : 769
display  D   display_settings.c:214  debug_display_settings           [   0.07778] color: 32 (rgba 8880), depth: 24, stencil: 0, acc: 0000, samples: 0/0
display  D   display_settings.c:529  _al_score_display_settings       [   0.07807] Score is : 769
display  D   display_settings.c:214  debug_display_settings           [   0.07816] color: 32 (rgba 8880), depth: 24, stencil: 0, acc: 0000, samples: 0/0
display  D   display_settings.c:529  _al_score_display_settings       [   0.07824] Score is : 769
display  D   display_settings.c:214  debug_display_settings           [   0.07830] color: 32 (rgba 8880), depth: 16, stencil: 0, acc: 0000, samples: 0/0
display  D   display_settings.c:529  _al_score_display_settings       [   0.07836] Score is : 769
display  D   display_settings.c:214  debug_display_settings           [   0.07841] color: 32 (rgba 8880), depth: 16, stencil: 0, acc: 0000, samples: 0/0
display  D   display_settings.c:529  _al_score_display_settings       [   0.07847] Score is : 769
display  D   display_settings.c:214  debug_display_settings           [   0.07853] color: 16 (rgba 5650), depth: 0, stencil: 0, acc: 0000, samples: 0/0
display  D   display_settings.c:529  _al_score_display_settings       [   0.07859] Score is : 769
display  D   display_settings.c:214  debug_display_settings           [   0.07866] color: 16 (rgba 5650), depth: 0, stencil: 0, acc: 0000, samples: 0/0
display  D   display_settings.c:529  _al_score_display_settings       [   0.07872] Score is : 769
display  D   display_settings.c:214  debug_display_settings           [   0.07878] color: 16 (rgba 5650), depth: 24, stencil: 8, acc: 0000, samples: 0/0
display  D   display_settings.c:529  _al_score_display_settings       [   0.07885] Score is : 769
display  D   display_settings.c:214  debug_display_settings           [   0.07890] color: 16 (rgba 5650), depth: 24, stencil: 8, acc: 0000, samples: 0/0
display  D   display_settings.c:529  _al_score_display_settings       [   0.07897] Score is : 769
display  D   display_settings.c:214  debug_display_settings           [   0.07903] color: 16 (rgba 5650), depth: 24, stencil: 0, acc: 0000, samples: 0/0
display  D   display_settings.c:529  _al_score_display_settings       [   0.07909] Score is : 769
display  D   display_settings.c:214  debug_display_settings           [   0.07914] color: 16 (rgba 5650), depth: 24, stencil: 0, acc: 0000, samples: 0/0
display  D   display_settings.c:529  _al_score_display_settings       [   0.07921] Score is : 769
display  D   display_settings.c:214  debug_display_settings           [   0.07929] color: 16 (rgba 5650), depth: 16, stencil: 0, acc: 0000, samples: 0/0
display  D   display_settings.c:529  _al_score_display_settings       [   0.07941] Score is : 769
display  D   display_settings.c:214  debug_display_settings           [   0.07959] color: 16 (rgba 5650), depth: 16, stencil: 0, acc: 0000, samples: 0/0
display  D   display_settings.c:529  _al_score_display_settings       [   0.07976] Score is : 769
display  D   display_settings.c:214  debug_display_settings           [   0.07992] color: 32 (rgba 8880), depth: 0, stencil: 0, acc: 0000, samples: 0/0
display  D   display_settings.c:400  _al_score_display_settings       [   0.08003] Single Buffer requirement not met.
display  D   display_settings.c:214  debug_display_settings           [   0.08011] color: 32 (rgba 8880), depth: 0, stencil: 0, acc: 0000, samples: 0/0
display  D   display_settings.c:400  _al_score_display_settings       [   0.08017] Single Buffer requirement not met.
display  D   display_settings.c:214  debug_display_settings           [   0.08024] color: 32 (rgba 8880), depth: 24, stencil: 8, acc: 0000, samples: 0/0
display  D   display_settings.c:400  _al_score_display_settings       [   0.08031] Single Buffer requirement not met.
display  D   display_settings.c:214  debug_display_settings           [   0.08037] color: 32 (rgba 8880), depth: 24, stencil: 8, acc: 0000, samples: 0/0
display  D   display_settings.c:400  _al_score_display_settings       [   0.08043] Single Buffer requirement not met.
display  D   display_settings.c:214  debug_display_settings           [   0.08085] color: 32 (rgba 8880), depth: 24, stencil: 0, acc: 0000, samples: 0/0
display  D   display_settings.c:400  _al_score_display_settings       [   0.08096] Single Buffer requirement not met.
display  D   display_settings.c:214  debug_display_settings           [   0.08102] color: 32 (rgba 8880), depth: 24, stencil: 0, acc: 0000, samples: 0/0
display  D   display_settings.c:400  _al_score_display_settings       [   0.08109] Single Buffer requirement not met.
display  D   display_settings.c:214  debug_display_settings           [   0.08115] color: 32 (rgba 8880), depth: 16, stencil: 0, acc: 0000, samples: 0/0
display  D   display_settings.c:400  _al_score_display_settings       [   0.08122] Single Buffer requirement not met.
display  D   display_settings.c:214  debug_display_settings           [   0.08126] color: 32 (rgba 8880), depth: 16, stencil: 0, acc: 0000, samples: 0/0
display  D   display_settings.c:400  _al_score_display_settings       [   0.08132] Single Buffer requirement not met.
display  D   display_settings.c:214  debug_display_settings           [   0.08137] color: 16 (rgba 5650), depth: 0, stencil: 0, acc: 0000, samples: 0/0
display  D   display_settings.c:400  _al_score_display_settings       [   0.08142] Single Buffer requirement not met.
display  D   display_settings.c:214  debug_display_settings           [   0.08147] color: 16 (rgba 5650), depth: 0, stencil: 0, acc: 0000, samples: 0/0
display  D   display_settings.c:400  _al_score_display_settings       [   0.08153] Single Buffer requirement not met.
display  D   display_settings.c:214  debug_display_settings           [   0.08157] color: 16 (rgba 5650), depth: 24, stencil: 8, acc: 0000, samples: 0/0
display  D   display_settings.c:400  _al_score_display_settings       [   0.08161] Single Buffer requirement not met.
display  D   display_settings.c:214  debug_display_settings           [   0.08165] color: 16 (rgba 5650), depth: 24, stencil: 8, acc: 0000, samples: 0/0
display  D   display_settings.c:400  _al_score_display_settings       [   0.08168] Single Buffer requirement not met.
display  D   display_settings.c:214  debug_display_settings           [   0.08171] color: 16 (rgba 5650), depth: 24, stencil: 0, acc: 0000, samples: 0/0
display  D   display_settings.c:400  _al_score_display_settings       [   0.08175] Single Buffer requirement not met.
display  D   display_settings.c:214  debug_display_settings           [   0.08178] color: 16 (rgba 5650), depth: 24, stencil: 0, acc: 0000, samples: 0/0
display  D   display_settings.c:400  _al_score_display_settings       [   0.08183] Single Buffer requirement not met.
display  D   display_settings.c:214  debug_display_settings           [   0.08188] color: 16 (rgba 5650), depth: 16, stencil: 0, acc: 0000, samples: 0/0
display  D   display_settings.c:400  _al_score_display_settings       [   0.08193] Single Buffer requirement not met.
display  D   display_settings.c:214  debug_display_settings           [   0.08197] color: 16 (rgba 5650), depth: 16, stencil: 0, acc: 0000, samples: 0/0
display  D   display_settings.c:400  _al_score_display_settings       [   0.08200] Single Buffer requirement not met.
d3d      D         d3d_disp.cpp:1677 d3d_create_display_internals     [   0.08205] Trying format 0.
d3d      I         d3d_disp.cpp:1353 d3d_display_thread_proc          [   0.08249] Chose a display format: 23
d3d      I         d3d_disp.cpp:1422 d3d_display_thread_proc          [   0.08256] Normal window.
d3d      I         d3d_disp.cpp:786  d3d_create_device                [   0.11742] Using no depth stencil buffer
d3d      D         d3d_disp.cpp:848  d3d_create_device                [   0.13343] BeginScene succeeded in create_device
d3d      D         d3d_disp.cpp:856  d3d_create_device                [   0.13367] Success
d3d      D         d3d_disp.cpp:1703 d3d_create_display_internals     [   0.13379] Resumed after wait.
d3d      I         d3d_disp.cpp:1736 d3d_create_display_internals     [   0.13402] Format 0 succeeded.
d3d      D         d3d_disp.cpp:1767 d3d_create_display_internals     [   0.13439] Returning d3d_display: 0000027e09641810
d3d      D         d3d_disp.cpp:1792 d3d_create_display_locked        [   0.13451] al_display=0000027e09641810
d3d      D         d3d_disp.cpp:1793 d3d_create_display_locked        [   0.13460] al_display->vt=0000027e0800ede0
system   D            wsystem.c:889  _al_win_safe_load_library        [   0.13591] PathFindOnPath found: C:\Windows\system32\d3dx9_43.dll
system   D            wsystem.c:795  load_library_at_path             [   0.13608] Calling LoadLibrary C:\Windows\system32\d3dx9_43.dll
system   I            wsystem.c:798  load_library_at_path             [   0.15529] Loaded C:\Windows\system32\d3dx9_43.dll
d3dx9    I        d3d_d3dx9.cpp:88   _imp_load_d3dx9_module_version   [   0.15539] Module "d3dx9_43.dll" loaded.
stdio    D         file_stdio.c:110  file_stdio_fopen                 [   0.15551] opening ./assets/freakinghigh.png rb
stdio    D         file_stdio.c:110  file_stdio_fopen                 [   0.15582] opening ./assets/freakinghigh.png rb
d3d      D         d3d_disp.cpp:1197 real_choose_bitmap_format        [   0.15609] Fake format
d3d      D         d3d_disp.cpp:1197 real_choose_bitmap_format        [   0.15615] Fake format
d3d      D         d3d_disp.cpp:1197 real_choose_bitmap_format        [   0.15618] Fake format
d3d      D         d3d_disp.cpp:1197 real_choose_bitmap_format        [   0.15621] Fake format
d3d      D         d3d_disp.cpp:1197 real_choose_bitmap_format        [   0.15624] Fake format
d3d      D         d3d_disp.cpp:1197 real_choose_bitmap_format        [   0.15627] Fake format
d3d      D         d3d_disp.cpp:1197 real_choose_bitmap_format        [   0.15630] Fake format
d3d      D         d3d_disp.cpp:1197 real_choose_bitmap_format        [   0.15633] Fake format
d3d      D         d3d_disp.cpp:1197 real_choose_bitmap_format        [   0.15636] Fake format
d3d      D         d3d_disp.cpp:1205 real_choose_bitmap_format        [   0.15639] Alpha doesn't match
d3d      D         d3d_disp.cpp:1212 real_choose_bitmap_format        [   0.15642] Adapter format is 23
d3d      D         d3d_disp.cpp:1215 real_choose_bitmap_format        [   0.15645] Found a format
d3d      I         d3d_disp.cpp:2388 d3d_create_bitmap                [   0.15649] Chose bitmap format 9
dtor     D               dtor.c:196  _al_register_destructor          [   0.15687] added dtor for bitmap 0000027e09697d40, func 00007fff29931bf8
stdio    D         file_stdio.c:110  file_stdio_fopen                 [   0.36825] opening ./assets/belt.png rb
stdio    D         file_stdio.c:110  file_stdio_fopen                 [   0.36845] opening ./assets/belt.png rb
d3d      D         d3d_disp.cpp:1197 real_choose_bitmap_format        [   0.36856] Fake format
d3d      D         d3d_disp.cpp:1197 real_choose_bitmap_format        [   0.36858] Fake format
d3d      D         d3d_disp.cpp:1197 real_choose_bitmap_format        [   0.36860] Fake format
d3d      D         d3d_disp.cpp:1197 real_choose_bitmap_format        [   0.36862] Fake format
d3d      D         d3d_disp.cpp:1197 real_choose_bitmap_format        [   0.36864] Fake format
d3d      D         d3d_disp.cpp:1197 real_choose_bitmap_format        [   0.36866] Fake format
d3d      D         d3d_disp.cpp:1197 real_choose_bitmap_format        [   0.36868] Fake format
d3d      D         d3d_disp.cpp:1197 real_choose_bitmap_format        [   0.36869] Fake format
d3d      D         d3d_disp.cpp:1197 real_choose_bitmap_format        [   0.36871] Fake format
d3d      D         d3d_disp.cpp:1205 real_choose_bitmap_format        [   0.36873] Alpha doesn't match
d3d      D         d3d_disp.cpp:1212 real_choose_bitmap_format        [   0.36875] Adapter format is 23
d3d      D         d3d_disp.cpp:1215 real_choose_bitmap_format        [   0.36877] Found a format
d3d      I         d3d_disp.cpp:2388 d3d_create_bitmap                [   0.36878] Chose bitmap format 9
dtor     D               dtor.c:196  _al_register_destructor          [   0.36898] added dtor for bitmap 0000027e09699430, func 00007fff29931bf8
stdio    D         file_stdio.c:110  file_stdio_fopen                 [   0.38420] opening ./assets/duck.png rb
stdio    D         file_stdio.c:110  file_stdio_fopen                 [   0.38440] opening ./assets/duck.png rb
d3d      D         d3d_disp.cpp:1197 real_choose_bitmap_format        [   0.38451] Fake format
d3d      D         d3d_disp.cpp:1197 real_choose_bitmap_format        [   0.38453] Fake format
d3d      D         d3d_disp.cpp:1197 real_choose_bitmap_format        [   0.38455] Fake format
d3d      D         d3d_disp.cpp:1197 real_choose_bitmap_format        [   0.38457] Fake format
d3d      D         d3d_disp.cpp:1197 real_choose_bitmap_format        [   0.38459] Fake format
d3d      D         d3d_disp.cpp:1197 real_choose_bitmap_format        [   0.38461] Fake format
d3d      D         d3d_disp.cpp:1197 real_choose_bitmap_format        [   0.38463] Fake format
d3d      D         d3d_disp.cpp:1197 real_choose_bitmap_format        [   0.38464] Fake format
d3d      D         d3d_disp.cpp:1197 real_choose_bitmap_format        [   0.38466] Fake format
d3d      D         d3d_disp.cpp:1205 real_choose_bitmap_format        [   0.38468] Alpha doesn't match
d3d      D         d3d_disp.cpp:1212 real_choose_bitmap_format        [   0.38470] Adapter format is 23
d3d      D         d3d_disp.cpp:1215 real_choose_bitmap_format        [   0.38472] Found a format
d3d      I         d3d_disp.cpp:2388 d3d_create_bitmap                [   0.38474] Chose bitmap format 9
dtor     D               dtor.c:196  _al_register_destructor          [   0.38497] added dtor for bitmap 0000027e096995f0, func 00007fff29931bf8
stdio    D         file_stdio.c:110  file_stdio_fopen                 [   0.46028] opening ./assets/death.png rb
stdio    D         file_stdio.c:110  file_stdio_fopen                 [   0.46048] opening ./assets/death.png rb
d3d      D         d3d_disp.cpp:1197 real_choose_bitmap_format        [   0.46059] Fake format
d3d      D         d3d_disp.cpp:1197 real_choose_bitmap_format        [   0.46062] Fake format
d3d      D         d3d_disp.cpp:1197 real_choose_bitmap_format        [   0.46064] Fake format
d3d      D         d3d_disp.cpp:1197 real_choose_bitmap_format        [   0.46066] Fake format
d3d      D         d3d_disp.cpp:1197 real_choose_bitmap_format        [   0.46067] Fake format
d3d      D         d3d_disp.cpp:1197 real_choose_bitmap_format        [   0.46069] Fake format
d3d      D         d3d_disp.cpp:1197 real_choose_bitmap_format        [   0.46071] Fake format
d3d      D         d3d_disp.cpp:1197 real_choose_bitmap_format        [   0.46073] Fake format
d3d      D         d3d_disp.cpp:1197 real_choose_bitmap_format        [   0.46075] Fake format
d3d      D         d3d_disp.cpp:1205 real_choose_bitmap_format        [   0.46076] Alpha doesn't match
d3d      D         d3d_disp.cpp:1212 real_choose_bitmap_format        [   0.46078] Adapter format is 23
d3d      D         d3d_disp.cpp:1215 real_choose_bitmap_format        [   0.46080] Found a format
d3d      I         d3d_disp.cpp:2388 d3d_create_bitmap                [   0.46082] Chose bitmap format 9
dtor     D               dtor.c:196  _al_register_destructor          [   0.46103] added dtor for bitmap 0000027e09694ec0, func 00007fff29931bf8
stdio    D         file_stdio.c:110  file_stdio_fopen                 [   0.53463] opening ./assets/saw.png rb
stdio    D         file_stdio.c:110  file_stdio_fopen                 [   0.53481] opening ./assets/saw.png rb
d3d      D         d3d_disp.cpp:1197 real_choose_bitmap_format        [   0.53491] Fake format
d3d      D         d3d_disp.cpp:1197 real_choose_bitmap_format        [   0.53494] Fake format
d3d      D         d3d_disp.cpp:1197 real_choose_bitmap_format        [   0.53496] Fake format
d3d      D         d3d_disp.cpp:1197 real_choose_bitmap_format        [   0.53498] Fake format
d3d      D         d3d_disp.cpp:1197 real_choose_bitmap_format        [   0.53499] Fake format
d3d      D         d3d_disp.cpp:1197 real_choose_bitmap_format        [   0.53502] Fake format
d3d      D         d3d_disp.cpp:1197 real_choose_bitmap_format        [   0.53504] Fake format
d3d      D         d3d_disp.cpp:1197 real_choose_bitmap_format        [   0.53506] Fake format
d3d      D         d3d_disp.cpp:1197 real_choose_bitmap_format        [   0.53508] Fake format
d3d      D         d3d_disp.cpp:1205 real_choose_bitmap_format        [   0.53509] Alpha doesn't match
d3d      D         d3d_disp.cpp:1212 real_choose_bitmap_format        [   0.53511] Adapter format is 23
d3d      D         d3d_disp.cpp:1215 real_choose_bitmap_format        [   0.53513] Found a format
d3d      I         d3d_disp.cpp:2388 d3d_create_bitmap                [   0.53515] Chose bitmap format 9
dtor     D               dtor.c:196  _al_register_destructor          [   0.53541] added dtor for bitmap 0000027e09694c60, func 00007fff29931bf8
stdio    D         file_stdio.c:110  file_stdio_fopen                 [   0.63950] opening ./assets/layer.png rb
stdio    D         file_stdio.c:110  file_stdio_fopen                 [   0.63970] opening ./assets/layer.png rb
d3d      D         d3d_disp.cpp:1197 real_choose_bitmap_format        [   0.63981] Fake format
d3d      D         d3d_disp.cpp:1197 real_choose_bitmap_format        [   0.63983] Fake format
d3d      D         d3d_disp.cpp:1197 real_choose_bitmap_format        [   0.63985] Fake format
d3d      D         d3d_disp.cpp:1197 real_choose_bitmap_format        [   0.63987] Fake format
d3d      D         d3d_disp.cpp:1197 real_choose_bitmap_format        [   0.63989] Fake format
d3d      D         d3d_disp.cpp:1197 real_choose_bitmap_format        [   0.63991] Fake format
d3d      D         d3d_disp.cpp:1197 real_choose_bitmap_format        [   0.63992] Fake format
d3d      D         d3d_disp.cpp:1197 real_choose_bitmap_format        [   0.63994] Fake format
d3d      D         d3d_disp.cpp:1197 real_choose_bitmap_format        [   0.63996] Fake format
d3d      D         d3d_disp.cpp:1205 real_choose_bitmap_format        [   0.63998] Alpha doesn't match
d3d      D         d3d_disp.cpp:1212 real_choose_bitmap_format        [   0.64000] Adapter format is 23
d3d      D         d3d_disp.cpp:1215 real_choose_bitmap_format        [   0.64002] Found a format
d3d      I         d3d_disp.cpp:2388 d3d_create_bitmap                [   0.64004] Chose bitmap format 9
dtor     D               dtor.c:196  _al_register_destructor          [   0.64023] added dtor for bitmap 0000027e09696f00, func 00007fff29931bf8
stdio    D         file_stdio.c:110  file_stdio_fopen                 [   0.66227] opening ./assets/life.png rb
stdio    D         file_stdio.c:110  file_stdio_fopen                 [   0.66248] opening ./assets/life.png rb
d3d      D         d3d_disp.cpp:1197 real_choose_bitmap_format        [   0.66257] Fake format
d3d      D         d3d_disp.cpp:1197 real_choose_bitmap_format        [   0.66260] Fake format
d3d      D         d3d_disp.cpp:1197 real_choose_bitmap_format        [   0.66262] Fake format
d3d      D         d3d_disp.cpp:1197 real_choose_bitmap_format        [   0.66263] Fake format
d3d      D         d3d_disp.cpp:1197 real_choose_bitmap_format        [   0.66265] Fake format
d3d      D         d3d_disp.cpp:1197 real_choose_bitmap_format        [   0.66267] Fake format
d3d      D         d3d_disp.cpp:1197 real_choose_bitmap_format        [   0.66269] Fake format
d3d      D         d3d_disp.cpp:1197 real_choose_bitmap_format        [   0.66271] Fake format
d3d      D         d3d_disp.cpp:1197 real_choose_bitmap_format        [   0.66272] Fake format
d3d      D         d3d_disp.cpp:1205 real_choose_bitmap_format        [   0.66274] Alpha doesn't match
d3d      D         d3d_disp.cpp:1212 real_choose_bitmap_format        [   0.66276] Adapter format is 23
d3d      D         d3d_disp.cpp:1215 real_choose_bitmap_format        [   0.66278] Found a format
d3d      I         d3d_disp.cpp:2388 d3d_create_bitmap                [   0.66280] Chose bitmap format 9
dtor     D               dtor.c:196  _al_register_destructor          [   0.66301] added dtor for bitmap 0000027e096941a0, func 00007fff29931bf8
dtor     D               dtor.c:196  _al_register_destructor          [   0.69401] added dtor for timer 0000027e096997b0, func 00007fff29970dc2
dtor     D               dtor.c:196  _al_register_destructor          [   0.69407] added dtor for timer 0000027e0968e760, func 00007fff29970dc2
dtor     D               dtor.c:196  _al_register_destructor          [   0.69409] added dtor for timer 0000027e0968eb90, func 00007fff29970dc2
dtor     D               dtor.c:196  _al_register_destructor          [   0.69414] added dtor for timer 0000027e09694b70, func 00007fff29970dc2
dtor     D               dtor.c:196  _al_register_destructor          [   0.69417] added dtor for queue 0000027e0968ec40, func 00007fff2995cc4e
dtor     D               dtor.c:196  _al_register_destructor          [   0.69419] added dtor for timer 0000027e09698f10, func 00007fff29970dc2
dtor     D               dtor.c:196  _al_register_destructor          [   0.69421] added dtor for timer 0000027e096978d0, func 00007fff29970dc2
dtor     D               dtor.c:196  _al_register_destructor          [   0.69423] added dtor for timer 0000027e09697980, func 00007fff29970dc2
dtor     D               dtor.c:196  _al_register_destructor          [   0.69425] added dtor for timer 0000027e09697a30, func 00007fff29970dc2
d3d      D          d3d_bmp.cpp:539  _al_d3d_sync_bitmap              [   0.73537] _al_d3d_sync_bitmap (system) ref count == 1
d3d      D          d3d_bmp.cpp:545  _al_d3d_sync_bitmap              [   0.73562] _al_d3d_sync_bitmap (video) ref count == 1
d3d      D          d3d_bmp.cpp:539  _al_d3d_sync_bitmap              [   0.74849] _al_d3d_sync_bitmap (system) ref count == 1
d3d      D          d3d_bmp.cpp:545  _al_d3d_sync_bitmap              [   0.74856] _al_d3d_sync_bitmap (video) ref count == 1
d3d      D          d3d_bmp.cpp:539  _al_d3d_sync_bitmap              [   0.74982] _al_d3d_sync_bitmap (system) ref count == 1
d3d      D          d3d_bmp.cpp:545  _al_d3d_sync_bitmap              [   0.74988] _al_d3d_sync_bitmap (video) ref count == 1
d3d      D          d3d_bmp.cpp:539  _al_d3d_sync_bitmap              [   0.76158] _al_d3d_sync_bitmap (system) ref count == 1
d3d      D          d3d_bmp.cpp:545  _al_d3d_sync_bitmap              [   0.76165] _al_d3d_sync_bitmap (video) ref count == 1
d3d      D          d3d_bmp.cpp:539  _al_d3d_sync_bitmap              [   0.76430] _al_d3d_sync_bitmap (system) ref count == 1
d3d      D          d3d_bmp.cpp:545  _al_d3d_sync_bitmap              [   0.76437] _al_d3d_sync_bitmap (video) ref count == 1
d3d      D          d3d_bmp.cpp:539  _al_d3d_sync_bitmap              [   0.77198] _al_d3d_sync_bitmap (system) ref count == 1
d3d      D          d3d_bmp.cpp:545  _al_d3d_sync_bitmap              [   0.77209] _al_d3d_sync_bitmap (video) ref count == 1
d3d      D          d3d_bmp.cpp:539  _al_d3d_sync_bitmap              [   0.77464] _al_d3d_sync_bitmap (system) ref count == 1
d3d      D          d3d_bmp.cpp:545  _al_d3d_sync_bitmap              [   0.77475] _al_d3d_sync_bitmap (video) ref count == 1
