stdio    D         file_stdio.c:110  file_stdio_fopen                 [   0.00000] opening C:\Users\lidinglun\Desktop\SexyBanana\Combine\bin\Debug\allegro5.cfg r
system   D            wsystem.c:889  _al_win_safe_load_library        [   0.00000] PathFindOnPath found: C:\Windows\system32\shcore.dll
system   D            wsystem.c:795  load_library_at_path             [   0.00000] Calling LoadLibrary C:\Windows\system32\shcore.dll
system   I            wsystem.c:798  load_library_at_path             [   0.00000] Loaded C:\Windows\system32\shcore.dll
system   I             system.c:271  al_install_system                [   0.00000] Allegro version: 5.2.8
audio-dsound I           dsound.cpp:275  _dsound_open                     [   0.00023] Starting DirectSound...
audio-dsound D           dsound.cpp:288  _dsound_open                     [   0.01416] DirectSoundCreate8 succeeded
audio-dsound I           dsound.cpp:77   get_window                       [   0.01423] Using desktop window: 0000000000010010
audio    I              audio.c:391  do_install_audio                 [   0.01430] Using DirectSound driver
audio-dsound D           dsound.cpp:322  _dsound_allocate_voice           [   0.01458] Allocating voice
audio-dsound D           dsound.cpp:381  _dsound_allocate_voice           [   0.01461] Allocated voice
dtor     D               dtor.c:196  _al_register_destructor          [   0.01463] added dtor for voice 000002108fcc3f70, func 00007ff8e0095312
dtor     D               dtor.c:196  _al_register_destructor          [   0.01466] added dtor for mixer 000002108e327650, func 00007ff8e009050f
audio-dsound D           dsound.cpp:477  _dsound_start_voice              [   0.01468] Starting voice
audio-dsound D           dsound.cpp:505  _dsound_start_voice              [   0.01470] CreateSoundBuffer
audio-dsound D           dsound.cpp:513  _dsound_start_voice              [   0.01567] CreateSoundBuffer succeeded
audio-dsound D           dsound.cpp:519  _dsound_start_voice              [   0.01572] Starting _dsound_update thread
audio-dsound I           dsound.cpp:529  _dsound_start_voice              [   0.01579] Voice started
dtor     D               dtor.c:196  _al_register_destructor          [   0.01582] added dtor for sample_instance 000002108e3278c0, func 00007ff8e00890dc
audio    D          kcm_mixer.c:121  _al_rechannel_matrix             [   0.01590] sample matrix:
audio    D          kcm_mixer.c:127  _al_rechannel_matrix             [   0.01592] 
audio    D          kcm_mixer.c:127  _al_rechannel_matrix             [   0.01595] 
dtor     D               dtor.c:196  _al_register_destructor          [   0.01598] added dtor for sample_instance 000002108e3289c0, func 00007ff8e00890dc
audio    D          kcm_mixer.c:121  _al_rechannel_matrix             [   0.01623] sample matrix:
audio    D          kcm_mixer.c:127  _al_rechannel_matrix             [   0.01625] 
audio    D          kcm_mixer.c:127  _al_rechannel_matrix             [   0.01627] 
dtor     D               dtor.c:196  _al_register_destructor          [   0.01630] added dtor for sample_instance 000002108e328ae0, func 00007ff8e00890dc
audio    D          kcm_mixer.c:121  _al_rechannel_matrix             [   0.01632] sample matrix:
audio    D          kcm_mixer.c:127  _al_rechannel_matrix             [   0.01634] 
audio    D          kcm_mixer.c:127  _al_rechannel_matrix             [   0.01636] 
dtor     D               dtor.c:196  _al_register_destructor          [   0.01638] added dtor for sample_instance 000002108fccbfe0, func 00007ff8e00890dc
audio    D          kcm_mixer.c:121  _al_rechannel_matrix             [   0.01641] sample matrix:
audio    D          kcm_mixer.c:127  _al_rechannel_matrix             [   0.01643] 
audio    D          kcm_mixer.c:127  _al_rechannel_matrix             [   0.01645] 
dtor     D               dtor.c:196  _al_register_destructor          [   0.01647] added dtor for sample_instance 000002108fccc100, func 00007ff8e00890dc
audio    D          kcm_mixer.c:121  _al_rechannel_matrix             [   0.01649] sample matrix:
audio    D          kcm_mixer.c:127  _al_rechannel_matrix             [   0.01655] 
audio    D          kcm_mixer.c:127  _al_rechannel_matrix             [   0.01658] 
dtor     D               dtor.c:196  _al_register_destructor          [   0.01660] added dtor for sample_instance 000002108fccca30, func 00007ff8e00890dc
audio    D          kcm_mixer.c:121  _al_rechannel_matrix             [   0.01662] sample matrix:
audio    D          kcm_mixer.c:127  _al_rechannel_matrix             [   0.01664] 
audio    D          kcm_mixer.c:127  _al_rechannel_matrix             [   0.01666] 
dtor     D               dtor.c:196  _al_register_destructor          [   0.01668] added dtor for sample_instance 000002108fcccb50, func 00007ff8e00890dc
audio    D          kcm_mixer.c:121  _al_rechannel_matrix             [   0.01670] sample matrix:
audio    D          kcm_mixer.c:127  _al_rechannel_matrix             [   0.01672] 
audio    D          kcm_mixer.c:127  _al_rechannel_matrix             [   0.01674] 
dtor     D               dtor.c:196  _al_register_destructor          [   0.01676] added dtor for sample_instance 000002108fcccc70, func 00007ff8e00890dc
audio    D          kcm_mixer.c:121  _al_rechannel_matrix             [   0.01679] sample matrix:
audio    D          kcm_mixer.c:127  _al_rechannel_matrix             [   0.01681] 
audio    D          kcm_mixer.c:127  _al_rechannel_matrix             [   0.01683] 
dtor     D               dtor.c:196  _al_register_destructor          [   0.01685] added dtor for sample_instance 000002108fcccea0, func 00007ff8e00890dc
audio    D          kcm_mixer.c:121  _al_rechannel_matrix             [   0.01687] sample matrix:
audio    D          kcm_mixer.c:127  _al_rechannel_matrix             [   0.01689] 
audio    D          kcm_mixer.c:127  _al_rechannel_matrix             [   0.01691] 
dtor     D               dtor.c:196  _al_register_destructor          [   0.01883] added dtor for queue 000002108e32edc0, func 00007ff8dff5cc4e
stdio    D         file_stdio.c:110  file_stdio_fopen                 [   0.01891] opening ./assets/arial.ttf rb
font     D                ttf.c:973  al_load_ttf_font_stretch_f       [   0.01944] Font ./assets/arial.ttf loaded with pixel size 0 x 27.
font     D                ttf.c:975  al_load_ttf_font_stretch_f       [   0.01947]     ascent=25.0, descent=-6.0, height=31.0
dtor     D               dtor.c:196  _al_register_destructor          [   0.01950] added dtor for ttf_font 000002108e328840, func 00007ff8e0084170
stdio    D         file_stdio.c:110  file_stdio_fopen                 [   0.01954] opening ./assets/thumbnail.jpg rb
stdio    D         file_stdio.c:110  file_stdio_fopen                 [   0.01967] opening ./assets/thumbnail.jpg rb
dtor     D               dtor.c:196  _al_register_destructor          [   0.01986] added dtor for bitmap 000002108fcf6dd0, func 00007ff8dff31bf8
stdio    D         file_stdio.c:110  file_stdio_fopen                 [   0.02383] opening ./assets/icon.jpg rb
stdio    D         file_stdio.c:110  file_stdio_fopen                 [   0.02399] opening ./assets/icon.jpg rb
dtor     D               dtor.c:196  _al_register_destructor          [   0.02412] added dtor for bitmap 000002108fcf7690, func 00007ff8dff31bf8
stdio    D         file_stdio.c:110  file_stdio_fopen                 [   0.34374] opening ./assets/Quack.wav rb
stdio    D         file_stdio.c:110  file_stdio_fopen                 [   0.34393] opening ./assets/Quack.wav rb
wav      I                wav.c:124  wav_open                         [   0.34399] Ignoring chunk: LIST
wav      E                wav.c:121  wav_open                         [   0.34403] Bad RIFF type.
dtor     D               dtor.c:196  _al_register_destructor          [   0.34406] added dtor for sample 000002108fceb7d0, func 00007ff8e0091b08
system   D            wsystem.c:889  _al_win_safe_load_library        [   0.34448] PathFindOnPath found: C:\Windows\system32\d3d9.dll
system   D            wsystem.c:795  load_library_at_path             [   0.34451] Calling LoadLibrary C:\Windows\system32\d3d9.dll
system   I            wsystem.c:798  load_library_at_path             [   0.34681] Loaded C:\Windows\system32\d3d9.dll
d3d      I         d3d_disp.cpp:679  d3d_init_display                 [   0.35212] Render-to-texture: 1
d3d      I         d3d_disp.cpp:1780 d3d_create_display_locked        [   0.35284] faux_fullscreen=0
d3d      D         d3d_disp.cpp:1781 d3d_create_display_locked        [   0.35289] al_display=000002108fcf6f90
d3d      D         d3d_disp.cpp:1782 d3d_create_display_locked        [   0.35291] al_display->vt=000002108fd37dc0
d3d      I d3d_display_formats.cpp:144  _al_d3d_generate_display_format_list [   0.35482] found 80 format combinations
display  D   display_settings.c:214  debug_display_settings           [   0.35489] color: 32 (rgba 8880), depth: 0, stencil: 0, acc: 0000, samples: 0/0
display  D   display_settings.c:529  _al_score_display_settings       [   0.35492] Score is : 897
display  D   display_settings.c:214  debug_display_settings           [   0.35495] color: 32 (rgba 8880), depth: 0, stencil: 0, acc: 0000, samples: 0/0
display  D   display_settings.c:529  _al_score_display_settings       [   0.35497] Score is : 897
display  D   display_settings.c:214  debug_display_settings           [   0.35499] color: 32 (rgba 8880), depth: 24, stencil: 8, acc: 0000, samples: 0/0
display  D   display_settings.c:529  _al_score_display_settings       [   0.35501] Score is : 897
display  D   display_settings.c:214  debug_display_settings           [   0.35503] color: 32 (rgba 8880), depth: 24, stencil: 8, acc: 0000, samples: 0/0
display  D   display_settings.c:529  _al_score_display_settings       [   0.35506] Score is : 897
display  D   display_settings.c:214  debug_display_settings           [   0.35508] color: 32 (rgba 8880), depth: 24, stencil: 0, acc: 0000, samples: 0/0
display  D   display_settings.c:529  _al_score_display_settings       [   0.35510] Score is : 897
display  D   display_settings.c:214  debug_display_settings           [   0.35512] color: 32 (rgba 8880), depth: 24, stencil: 0, acc: 0000, samples: 0/0
display  D   display_settings.c:529  _al_score_display_settings       [   0.35514] Score is : 897
display  D   display_settings.c:214  debug_display_settings           [   0.35516] color: 32 (rgba 8880), depth: 16, stencil: 0, acc: 0000, samples: 0/0
display  D   display_settings.c:529  _al_score_display_settings       [   0.35518] Score is : 897
display  D   display_settings.c:214  debug_display_settings           [   0.35520] color: 32 (rgba 8880), depth: 16, stencil: 0, acc: 0000, samples: 0/0
display  D   display_settings.c:529  _al_score_display_settings       [   0.35522] Score is : 897
display  D   display_settings.c:214  debug_display_settings           [   0.35524] color: 16 (rgba 5650), depth: 0, stencil: 0, acc: 0000, samples: 0/0
display  D   display_settings.c:529  _al_score_display_settings       [   0.35526] Score is : 897
display  D   display_settings.c:214  debug_display_settings           [   0.35528] color: 16 (rgba 5650), depth: 0, stencil: 0, acc: 0000, samples: 0/0
display  D   display_settings.c:529  _al_score_display_settings       [   0.35530] Score is : 897
display  D   display_settings.c:214  debug_display_settings           [   0.35532] color: 16 (rgba 5650), depth: 0, stencil: 0, acc: 0000, samples: 2/1
display  D   display_settings.c:529  _al_score_display_settings       [   0.35534] Score is : 726
display  D   display_settings.c:214  debug_display_settings           [   0.35536] color: 16 (rgba 5650), depth: 24, stencil: 8, acc: 0000, samples: 0/0
display  D   display_settings.c:529  _al_score_display_settings       [   0.35539] Score is : 897
display  D   display_settings.c:214  debug_display_settings           [   0.35540] color: 16 (rgba 5650), depth: 24, stencil: 8, acc: 0000, samples: 0/0
display  D   display_settings.c:529  _al_score_display_settings       [   0.35543] Score is : 897
display  D   display_settings.c:214  debug_display_settings           [   0.35545] color: 16 (rgba 5650), depth: 24, stencil: 8, acc: 0000, samples: 2/1
display  D   display_settings.c:529  _al_score_display_settings       [   0.35547] Score is : 726
display  D   display_settings.c:214  debug_display_settings           [   0.35549] color: 16 (rgba 5650), depth: 24, stencil: 0, acc: 0000, samples: 0/0
display  D   display_settings.c:529  _al_score_display_settings       [   0.35552] Score is : 897
display  D   display_settings.c:214  debug_display_settings           [   0.35553] color: 16 (rgba 5650), depth: 24, stencil: 0, acc: 0000, samples: 0/0
display  D   display_settings.c:529  _al_score_display_settings       [   0.35556] Score is : 897
display  D   display_settings.c:214  debug_display_settings           [   0.35558] color: 16 (rgba 5650), depth: 24, stencil: 0, acc: 0000, samples: 2/1
display  D   display_settings.c:529  _al_score_display_settings       [   0.35560] Score is : 726
display  D   display_settings.c:214  debug_display_settings           [   0.35562] color: 16 (rgba 5650), depth: 16, stencil: 0, acc: 0000, samples: 0/0
display  D   display_settings.c:529  _al_score_display_settings       [   0.35564] Score is : 897
display  D   display_settings.c:214  debug_display_settings           [   0.35566] color: 16 (rgba 5650), depth: 16, stencil: 0, acc: 0000, samples: 0/0
display  D   display_settings.c:529  _al_score_display_settings       [   0.35568] Score is : 897
display  D   display_settings.c:214  debug_display_settings           [   0.35570] color: 16 (rgba 5650), depth: 16, stencil: 0, acc: 0000, samples: 2/1
display  D   display_settings.c:529  _al_score_display_settings       [   0.35572] Score is : 726
display  D   display_settings.c:214  debug_display_settings           [   0.35574] color: 32 (rgba 8880), depth: 0, stencil: 0, acc: 0000, samples: 0/0
display  D   display_settings.c:400  _al_score_display_settings       [   0.35576] Single Buffer requirement not met.
display  D   display_settings.c:214  debug_display_settings           [   0.35578] color: 32 (rgba 8880), depth: 0, stencil: 0, acc: 0000, samples: 0/0
display  D   display_settings.c:400  _al_score_display_settings       [   0.35580] Single Buffer requirement not met.
display  D   display_settings.c:214  debug_display_settings           [   0.35582] color: 32 (rgba 8880), depth: 24, stencil: 8, acc: 0000, samples: 0/0
display  D   display_settings.c:400  _al_score_display_settings       [   0.35585] Single Buffer requirement not met.
display  D   display_settings.c:214  debug_display_settings           [   0.35587] color: 32 (rgba 8880), depth: 24, stencil: 8, acc: 0000, samples: 0/0
display  D   display_settings.c:400  _al_score_display_settings       [   0.35589] Single Buffer requirement not met.
display  D   display_settings.c:214  debug_display_settings           [   0.35591] color: 32 (rgba 8880), depth: 24, stencil: 0, acc: 0000, samples: 0/0
display  D   display_settings.c:400  _al_score_display_settings       [   0.35593] Single Buffer requirement not met.
display  D   display_settings.c:214  debug_display_settings           [   0.35596] color: 32 (rgba 8880), depth: 24, stencil: 0, acc: 0000, samples: 0/0
display  D   display_settings.c:400  _al_score_display_settings       [   0.35598] Single Buffer requirement not met.
display  D   display_settings.c:214  debug_display_settings           [   0.35600] color: 32 (rgba 8880), depth: 16, stencil: 0, acc: 0000, samples: 0/0
display  D   display_settings.c:400  _al_score_display_settings       [   0.35603] Single Buffer requirement not met.
display  D   display_settings.c:214  debug_display_settings           [   0.35605] color: 32 (rgba 8880), depth: 16, stencil: 0, acc: 0000, samples: 0/0
display  D   display_settings.c:400  _al_score_display_settings       [   0.35607] Single Buffer requirement not met.
display  D   display_settings.c:214  debug_display_settings           [   0.35609] color: 16 (rgba 5650), depth: 0, stencil: 0, acc: 0000, samples: 0/0
display  D   display_settings.c:400  _al_score_display_settings       [   0.35611] Single Buffer requirement not met.
display  D   display_settings.c:214  debug_display_settings           [   0.35617] color: 16 (rgba 5650), depth: 0, stencil: 0, acc: 0000, samples: 0/0
display  D   display_settings.c:400  _al_score_display_settings       [   0.35620] Single Buffer requirement not met.
display  D   display_settings.c:214  debug_display_settings           [   0.35622] color: 16 (rgba 5650), depth: 0, stencil: 0, acc: 0000, samples: 2/1
display  D   display_settings.c:400  _al_score_display_settings       [   0.35624] Single Buffer requirement not met.
display  D   display_settings.c:214  debug_display_settings           [   0.35626] color: 16 (rgba 5650), depth: 24, stencil: 8, acc: 0000, samples: 0/0
display  D   display_settings.c:400  _al_score_display_settings       [   0.35628] Single Buffer requirement not met.
display  D   display_settings.c:214  debug_display_settings           [   0.35630] color: 16 (rgba 5650), depth: 24, stencil: 8, acc: 0000, samples: 0/0
display  D   display_settings.c:400  _al_score_display_settings       [   0.35633] Single Buffer requirement not met.
display  D   display_settings.c:214  debug_display_settings           [   0.35635] color: 16 (rgba 5650), depth: 24, stencil: 8, acc: 0000, samples: 2/1
display  D   display_settings.c:400  _al_score_display_settings       [   0.35637] Single Buffer requirement not met.
display  D   display_settings.c:214  debug_display_settings           [   0.35639] color: 16 (rgba 5650), depth: 24, stencil: 0, acc: 0000, samples: 0/0
display  D   display_settings.c:400  _al_score_display_settings       [   0.35641] Single Buffer requirement not met.
display  D   display_settings.c:214  debug_display_settings           [   0.35643] color: 16 (rgba 5650), depth: 24, stencil: 0, acc: 0000, samples: 0/0
display  D   display_settings.c:400  _al_score_display_settings       [   0.35646] Single Buffer requirement not met.
display  D   display_settings.c:214  debug_display_settings           [   0.35648] color: 16 (rgba 5650), depth: 24, stencil: 0, acc: 0000, samples: 2/1
display  D   display_settings.c:400  _al_score_display_settings       [   0.35650] Single Buffer requirement not met.
display  D   display_settings.c:214  debug_display_settings           [   0.35652] color: 16 (rgba 5650), depth: 16, stencil: 0, acc: 0000, samples: 0/0
display  D   display_settings.c:400  _al_score_display_settings       [   0.35654] Single Buffer requirement not met.
display  D   display_settings.c:214  debug_display_settings           [   0.35656] color: 16 (rgba 5650), depth: 16, stencil: 0, acc: 0000, samples: 0/0
display  D   display_settings.c:400  _al_score_display_settings       [   0.35659] Single Buffer requirement not met.
display  D   display_settings.c:214  debug_display_settings           [   0.35661] color: 16 (rgba 5650), depth: 16, stencil: 0, acc: 0000, samples: 2/1
display  D   display_settings.c:400  _al_score_display_settings       [   0.35663] Single Buffer requirement not met.
display  D   display_settings.c:214  debug_display_settings           [   0.35665] color: 32 (rgba 8880), depth: 0, stencil: 0, acc: 0000, samples: 0/0
display  D   display_settings.c:529  _al_score_display_settings       [   0.35668] Score is : 769
display  D   display_settings.c:214  debug_display_settings           [   0.35670] color: 32 (rgba 8880), depth: 0, stencil: 0, acc: 0000, samples: 0/0
display  D   display_settings.c:529  _al_score_display_settings       [   0.35672] Score is : 769
display  D   display_settings.c:214  debug_display_settings           [   0.35674] color: 32 (rgba 8880), depth: 24, stencil: 8, acc: 0000, samples: 0/0
display  D   display_settings.c:529  _al_score_display_settings       [   0.35676] Score is : 769
display  D   display_settings.c:214  debug_display_settings           [   0.35678] color: 32 (rgba 8880), depth: 24, stencil: 8, acc: 0000, samples: 0/0
display  D   display_settings.c:529  _al_score_display_settings       [   0.35681] Score is : 769
display  D   display_settings.c:214  debug_display_settings           [   0.35682] color: 32 (rgba 8880), depth: 24, stencil: 0, acc: 0000, samples: 0/0
display  D   display_settings.c:529  _al_score_display_settings       [   0.35685] Score is : 769
display  D   display_settings.c:214  debug_display_settings           [   0.35687] color: 32 (rgba 8880), depth: 24, stencil: 0, acc: 0000, samples: 0/0
display  D   display_settings.c:529  _al_score_display_settings       [   0.35689] Score is : 769
display  D   display_settings.c:214  debug_display_settings           [   0.35691] color: 32 (rgba 8880), depth: 16, stencil: 0, acc: 0000, samples: 0/0
display  D   display_settings.c:529  _al_score_display_settings       [   0.35695] Score is : 769
display  D   display_settings.c:214  debug_display_settings           [   0.35697] color: 32 (rgba 8880), depth: 16, stencil: 0, acc: 0000, samples: 0/0
display  D   display_settings.c:529  _al_score_display_settings       [   0.35699] Score is : 769
display  D   display_settings.c:214  debug_display_settings           [   0.35701] color: 16 (rgba 5650), depth: 0, stencil: 0, acc: 0000, samples: 0/0
display  D   display_settings.c:529  _al_score_display_settings       [   0.35703] Score is : 769
display  D   display_settings.c:214  debug_display_settings           [   0.35705] color: 16 (rgba 5650), depth: 0, stencil: 0, acc: 0000, samples: 0/0
display  D   display_settings.c:529  _al_score_display_settings       [   0.35707] Score is : 769
display  D   display_settings.c:214  debug_display_settings           [   0.35709] color: 16 (rgba 5650), depth: 0, stencil: 0, acc: 0000, samples: 2/1
display  D   display_settings.c:529  _al_score_display_settings       [   0.35712] Score is : 598
display  D   display_settings.c:214  debug_display_settings           [   0.35714] color: 16 (rgba 5650), depth: 24, stencil: 8, acc: 0000, samples: 0/0
display  D   display_settings.c:529  _al_score_display_settings       [   0.35716] Score is : 769
display  D   display_settings.c:214  debug_display_settings           [   0.35718] color: 16 (rgba 5650), depth: 24, stencil: 8, acc: 0000, samples: 0/0
display  D   display_settings.c:529  _al_score_display_settings       [   0.35720] Score is : 769
display  D   display_settings.c:214  debug_display_settings           [   0.35722] color: 16 (rgba 5650), depth: 24, stencil: 8, acc: 0000, samples: 2/1
display  D   display_settings.c:529  _al_score_display_settings       [   0.35724] Score is : 598
display  D   display_settings.c:214  debug_display_settings           [   0.35726] color: 16 (rgba 5650), depth: 24, stencil: 0, acc: 0000, samples: 0/0
display  D   display_settings.c:529  _al_score_display_settings       [   0.35729] Score is : 769
display  D   display_settings.c:214  debug_display_settings           [   0.35731] color: 16 (rgba 5650), depth: 24, stencil: 0, acc: 0000, samples: 0/0
display  D   display_settings.c:529  _al_score_display_settings       [   0.35733] Score is : 769
display  D   display_settings.c:214  debug_display_settings           [   0.35735] color: 16 (rgba 5650), depth: 24, stencil: 0, acc: 0000, samples: 2/1
display  D   display_settings.c:529  _al_score_display_settings       [   0.35737] Score is : 598
display  D   display_settings.c:214  debug_display_settings           [   0.35739] color: 16 (rgba 5650), depth: 16, stencil: 0, acc: 0000, samples: 0/0
display  D   display_settings.c:529  _al_score_display_settings       [   0.35741] Score is : 769
display  D   display_settings.c:214  debug_display_settings           [   0.35743] color: 16 (rgba 5650), depth: 16, stencil: 0, acc: 0000, samples: 0/0
display  D   display_settings.c:529  _al_score_display_settings       [   0.35746] Score is : 769
display  D   display_settings.c:214  debug_display_settings           [   0.35748] color: 16 (rgba 5650), depth: 16, stencil: 0, acc: 0000, samples: 2/1
display  D   display_settings.c:529  _al_score_display_settings       [   0.35750] Score is : 598
display  D   display_settings.c:214  debug_display_settings           [   0.35752] color: 32 (rgba 8880), depth: 0, stencil: 0, acc: 0000, samples: 0/0
display  D   display_settings.c:400  _al_score_display_settings       [   0.35754] Single Buffer requirement not met.
display  D   display_settings.c:214  debug_display_settings           [   0.35757] color: 32 (rgba 8880), depth: 0, stencil: 0, acc: 0000, samples: 0/0
display  D   display_settings.c:400  _al_score_display_settings       [   0.35759] Single Buffer requirement not met.
display  D   display_settings.c:214  debug_display_settings           [   0.35761] color: 32 (rgba 8880), depth: 24, stencil: 8, acc: 0000, samples: 0/0
display  D   display_settings.c:400  _al_score_display_settings       [   0.35764] Single Buffer requirement not met.
display  D   display_settings.c:214  debug_display_settings           [   0.35766] color: 32 (rgba 8880), depth: 24, stencil: 8, acc: 0000, samples: 0/0
display  D   display_settings.c:400  _al_score_display_settings       [   0.35768] Single Buffer requirement not met.
display  D   display_settings.c:214  debug_display_settings           [   0.35770] color: 32 (rgba 8880), depth: 24, stencil: 0, acc: 0000, samples: 0/0
display  D   display_settings.c:400  _al_score_display_settings       [   0.35772] Single Buffer requirement not met.
display  D   display_settings.c:214  debug_display_settings           [   0.35774] color: 32 (rgba 8880), depth: 24, stencil: 0, acc: 0000, samples: 0/0
display  D   display_settings.c:400  _al_score_display_settings       [   0.35777] Single Buffer requirement not met.
display  D   display_settings.c:214  debug_display_settings           [   0.35779] color: 32 (rgba 8880), depth: 16, stencil: 0, acc: 0000, samples: 0/0
display  D   display_settings.c:400  _al_score_display_settings       [   0.35781] Single Buffer requirement not met.
display  D   display_settings.c:214  debug_display_settings           [   0.35783] color: 32 (rgba 8880), depth: 16, stencil: 0, acc: 0000, samples: 0/0
display  D   display_settings.c:400  _al_score_display_settings       [   0.35785] Single Buffer requirement not met.
display  D   display_settings.c:214  debug_display_settings           [   0.35787] color: 16 (rgba 5650), depth: 0, stencil: 0, acc: 0000, samples: 0/0
display  D   display_settings.c:400  _al_score_display_settings       [   0.35789] Single Buffer requirement not met.
display  D   display_settings.c:214  debug_display_settings           [   0.35792] color: 16 (rgba 5650), depth: 0, stencil: 0, acc: 0000, samples: 0/0
display  D   display_settings.c:400  _al_score_display_settings       [   0.35794] Single Buffer requirement not met.
display  D   display_settings.c:214  debug_display_settings           [   0.35797] color: 16 (rgba 5650), depth: 0, stencil: 0, acc: 0000, samples: 2/1
display  D   display_settings.c:400  _al_score_display_settings       [   0.35799] Single Buffer requirement not met.
display  D   display_settings.c:214  debug_display_settings           [   0.35801] color: 16 (rgba 5650), depth: 24, stencil: 8, acc: 0000, samples: 0/0
display  D   display_settings.c:400  _al_score_display_settings       [   0.35803] Single Buffer requirement not met.
display  D   display_settings.c:214  debug_display_settings           [   0.35805] color: 16 (rgba 5650), depth: 24, stencil: 8, acc: 0000, samples: 0/0
display  D   display_settings.c:400  _al_score_display_settings       [   0.35808] Single Buffer requirement not met.
display  D   display_settings.c:214  debug_display_settings           [   0.35810] color: 16 (rgba 5650), depth: 24, stencil: 8, acc: 0000, samples: 2/1
display  D   display_settings.c:400  _al_score_display_settings       [   0.35812] Single Buffer requirement not met.
display  D   display_settings.c:214  debug_display_settings           [   0.35814] color: 16 (rgba 5650), depth: 24, stencil: 0, acc: 0000, samples: 0/0
display  D   display_settings.c:400  _al_score_display_settings       [   0.35816] Single Buffer requirement not met.
display  D   display_settings.c:214  debug_display_settings           [   0.35818] color: 16 (rgba 5650), depth: 24, stencil: 0, acc: 0000, samples: 0/0
display  D   display_settings.c:400  _al_score_display_settings       [   0.35820] Single Buffer requirement not met.
display  D   display_settings.c:214  debug_display_settings           [   0.35822] color: 16 (rgba 5650), depth: 24, stencil: 0, acc: 0000, samples: 2/1
display  D   display_settings.c:400  _al_score_display_settings       [   0.35825] Single Buffer requirement not met.
display  D   display_settings.c:214  debug_display_settings           [   0.35826] color: 16 (rgba 5650), depth: 16, stencil: 0, acc: 0000, samples: 0/0
display  D   display_settings.c:400  _al_score_display_settings       [   0.35829] Single Buffer requirement not met.
display  D   display_settings.c:214  debug_display_settings           [   0.35831] color: 16 (rgba 5650), depth: 16, stencil: 0, acc: 0000, samples: 0/0
display  D   display_settings.c:400  _al_score_display_settings       [   0.35833] Single Buffer requirement not met.
display  D   display_settings.c:214  debug_display_settings           [   0.35835] color: 16 (rgba 5650), depth: 16, stencil: 0, acc: 0000, samples: 2/1
display  D   display_settings.c:400  _al_score_display_settings       [   0.35837] Single Buffer requirement not met.
d3d      D         d3d_disp.cpp:1677 d3d_create_display_internals     [   0.35843] Trying format 0.
d3d      I         d3d_disp.cpp:1353 d3d_display_thread_proc          [   0.35874] Chose a display format: 23
d3d      I         d3d_disp.cpp:1422 d3d_display_thread_proc          [   0.35878] Normal window.
d3d      I         d3d_disp.cpp:786  d3d_create_device                [   0.38700] Using no depth stencil buffer
d3d      D         d3d_disp.cpp:848  d3d_create_device                [   0.39362] BeginScene succeeded in create_device
d3d      D         d3d_disp.cpp:856  d3d_create_device                [   0.39373] Success
d3d      D         d3d_disp.cpp:1703 d3d_create_display_internals     [   0.39404] Resumed after wait.
d3d      I         d3d_disp.cpp:1736 d3d_create_display_internals     [   0.39426] Format 0 succeeded.
d3d      D         d3d_disp.cpp:1767 d3d_create_display_internals     [   0.39434] Returning d3d_display: 000002108fcf6f90
d3d      D         d3d_disp.cpp:1792 d3d_create_display_locked        [   0.39436] al_display=000002108fcf6f90
d3d      D         d3d_disp.cpp:1793 d3d_create_display_locked        [   0.39439] al_display->vt=000002108fd37dc0
system   W            wsystem.c:894  _al_win_safe_load_library        [   0.39542] PathFindOnPath failed to find d3dx9_43.dll
system   W            wsystem.c:894  _al_win_safe_load_library        [   0.39600] PathFindOnPath failed to find d3dx9_42.dll
system   W            wsystem.c:894  _al_win_safe_load_library        [   0.39652] PathFindOnPath failed to find d3dx9_41.dll
system   W            wsystem.c:894  _al_win_safe_load_library        [   0.39702] PathFindOnPath failed to find d3dx9_40.dll
system   W            wsystem.c:894  _al_win_safe_load_library        [   0.39773] PathFindOnPath failed to find d3dx9_39.dll
system   W            wsystem.c:894  _al_win_safe_load_library        [   0.39822] PathFindOnPath failed to find d3dx9_38.dll
system   W            wsystem.c:894  _al_win_safe_load_library        [   0.39864] PathFindOnPath failed to find d3dx9_37.dll
system   W            wsystem.c:894  _al_win_safe_load_library        [   0.39902] PathFindOnPath failed to find d3dx9_36.dll
system   W            wsystem.c:894  _al_win_safe_load_library        [   0.39956] PathFindOnPath failed to find d3dx9_35.dll
system   W            wsystem.c:894  _al_win_safe_load_library        [   0.40032] PathFindOnPath failed to find d3dx9_34.dll
system   W            wsystem.c:894  _al_win_safe_load_library        [   0.40081] PathFindOnPath failed to find d3dx9_33.dll
system   W            wsystem.c:894  _al_win_safe_load_library        [   0.40134] PathFindOnPath failed to find d3dx9_32.dll
system   W            wsystem.c:894  _al_win_safe_load_library        [   0.40183] PathFindOnPath failed to find d3dx9_31.dll
system   W            wsystem.c:894  _al_win_safe_load_library        [   0.40237] PathFindOnPath failed to find d3dx9_30.dll
system   W            wsystem.c:894  _al_win_safe_load_library        [   0.40278] PathFindOnPath failed to find d3dx9_29.dll
system   W            wsystem.c:894  _al_win_safe_load_library        [   0.40330] PathFindOnPath failed to find d3dx9_28.dll
system   W            wsystem.c:894  _al_win_safe_load_library        [   0.40381] PathFindOnPath failed to find d3dx9_27.dll
system   W            wsystem.c:894  _al_win_safe_load_library        [   0.40451] PathFindOnPath failed to find d3dx9_26.dll
system   W            wsystem.c:894  _al_win_safe_load_library        [   0.40512] PathFindOnPath failed to find d3dx9_25.dll
system   W            wsystem.c:894  _al_win_safe_load_library        [   0.40561] PathFindOnPath failed to find d3dx9_24.dll
d3dx9    E        d3d_d3dx9.cpp:121  _al_load_d3dx9_module            [   0.40567] Failed to load D3DX9 library. Library is not installed.
d3d      D         d3d_disp.cpp:1197 real_choose_bitmap_format        [   0.40727] Fake format
d3d      D         d3d_disp.cpp:1197 real_choose_bitmap_format        [   0.40741] Fake format
d3d      D         d3d_disp.cpp:1197 real_choose_bitmap_format        [   0.40743] Fake format
d3d      D         d3d_disp.cpp:1197 real_choose_bitmap_format        [   0.40745] Fake format
d3d      D         d3d_disp.cpp:1197 real_choose_bitmap_format        [   0.40747] Fake format
d3d      D         d3d_disp.cpp:1197 real_choose_bitmap_format        [   0.40749] Fake format
d3d      D         d3d_disp.cpp:1197 real_choose_bitmap_format        [   0.40751] Fake format
d3d      D         d3d_disp.cpp:1197 real_choose_bitmap_format        [   0.40753] Fake format
d3d      D         d3d_disp.cpp:1197 real_choose_bitmap_format        [   0.40755] Fake format
d3d      D         d3d_disp.cpp:1205 real_choose_bitmap_format        [   0.40757] Alpha doesn't match
d3d      D         d3d_disp.cpp:1212 real_choose_bitmap_format        [   0.40760] Adapter format is 23
d3d      D         d3d_disp.cpp:1215 real_choose_bitmap_format        [   0.40764] Found a format
d3d      I         d3d_disp.cpp:2388 d3d_create_bitmap                [   0.40766] Chose bitmap format 9
dtor     D               dtor.c:196  _al_register_destructor          [   0.40815] added dtor for bitmap 000002108fcec0b0, func 00007ff8dff31bf8
d3d      D          d3d_bmp.cpp:539  _al_d3d_sync_bitmap              [   0.40857] _al_d3d_sync_bitmap (system) ref count == 1
d3d      D          d3d_bmp.cpp:545  _al_d3d_sync_bitmap              [   0.40861] _al_d3d_sync_bitmap (video) ref count == 2
d3d      D          d3d_bmp.cpp:539  _al_d3d_sync_bitmap              [   0.40879] _al_d3d_sync_bitmap (system) ref count == 1
d3d      D          d3d_bmp.cpp:545  _al_d3d_sync_bitmap              [   0.40881] _al_d3d_sync_bitmap (video) ref count == 2
d3d      D          d3d_bmp.cpp:539  _al_d3d_sync_bitmap              [   0.41341] _al_d3d_sync_bitmap (system) ref count == 1
d3d      D          d3d_bmp.cpp:545  _al_d3d_sync_bitmap              [   0.41349] _al_d3d_sync_bitmap (video) ref count == 1
dtor     D               dtor.c:227  _al_unregister_destructor        [   0.41567] removed dtor for bitmap 000002108fcec0b0
d3d      D         d3d_disp.cpp:1197 real_choose_bitmap_format        [   0.41711] Fake format
d3d      D         d3d_disp.cpp:1197 real_choose_bitmap_format        [   0.41715] Fake format
d3d      D         d3d_disp.cpp:1197 real_choose_bitmap_format        [   0.41717] Fake format
d3d      D         d3d_disp.cpp:1197 real_choose_bitmap_format        [   0.41719] Fake format
d3d      D         d3d_disp.cpp:1197 real_choose_bitmap_format        [   0.41722] Fake format
d3d      D         d3d_disp.cpp:1197 real_choose_bitmap_format        [   0.41724] Fake format
d3d      D         d3d_disp.cpp:1197 real_choose_bitmap_format        [   0.41726] Fake format
d3d      D         d3d_disp.cpp:1197 real_choose_bitmap_format        [   0.41727] Fake format
d3d      D         d3d_disp.cpp:1197 real_choose_bitmap_format        [   0.41730] Fake format
d3d      D         d3d_disp.cpp:1205 real_choose_bitmap_format        [   0.41732] Alpha doesn't match
d3d      D         d3d_disp.cpp:1212 real_choose_bitmap_format        [   0.41734] Adapter format is 23
d3d      D         d3d_disp.cpp:1215 real_choose_bitmap_format        [   0.41737] Found a format
d3d      I         d3d_disp.cpp:2388 d3d_create_bitmap                [   0.41739] Chose bitmap format 9
dtor     D               dtor.c:196  _al_register_destructor          [   0.41753] added dtor for bitmap 000002108fcec0b0, func 00007ff8dff31bf8
d3d      D          d3d_bmp.cpp:539  _al_d3d_sync_bitmap              [   0.41785] _al_d3d_sync_bitmap (system) ref count == 1
d3d      D          d3d_bmp.cpp:545  _al_d3d_sync_bitmap              [   0.41789] _al_d3d_sync_bitmap (video) ref count == 2
d3d      D          d3d_bmp.cpp:539  _al_d3d_sync_bitmap              [   0.41808] _al_d3d_sync_bitmap (system) ref count == 1
d3d      D          d3d_bmp.cpp:545  _al_d3d_sync_bitmap              [   0.41812] _al_d3d_sync_bitmap (video) ref count == 2
d3d      D          d3d_bmp.cpp:539  _al_d3d_sync_bitmap              [   0.43610] _al_d3d_sync_bitmap (system) ref count == 1
d3d      D          d3d_bmp.cpp:545  _al_d3d_sync_bitmap              [   0.43619] _al_d3d_sync_bitmap (video) ref count == 1
dtor     D               dtor.c:227  _al_unregister_destructor        [   0.44462] removed dtor for bitmap 000002108fcec0b0
d3d      D         d3d_disp.cpp:1197 real_choose_bitmap_format        [   0.47618] Fake format
d3d      D         d3d_disp.cpp:1197 real_choose_bitmap_format        [   0.47625] Fake format
d3d      D         d3d_disp.cpp:1197 real_choose_bitmap_format        [   0.47627] Fake format
d3d      D         d3d_disp.cpp:1197 real_choose_bitmap_format        [   0.47629] Fake format
d3d      D         d3d_disp.cpp:1197 real_choose_bitmap_format        [   0.47631] Fake format
d3d      D         d3d_disp.cpp:1197 real_choose_bitmap_format        [   0.47633] Fake format
d3d      D         d3d_disp.cpp:1197 real_choose_bitmap_format        [   0.47635] Fake format
d3d      D         d3d_disp.cpp:1197 real_choose_bitmap_format        [   0.47637] Fake format
d3d      D         d3d_disp.cpp:1197 real_choose_bitmap_format        [   0.47639] Fake format
d3d      D         d3d_disp.cpp:1205 real_choose_bitmap_format        [   0.47641] Alpha doesn't match
d3d      D         d3d_disp.cpp:1212 real_choose_bitmap_format        [   0.47643] Adapter format is 23
d3d      D         d3d_disp.cpp:1215 real_choose_bitmap_format        [   0.47645] Found a format
d3d      I         d3d_disp.cpp:2388 d3d_create_bitmap                [   0.47647] Chose bitmap format 9
font     D                ttf.c:243  alloc_glyph_region               [   0.47717] Glyph 54: 20x24 (20x24)
font     D                ttf.c:287  alloc_glyph_region               [   0.47722] Locking glyph region: 000002108fd3cc70 0 0 20 24
font     D                ttf.c:167  unlock_current_page              [   0.47747] Unlocking page: 000002108fd3cc70
font     D                ttf.c:243  alloc_glyph_region               [   0.47764] Glyph 70: 17x19 (20x20)
font     D                ttf.c:287  alloc_glyph_region               [   0.47766] Locking glyph region: 000002108fd3cc70 20 0 20 20
font     D                ttf.c:167  unlock_current_page              [   0.47771] Unlocking page: 000002108fd3cc70
font     D                ttf.c:243  alloc_glyph_region               [   0.47779] Glyph 85: 13x19 (16x20)
font     D                ttf.c:287  alloc_glyph_region               [   0.47782] Locking glyph region: 000002108fd3cc70 40 0 16 20
font     D                ttf.c:167  unlock_current_page              [   0.47785] Unlocking page: 000002108fd3cc70
font     D                ttf.c:243  alloc_glyph_region               [   0.47798] Glyph 72: 18x19 (20x20)
font     D                ttf.c:287  alloc_glyph_region               [   0.47800] Locking glyph region: 000002108fd3cc70 56 0 20 20
font     D                ttf.c:167  unlock_current_page              [   0.47804] Unlocking page: 000002108fd3cc70
font     D                ttf.c:243  alloc_glyph_region               [   0.47814] Glyph 81: 17x19 (20x20)
font     D                ttf.c:287  alloc_glyph_region               [   0.47817] Locking glyph region: 000002108fd3cc70 76 0 20 20
font     D                ttf.c:167  unlock_current_page              [   0.47820] Unlocking page: 000002108fd3cc70
font     D                ttf.c:471  cache_glyph                      [   0.47823] Glyph 3 has zero size.
font     D                ttf.c:243  alloc_glyph_region               [   0.47838] Glyph 86: 17x19 (20x20)
font     D                ttf.c:287  alloc_glyph_region               [   0.47840] Locking glyph region: 000002108fd3cc70 96 0 20 20
font     D                ttf.c:167  unlock_current_page              [   0.47852] Unlocking page: 000002108fd3cc70
font     D                ttf.c:243  alloc_glyph_region               [   0.47864] Glyph 82: 19x19 (20x20)
font     D                ttf.c:287  alloc_glyph_region               [   0.47866] Locking glyph region: 000002108fd3cc70 116 0 20 20
font     D                ttf.c:167  unlock_current_page              [   0.47869] Unlocking page: 000002108fd3cc70
font     D                ttf.c:243  alloc_glyph_region               [   0.47876] Glyph 79: 8x24 (8x24)
font     D                ttf.c:287  alloc_glyph_region               [   0.47879] Locking glyph region: 000002108fd3cc70 136 0 8 24
font     D                ttf.c:167  unlock_current_page              [   0.47882] Unlocking page: 000002108fd3cc70
font     D                ttf.c:243  alloc_glyph_region               [   0.47892] Glyph 88: 17x19 (20x20)
font     D                ttf.c:287  alloc_glyph_region               [   0.47896] Locking glyph region: 000002108fd3cc70 144 0 20 20
font     D                ttf.c:167  unlock_current_page              [   0.47899] Unlocking page: 000002108fd3cc70
font     D                ttf.c:243  alloc_glyph_region               [   0.47925] Glyph 87: 12x24 (12x24)
font     D                ttf.c:287  alloc_glyph_region               [   0.47929] Locking glyph region: 000002108fd3cc70 164 0 12 24
font     D                ttf.c:167  unlock_current_page              [   0.47934] Unlocking page: 000002108fd3cc70
font     D                ttf.c:243  alloc_glyph_region               [   0.47941] Glyph 76: 8x24 (8x24)
font     D                ttf.c:287  alloc_glyph_region               [   0.47944] Locking glyph region: 000002108fd3cc70 176 0 8 24
font     D                ttf.c:167  unlock_current_page              [   0.47947] Unlocking page: 000002108fd3cc70
font     D                ttf.c:243  alloc_glyph_region               [   0.47990] Glyph 21: 18x24 (20x24)
font     D                ttf.c:287  alloc_glyph_region               [   0.47995] Locking glyph region: 000002108fd3cc70 184 0 20 24
font     D                ttf.c:167  unlock_current_page              [   0.48145] Unlocking page: 000002108fd3cc70
font     D                ttf.c:243  alloc_glyph_region               [   0.48187] Glyph 27: 17x24 (20x24)
font     D                ttf.c:287  alloc_glyph_region               [   0.48191] Locking glyph region: 000002108fd3cc70 204 0 20 24
font     D                ttf.c:167  unlock_current_page              [   0.48198] Unlocking page: 000002108fd3cc70
font     D                ttf.c:243  alloc_glyph_region               [   0.48207] Glyph 19: 17x24 (20x24)
font     D                ttf.c:287  alloc_glyph_region               [   0.48209] Locking glyph region: 000002108fd3cc70 224 0 20 24
font     D                ttf.c:167  unlock_current_page              [   0.48213] Unlocking page: 000002108fd3cc70
font     D                ttf.c:243  alloc_glyph_region               [   0.48224] Glyph 91: 18x19 (20x20)
font     D                ttf.c:287  alloc_glyph_region               [   0.48226] Locking glyph region: 000002108fd3cc70 244 0 20 20
font     D                ttf.c:167  unlock_current_page              [   0.48231] Unlocking page: 000002108fd3cc70
font     D                ttf.c:243  alloc_glyph_region               [   0.48238] Glyph 20: 13x24 (16x24)
font     D                ttf.c:287  alloc_glyph_region               [   0.48240] Locking glyph region: 000002108fd3cc70 264 0 16 24
font     D                ttf.c:167  unlock_current_page              [   0.48244] Unlocking page: 000002108fd3cc70
font     D                ttf.c:243  alloc_glyph_region               [   0.48253] Glyph 25: 17x24 (20x24)
font     D                ttf.c:287  alloc_glyph_region               [   0.48256] Locking glyph region: 000002108fd3cc70 280 0 20 24
font     D                ttf.c:167  unlock_current_page              [   0.48259] Unlocking page: 000002108fd3cc70
font     D                ttf.c:243  alloc_glyph_region               [   0.48281] Glyph 17: 8x6 (8x8)
font     D                ttf.c:287  alloc_glyph_region               [   0.48284] Locking glyph region: 000002108fd3cc70 300 0 8 8
font     D                ttf.c:167  unlock_current_page              [   0.48323] Unlocking page: 000002108fd3cc70
font     D                ttf.c:243  alloc_glyph_region               [   0.48349] Glyph 41: 18x24 (20x24)
font     D                ttf.c:287  alloc_glyph_region               [   0.48352] Locking glyph region: 000002108fd3cc70 308 0 20 24
font     D                ttf.c:167  unlock_current_page              [   0.48373] Unlocking page: 000002108fd3cc70
font     D                ttf.c:243  alloc_glyph_region               [   0.48410] Glyph 51: 19x24 (20x24)
font     D                ttf.c:287  alloc_glyph_region               [   0.48413] Locking glyph region: 000002108fd3cc70 328 0 20 24
font     D                ttf.c:167  unlock_current_page              [   0.48434] Unlocking page: 000002108fd3cc70
font     D                ttf.c:243  alloc_glyph_region               [   0.48452] Glyph 68: 18x19 (20x20)
font     D                ttf.c:287  alloc_glyph_region               [   0.48454] Locking glyph region: 000002108fd3cc70 348 0 20 20
font     D                ttf.c:167  unlock_current_page              [   0.48458] Unlocking page: 000002108fd3cc70
font     D                ttf.c:243  alloc_glyph_region               [   0.48469] Glyph 92: 18x24 (20x24)
font     D                ttf.c:287  alloc_glyph_region               [   0.48471] Locking glyph region: 000002108fd3cc70 368 0 20 24
font     D                ttf.c:167  unlock_current_page              [   0.48475] Unlocking page: 000002108fd3cc70
font     D                ttf.c:243  alloc_glyph_region               [   0.48481] Glyph 4: 8x24 (8x24)
font     D                ttf.c:287  alloc_glyph_region               [   0.48483] Locking glyph region: 000002108fd3cc70 388 0 8 24
font     D                ttf.c:167  unlock_current_page              [   0.48486] Unlocking page: 000002108fd3cc70
font     D                ttf.c:243  alloc_glyph_region               [   0.48510] Glyph 52: 24x26 (24x28)
font     D                ttf.c:287  alloc_glyph_region               [   0.48512] Locking glyph region: 000002108fd3cc70 396 0 24 28
font     D                ttf.c:167  unlock_current_page              [   0.48547] Unlocking page: 000002108fd3cc70
d3d      D          d3d_bmp.cpp:539  _al_d3d_sync_bitmap              [   0.48634] _al_d3d_sync_bitmap (system) ref count == 1
d3d      D          d3d_bmp.cpp:545  _al_d3d_sync_bitmap              [   0.48642] _al_d3d_sync_bitmap (video) ref count == 1
audio    D          kcm_mixer.c:121  _al_rechannel_matrix             [   2.88667] sample matrix:
audio    D          kcm_mixer.c:127  _al_rechannel_matrix             [   2.88680]  0.707107 0.000000
audio    D          kcm_mixer.c:127  _al_rechannel_matrix             [   2.88685]  0.000000 0.707107
dtor     D               dtor.c:227  _al_unregister_destructor        [   2.88697] removed dtor for ttf_font 000002108e328840
dtor     D               dtor.c:227  _al_unregister_destructor        [   2.88732] removed dtor for bitmap 000002108fcf6dd0
dtor     D               dtor.c:227  _al_unregister_destructor        [   2.88744] removed dtor for bitmap 000002108fcf7690
dtor     D               dtor.c:227  _al_unregister_destructor        [   2.88819] removed dtor for sample 000002108fceb7d0
d3d      I         d3d_disp.cpp:910  d3d_destroy_display              [   2.88825] destroying display 000002108fcf6f90 (current 0000000000000000)
d3d      D         d3d_disp.cpp:894  d3d_destroy_display_internals    [   2.89128] waiting for display 000002108fcf6f90's thread to end
d3d      W         d3d_disp.cpp:603  d3d_destroy_device               [   2.90262] d3d_destroy_device: ref count not 0
d3d      W         d3d_disp.cpp:603  d3d_destroy_device               [   2.90270] d3d_destroy_device: ref count not 0
d3d      I         d3d_disp.cpp:1557 d3d_display_thread_proc          [   2.90692] d3d display thread exits
dtor     D               dtor.c:227  _al_unregister_destructor        [   2.90841] removed dtor for queue 000002108e32edc0
d3d      I         d3d_disp.cpp:1780 d3d_create_display_locked        [   2.90903] faux_fullscreen=0
d3d      D         d3d_disp.cpp:1781 d3d_create_display_locked        [   2.90906] al_display=000002108fcf6d80
d3d      D         d3d_disp.cpp:1782 d3d_create_display_locked        [   2.90909] al_display->vt=000002108fd37dc0
d3d      I d3d_display_formats.cpp:144  _al_d3d_generate_display_format_list [   2.90918] found 80 format combinations
display  D   display_settings.c:214  debug_display_settings           [   2.90920] color: 32 (rgba 8880), depth: 0, stencil: 0, acc: 0000, samples: 0/0
display  D   display_settings.c:529  _al_score_display_settings       [   2.90922] Score is : 897
display  D   display_settings.c:214  debug_display_settings           [   2.90924] color: 32 (rgba 8880), depth: 0, stencil: 0, acc: 0000, samples: 0/0
display  D   display_settings.c:529  _al_score_display_settings       [   2.90927] Score is : 897
display  D   display_settings.c:214  debug_display_settings           [   2.90933] color: 32 (rgba 8880), depth: 24, stencil: 8, acc: 0000, samples: 0/0
display  D   display_settings.c:529  _al_score_display_settings       [   2.90935] Score is : 897
display  D   display_settings.c:214  debug_display_settings           [   2.90937] color: 32 (rgba 8880), depth: 24, stencil: 8, acc: 0000, samples: 0/0
display  D   display_settings.c:529  _al_score_display_settings       [   2.90940] Score is : 897
display  D   display_settings.c:214  debug_display_settings           [   2.90941] color: 32 (rgba 8880), depth: 24, stencil: 0, acc: 0000, samples: 0/0
display  D   display_settings.c:529  _al_score_display_settings       [   2.90944] Score is : 897
display  D   display_settings.c:214  debug_display_settings           [   2.90946] color: 32 (rgba 8880), depth: 24, stencil: 0, acc: 0000, samples: 0/0
display  D   display_settings.c:529  _al_score_display_settings       [   2.90948] Score is : 897
display  D   display_settings.c:214  debug_display_settings           [   2.90951] color: 32 (rgba 8880), depth: 16, stencil: 0, acc: 0000, samples: 0/0
display  D   display_settings.c:529  _al_score_display_settings       [   2.90954] Score is : 897
display  D   display_settings.c:214  debug_display_settings           [   2.90955] color: 32 (rgba 8880), depth: 16, stencil: 0, acc: 0000, samples: 0/0
display  D   display_settings.c:529  _al_score_display_settings       [   2.90965] Score is : 897
display  D   display_settings.c:214  debug_display_settings           [   2.90968] color: 16 (rgba 5650), depth: 0, stencil: 0, acc: 0000, samples: 0/0
display  D   display_settings.c:529  _al_score_display_settings       [   2.90970] Score is : 897
display  D   display_settings.c:214  debug_display_settings           [   2.90972] color: 16 (rgba 5650), depth: 0, stencil: 0, acc: 0000, samples: 0/0
display  D   display_settings.c:529  _al_score_display_settings       [   2.90974] Score is : 897
display  D   display_settings.c:214  debug_display_settings           [   2.90977] color: 16 (rgba 5650), depth: 0, stencil: 0, acc: 0000, samples: 2/1
display  D   display_settings.c:529  _al_score_display_settings       [   2.90979] Score is : 726
display  D   display_settings.c:214  debug_display_settings           [   2.90981] color: 16 (rgba 5650), depth: 24, stencil: 8, acc: 0000, samples: 0/0
display  D   display_settings.c:529  _al_score_display_settings       [   2.90983] Score is : 897
display  D   display_settings.c:214  debug_display_settings           [   2.90985] color: 16 (rgba 5650), depth: 24, stencil: 8, acc: 0000, samples: 0/0
display  D   display_settings.c:529  _al_score_display_settings       [   2.90987] Score is : 897
display  D   display_settings.c:214  debug_display_settings           [   2.90989] color: 16 (rgba 5650), depth: 24, stencil: 8, acc: 0000, samples: 2/1
display  D   display_settings.c:529  _al_score_display_settings       [   2.90991] Score is : 726
display  D   display_settings.c:214  debug_display_settings           [   2.90993] color: 16 (rgba 5650), depth: 24, stencil: 0, acc: 0000, samples: 0/0
display  D   display_settings.c:529  _al_score_display_settings       [   2.90996] Score is : 897
display  D   display_settings.c:214  debug_display_settings           [   2.90997] color: 16 (rgba 5650), depth: 24, stencil: 0, acc: 0000, samples: 0/0
display  D   display_settings.c:529  _al_score_display_settings       [   2.91000] Score is : 897
display  D   display_settings.c:214  debug_display_settings           [   2.91002] color: 16 (rgba 5650), depth: 24, stencil: 0, acc: 0000, samples: 2/1
display  D   display_settings.c:529  _al_score_display_settings       [   2.91004] Score is : 726
display  D   display_settings.c:214  debug_display_settings           [   2.91006] color: 16 (rgba 5650), depth: 16, stencil: 0, acc: 0000, samples: 0/0
display  D   display_settings.c:529  _al_score_display_settings       [   2.91008] Score is : 897
display  D   display_settings.c:214  debug_display_settings           [   2.91011] color: 16 (rgba 5650), depth: 16, stencil: 0, acc: 0000, samples: 0/0
display  D   display_settings.c:529  _al_score_display_settings       [   2.91013] Score is : 897
display  D   display_settings.c:214  debug_display_settings           [   2.91015] color: 16 (rgba 5650), depth: 16, stencil: 0, acc: 0000, samples: 2/1
display  D   display_settings.c:529  _al_score_display_settings       [   2.91017] Score is : 726
display  D   display_settings.c:214  debug_display_settings           [   2.91019] color: 32 (rgba 8880), depth: 0, stencil: 0, acc: 0000, samples: 0/0
display  D   display_settings.c:400  _al_score_display_settings       [   2.91022] Single Buffer requirement not met.
display  D   display_settings.c:214  debug_display_settings           [   2.91025] color: 32 (rgba 8880), depth: 0, stencil: 0, acc: 0000, samples: 0/0
display  D   display_settings.c:400  _al_score_display_settings       [   2.91030] Single Buffer requirement not met.
display  D   display_settings.c:214  debug_display_settings           [   2.91032] color: 32 (rgba 8880), depth: 24, stencil: 8, acc: 0000, samples: 0/0
display  D   display_settings.c:400  _al_score_display_settings       [   2.91034] Single Buffer requirement not met.
display  D   display_settings.c:214  debug_display_settings           [   2.91036] color: 32 (rgba 8880), depth: 24, stencil: 8, acc: 0000, samples: 0/0
display  D   display_settings.c:400  _al_score_display_settings       [   2.91038] Single Buffer requirement not met.
display  D   display_settings.c:214  debug_display_settings           [   2.91040] color: 32 (rgba 8880), depth: 24, stencil: 0, acc: 0000, samples: 0/0
display  D   display_settings.c:400  _al_score_display_settings       [   2.91042] Single Buffer requirement not met.
display  D   display_settings.c:214  debug_display_settings           [   2.91044] color: 32 (rgba 8880), depth: 24, stencil: 0, acc: 0000, samples: 0/0
display  D   display_settings.c:400  _al_score_display_settings       [   2.91046] Single Buffer requirement not met.
display  D   display_settings.c:214  debug_display_settings           [   2.91048] color: 32 (rgba 8880), depth: 16, stencil: 0, acc: 0000, samples: 0/0
display  D   display_settings.c:400  _al_score_display_settings       [   2.91051] Single Buffer requirement not met.
display  D   display_settings.c:214  debug_display_settings           [   2.91053] color: 32 (rgba 8880), depth: 16, stencil: 0, acc: 0000, samples: 0/0
display  D   display_settings.c:400  _al_score_display_settings       [   2.91055] Single Buffer requirement not met.
display  D   display_settings.c:214  debug_display_settings           [   2.91057] color: 16 (rgba 5650), depth: 0, stencil: 0, acc: 0000, samples: 0/0
display  D   display_settings.c:400  _al_score_display_settings       [   2.91059] Single Buffer requirement not met.
display  D   display_settings.c:214  debug_display_settings           [   2.91061] color: 16 (rgba 5650), depth: 0, stencil: 0, acc: 0000, samples: 0/0
display  D   display_settings.c:400  _al_score_display_settings       [   2.91063] Single Buffer requirement not met.
display  D   display_settings.c:214  debug_display_settings           [   2.91065] color: 16 (rgba 5650), depth: 0, stencil: 0, acc: 0000, samples: 2/1
display  D   display_settings.c:400  _al_score_display_settings       [   2.91067] Single Buffer requirement not met.
display  D   display_settings.c:214  debug_display_settings           [   2.91069] color: 16 (rgba 5650), depth: 24, stencil: 8, acc: 0000, samples: 0/0
display  D   display_settings.c:400  _al_score_display_settings       [   2.91071] Single Buffer requirement not met.
display  D   display_settings.c:214  debug_display_settings           [   2.91073] color: 16 (rgba 5650), depth: 24, stencil: 8, acc: 0000, samples: 0/0
display  D   display_settings.c:400  _al_score_display_settings       [   2.91075] Single Buffer requirement not met.
display  D   display_settings.c:214  debug_display_settings           [   2.91077] color: 16 (rgba 5650), depth: 24, stencil: 8, acc: 0000, samples: 2/1
display  D   display_settings.c:400  _al_score_display_settings       [   2.91080] Single Buffer requirement not met.
display  D   display_settings.c:214  debug_display_settings           [   2.91081] color: 16 (rgba 5650), depth: 24, stencil: 0, acc: 0000, samples: 0/0
display  D   display_settings.c:400  _al_score_display_settings       [   2.91084] Single Buffer requirement not met.
display  D   display_settings.c:214  debug_display_settings           [   2.91086] color: 16 (rgba 5650), depth: 24, stencil: 0, acc: 0000, samples: 0/0
display  D   display_settings.c:400  _al_score_display_settings       [   2.91088] Single Buffer requirement not met.
display  D   display_settings.c:214  debug_display_settings           [   2.91090] color: 16 (rgba 5650), depth: 24, stencil: 0, acc: 0000, samples: 2/1
display  D   display_settings.c:400  _al_score_display_settings       [   2.91092] Single Buffer requirement not met.
display  D   display_settings.c:214  debug_display_settings           [   2.91094] color: 16 (rgba 5650), depth: 16, stencil: 0, acc: 0000, samples: 0/0
display  D   display_settings.c:400  _al_score_display_settings       [   2.91096] Single Buffer requirement not met.
display  D   display_settings.c:214  debug_display_settings           [   2.91098] color: 16 (rgba 5650), depth: 16, stencil: 0, acc: 0000, samples: 0/0
display  D   display_settings.c:400  _al_score_display_settings       [   2.91100] Single Buffer requirement not met.
display  D   display_settings.c:214  debug_display_settings           [   2.91102] color: 16 (rgba 5650), depth: 16, stencil: 0, acc: 0000, samples: 2/1
display  D   display_settings.c:400  _al_score_display_settings       [   2.91104] Single Buffer requirement not met.
display  D   display_settings.c:214  debug_display_settings           [   2.91106] color: 32 (rgba 8880), depth: 0, stencil: 0, acc: 0000, samples: 0/0
display  D   display_settings.c:529  _al_score_display_settings       [   2.91108] Score is : 769
display  D   display_settings.c:214  debug_display_settings           [   2.91110] color: 32 (rgba 8880), depth: 0, stencil: 0, acc: 0000, samples: 0/0
display  D   display_settings.c:529  _al_score_display_settings       [   2.91113] Score is : 769
display  D   display_settings.c:214  debug_display_settings           [   2.91115] color: 32 (rgba 8880), depth: 24, stencil: 8, acc: 0000, samples: 0/0
display  D   display_settings.c:529  _al_score_display_settings       [   2.91117] Score is : 769
display  D   display_settings.c:214  debug_display_settings           [   2.91119] color: 32 (rgba 8880), depth: 24, stencil: 8, acc: 0000, samples: 0/0
display  D   display_settings.c:529  _al_score_display_settings       [   2.91121] Score is : 769
display  D   display_settings.c:214  debug_display_settings           [   2.91123] color: 32 (rgba 8880), depth: 24, stencil: 0, acc: 0000, samples: 0/0
display  D   display_settings.c:529  _al_score_display_settings       [   2.91125] Score is : 769
display  D   display_settings.c:214  debug_display_settings           [   2.91127] color: 32 (rgba 8880), depth: 24, stencil: 0, acc: 0000, samples: 0/0
display  D   display_settings.c:529  _al_score_display_settings       [   2.91130] Score is : 769
display  D   display_settings.c:214  debug_display_settings           [   2.91132] color: 32 (rgba 8880), depth: 16, stencil: 0, acc: 0000, samples: 0/0
display  D   display_settings.c:529  _al_score_display_settings       [   2.91134] Score is : 769
display  D   display_settings.c:214  debug_display_settings           [   2.91136] color: 32 (rgba 8880), depth: 16, stencil: 0, acc: 0000, samples: 0/0
display  D   display_settings.c:529  _al_score_display_settings       [   2.91138] Score is : 769
display  D   display_settings.c:214  debug_display_settings           [   2.91140] color: 16 (rgba 5650), depth: 0, stencil: 0, acc: 0000, samples: 0/0
display  D   display_settings.c:529  _al_score_display_settings       [   2.91142] Score is : 769
display  D   display_settings.c:214  debug_display_settings           [   2.91144] color: 16 (rgba 5650), depth: 0, stencil: 0, acc: 0000, samples: 0/0
display  D   display_settings.c:529  _al_score_display_settings       [   2.91146] Score is : 769
display  D   display_settings.c:214  debug_display_settings           [   2.91148] color: 16 (rgba 5650), depth: 0, stencil: 0, acc: 0000, samples: 2/1
display  D   display_settings.c:529  _al_score_display_settings       [   2.91150] Score is : 598
display  D   display_settings.c:214  debug_display_settings           [   2.91152] color: 16 (rgba 5650), depth: 24, stencil: 8, acc: 0000, samples: 0/0
display  D   display_settings.c:529  _al_score_display_settings       [   2.91154] Score is : 769
display  D   display_settings.c:214  debug_display_settings           [   2.91156] color: 16 (rgba 5650), depth: 24, stencil: 8, acc: 0000, samples: 0/0
display  D   display_settings.c:529  _al_score_display_settings       [   2.91158] Score is : 769
display  D   display_settings.c:214  debug_display_settings           [   2.91160] color: 16 (rgba 5650), depth: 24, stencil: 8, acc: 0000, samples: 2/1
display  D   display_settings.c:529  _al_score_display_settings       [   2.91162] Score is : 598
display  D   display_settings.c:214  debug_display_settings           [   2.91163] color: 16 (rgba 5650), depth: 24, stencil: 0, acc: 0000, samples: 0/0
display  D   display_settings.c:529  _al_score_display_settings       [   2.91165] Score is : 769
display  D   display_settings.c:214  debug_display_settings           [   2.91167] color: 16 (rgba 5650), depth: 24, stencil: 0, acc: 0000, samples: 0/0
display  D   display_settings.c:529  _al_score_display_settings       [   2.91169] Score is : 769
display  D   display_settings.c:214  debug_display_settings           [   2.91171] color: 16 (rgba 5650), depth: 24, stencil: 0, acc: 0000, samples: 2/1
display  D   display_settings.c:529  _al_score_display_settings       [   2.91173] Score is : 598
display  D   display_settings.c:214  debug_display_settings           [   2.91179] color: 16 (rgba 5650), depth: 16, stencil: 0, acc: 0000, samples: 0/0
display  D   display_settings.c:529  _al_score_display_settings       [   2.91182] Score is : 769
display  D   display_settings.c:214  debug_display_settings           [   2.91184] color: 16 (rgba 5650), depth: 16, stencil: 0, acc: 0000, samples: 0/0
display  D   display_settings.c:529  _al_score_display_settings       [   2.91186] Score is : 769
display  D   display_settings.c:214  debug_display_settings           [   2.91188] color: 16 (rgba 5650), depth: 16, stencil: 0, acc: 0000, samples: 2/1
display  D   display_settings.c:529  _al_score_display_settings       [   2.91190] Score is : 598
display  D   display_settings.c:214  debug_display_settings           [   2.91192] color: 32 (rgba 8880), depth: 0, stencil: 0, acc: 0000, samples: 0/0
display  D   display_settings.c:400  _al_score_display_settings       [   2.91194] Single Buffer requirement not met.
display  D   display_settings.c:214  debug_display_settings           [   2.91196] color: 32 (rgba 8880), depth: 0, stencil: 0, acc: 0000, samples: 0/0
display  D   display_settings.c:400  _al_score_display_settings       [   2.91198] Single Buffer requirement not met.
display  D   display_settings.c:214  debug_display_settings           [   2.91200] color: 32 (rgba 8880), depth: 24, stencil: 8, acc: 0000, samples: 0/0
display  D   display_settings.c:400  _al_score_display_settings       [   2.91202] Single Buffer requirement not met.
display  D   display_settings.c:214  debug_display_settings           [   2.91204] color: 32 (rgba 8880), depth: 24, stencil: 8, acc: 0000, samples: 0/0
display  D   display_settings.c:400  _al_score_display_settings       [   2.91206] Single Buffer requirement not met.
display  D   display_settings.c:214  debug_display_settings           [   2.91208] color: 32 (rgba 8880), depth: 24, stencil: 0, acc: 0000, samples: 0/0
display  D   display_settings.c:400  _al_score_display_settings       [   2.91211] Single Buffer requirement not met.
display  D   display_settings.c:214  debug_display_settings           [   2.91213] color: 32 (rgba 8880), depth: 24, stencil: 0, acc: 0000, samples: 0/0
display  D   display_settings.c:400  _al_score_display_settings       [   2.91215] Single Buffer requirement not met.
display  D   display_settings.c:214  debug_display_settings           [   2.91216] color: 32 (rgba 8880), depth: 16, stencil: 0, acc: 0000, samples: 0/0
display  D   display_settings.c:400  _al_score_display_settings       [   2.91219] Single Buffer requirement not met.
display  D   display_settings.c:214  debug_display_settings           [   2.91220] color: 32 (rgba 8880), depth: 16, stencil: 0, acc: 0000, samples: 0/0
display  D   display_settings.c:400  _al_score_display_settings       [   2.91223] Single Buffer requirement not met.
display  D   display_settings.c:214  debug_display_settings           [   2.91224] color: 16 (rgba 5650), depth: 0, stencil: 0, acc: 0000, samples: 0/0
display  D   display_settings.c:400  _al_score_display_settings       [   2.91226] Single Buffer requirement not met.
display  D   display_settings.c:214  debug_display_settings           [   2.91229] color: 16 (rgba 5650), depth: 0, stencil: 0, acc: 0000, samples: 0/0
display  D   display_settings.c:400  _al_score_display_settings       [   2.91231] Single Buffer requirement not met.
display  D   display_settings.c:214  debug_display_settings           [   2.91233] color: 16 (rgba 5650), depth: 0, stencil: 0, acc: 0000, samples: 2/1
display  D   display_settings.c:400  _al_score_display_settings       [   2.91236] Single Buffer requirement not met.
display  D   display_settings.c:214  debug_display_settings           [   2.91237] color: 16 (rgba 5650), depth: 24, stencil: 8, acc: 0000, samples: 0/0
display  D   display_settings.c:400  _al_score_display_settings       [   2.91240] Single Buffer requirement not met.
display  D   display_settings.c:214  debug_display_settings           [   2.91241] color: 16 (rgba 5650), depth: 24, stencil: 8, acc: 0000, samples: 0/0
display  D   display_settings.c:400  _al_score_display_settings       [   2.91244] Single Buffer requirement not met.
display  D   display_settings.c:214  debug_display_settings           [   2.91246] color: 16 (rgba 5650), depth: 24, stencil: 8, acc: 0000, samples: 2/1
display  D   display_settings.c:400  _al_score_display_settings       [   2.91248] Single Buffer requirement not met.
display  D   display_settings.c:214  debug_display_settings           [   2.91250] color: 16 (rgba 5650), depth: 24, stencil: 0, acc: 0000, samples: 0/0
display  D   display_settings.c:400  _al_score_display_settings       [   2.91252] Single Buffer requirement not met.
display  D   display_settings.c:214  debug_display_settings           [   2.91254] color: 16 (rgba 5650), depth: 24, stencil: 0, acc: 0000, samples: 0/0
display  D   display_settings.c:400  _al_score_display_settings       [   2.91256] Single Buffer requirement not met.
display  D   display_settings.c:214  debug_display_settings           [   2.91258] color: 16 (rgba 5650), depth: 24, stencil: 0, acc: 0000, samples: 2/1
display  D   display_settings.c:400  _al_score_display_settings       [   2.91260] Single Buffer requirement not met.
display  D   display_settings.c:214  debug_display_settings           [   2.91262] color: 16 (rgba 5650), depth: 16, stencil: 0, acc: 0000, samples: 0/0
display  D   display_settings.c:400  _al_score_display_settings       [   2.91264] Single Buffer requirement not met.
display  D   display_settings.c:214  debug_display_settings           [   2.91266] color: 16 (rgba 5650), depth: 16, stencil: 0, acc: 0000, samples: 0/0
display  D   display_settings.c:400  _al_score_display_settings       [   2.91268] Single Buffer requirement not met.
display  D   display_settings.c:214  debug_display_settings           [   2.91270] color: 16 (rgba 5650), depth: 16, stencil: 0, acc: 0000, samples: 2/1
display  D   display_settings.c:400  _al_score_display_settings       [   2.91272] Single Buffer requirement not met.
d3d      D         d3d_disp.cpp:1677 d3d_create_display_internals     [   2.91277] Trying format 0.
d3d      I         d3d_disp.cpp:1353 d3d_display_thread_proc          [   2.91301] Chose a display format: 23
d3d      I         d3d_disp.cpp:1422 d3d_display_thread_proc          [   2.91304] Normal window.
d3d      I         d3d_disp.cpp:786  d3d_create_device                [   2.93190] Using no depth stencil buffer
d3d      D         d3d_disp.cpp:848  d3d_create_device                [   2.93440] BeginScene succeeded in create_device
d3d      D         d3d_disp.cpp:856  d3d_create_device                [   2.93447] Success
d3d      D         d3d_disp.cpp:1703 d3d_create_display_internals     [   2.93453] Resumed after wait.
d3d      I         d3d_disp.cpp:1736 d3d_create_display_internals     [   2.93460] Format 0 succeeded.
d3d      D         d3d_disp.cpp:1767 d3d_create_display_internals     [   2.93463] Returning d3d_display: 000002108fcf6d80
d3d      D         d3d_disp.cpp:1792 d3d_create_display_locked        [   2.93466] al_display=000002108fcf6d80
d3d      D         d3d_disp.cpp:1793 d3d_create_display_locked        [   2.93468] al_display->vt=000002108fd37dc0
system   W            wsystem.c:894  _al_win_safe_load_library        [   2.93555] PathFindOnPath failed to find d3dx9_43.dll
system   W            wsystem.c:894  _al_win_safe_load_library        [   2.93612] PathFindOnPath failed to find d3dx9_42.dll
system   W            wsystem.c:894  _al_win_safe_load_library        [   2.93692] PathFindOnPath failed to find d3dx9_41.dll
system   W            wsystem.c:894  _al_win_safe_load_library        [   2.93739] PathFindOnPath failed to find d3dx9_40.dll
system   W            wsystem.c:894  _al_win_safe_load_library        [   2.93839] PathFindOnPath failed to find d3dx9_39.dll
system   W            wsystem.c:894  _al_win_safe_load_library        [   2.93893] PathFindOnPath failed to find d3dx9_38.dll
system   W            wsystem.c:894  _al_win_safe_load_library        [   2.93976] PathFindOnPath failed to find d3dx9_37.dll
system   W            wsystem.c:894  _al_win_safe_load_library        [   2.94229] PathFindOnPath failed to find d3dx9_36.dll
system   W            wsystem.c:894  _al_win_safe_load_library        [   2.94284] PathFindOnPath failed to find d3dx9_35.dll
system   W            wsystem.c:894  _al_win_safe_load_library        [   2.94343] PathFindOnPath failed to find d3dx9_34.dll
system   W            wsystem.c:894  _al_win_safe_load_library        [   2.94400] PathFindOnPath failed to find d3dx9_33.dll
system   W            wsystem.c:894  _al_win_safe_load_library        [   2.94452] PathFindOnPath failed to find d3dx9_32.dll
system   W            wsystem.c:894  _al_win_safe_load_library        [   2.94509] PathFindOnPath failed to find d3dx9_31.dll
system   W            wsystem.c:894  _al_win_safe_load_library        [   2.94575] PathFindOnPath failed to find d3dx9_30.dll
system   W            wsystem.c:894  _al_win_safe_load_library        [   2.94626] PathFindOnPath failed to find d3dx9_29.dll
system   W            wsystem.c:894  _al_win_safe_load_library        [   2.94664] PathFindOnPath failed to find d3dx9_28.dll
system   W            wsystem.c:894  _al_win_safe_load_library        [   2.94703] PathFindOnPath failed to find d3dx9_27.dll
system   W            wsystem.c:894  _al_win_safe_load_library        [   2.94742] PathFindOnPath failed to find d3dx9_26.dll
system   W            wsystem.c:894  _al_win_safe_load_library        [   2.94778] PathFindOnPath failed to find d3dx9_25.dll
system   W            wsystem.c:894  _al_win_safe_load_library        [   2.94815] PathFindOnPath failed to find d3dx9_24.dll
d3dx9    E        d3d_d3dx9.cpp:121  _al_load_d3dx9_module            [   2.94818] Failed to load D3DX9 library. Library is not installed.
stdio    D         file_stdio.c:110  file_stdio_fopen                 [   2.94835] opening ./assets/SoukouMincho.ttf rb
font     D                ttf.c:973  al_load_ttf_font_stretch_f       [   2.94937] Font ./assets/SoukouMincho.ttf loaded with pixel size 0 x 270.
font     D                ttf.c:975  al_load_ttf_font_stretch_f       [   2.94944]     ascent=238.0, descent=-33.0, height=270.0
dtor     D               dtor.c:196  _al_register_destructor          [   2.94947] added dtor for ttf_font 000002108fceb3e0, func 00007ff8e0084170
stdio    D         file_stdio.c:110  file_stdio_fopen                 [   2.94953] opening ./assets/SoukouMincho.ttf rb
font     D                ttf.c:973  al_load_ttf_font_stretch_f       [   2.95050] Font ./assets/SoukouMincho.ttf loaded with pixel size 0 x 108.
font     D                ttf.c:975  al_load_ttf_font_stretch_f       [   2.95053]     ascent=96.0, descent=-13.0, height=108.0
dtor     D               dtor.c:196  _al_register_destructor          [   2.95056] added dtor for ttf_font 000002108fceb7d0, func 00007ff8e0084170
stdio    D         file_stdio.c:110  file_stdio_fopen                 [   2.95059] opening ./assets/cover.png rb
stdio    D         file_stdio.c:110  file_stdio_fopen                 [   2.95070] opening ./assets/cover.png rb
d3d      D         d3d_disp.cpp:1197 real_choose_bitmap_format        [   2.95080] Fake format
d3d      D         d3d_disp.cpp:1197 real_choose_bitmap_format        [   2.95083] Fake format
d3d      D         d3d_disp.cpp:1197 real_choose_bitmap_format        [   2.95084] Fake format
d3d      D         d3d_disp.cpp:1197 real_choose_bitmap_format        [   2.95086] Fake format
d3d      D         d3d_disp.cpp:1197 real_choose_bitmap_format        [   2.95088] Fake format
d3d      D         d3d_disp.cpp:1197 real_choose_bitmap_format        [   2.95090] Fake format
d3d      D         d3d_disp.cpp:1197 real_choose_bitmap_format        [   2.95091] Fake format
d3d      D         d3d_disp.cpp:1197 real_choose_bitmap_format        [   2.95093] Fake format
d3d      D         d3d_disp.cpp:1197 real_choose_bitmap_format        [   2.95095] Fake format
d3d      D         d3d_disp.cpp:1205 real_choose_bitmap_format        [   2.95097] Alpha doesn't match
d3d      D         d3d_disp.cpp:1212 real_choose_bitmap_format        [   2.95099] Adapter format is 23
d3d      D         d3d_disp.cpp:1215 real_choose_bitmap_format        [   2.95102] Found a format
d3d      I         d3d_disp.cpp:2388 d3d_create_bitmap                [   2.95104] Chose bitmap format 9
dtor     D               dtor.c:196  _al_register_destructor          [   2.95391] added dtor for bitmap 000002108fce9db0, func 00007ff8dff31bf8
stdio    D         file_stdio.c:110  file_stdio_fopen                 [   2.97547] opening ./assets/egg.png rb
stdio    D         file_stdio.c:110  file_stdio_fopen                 [   2.97566] opening ./assets/egg.png rb
d3d      D         d3d_disp.cpp:1197 real_choose_bitmap_format        [   2.97574] Fake format
d3d      D         d3d_disp.cpp:1197 real_choose_bitmap_format        [   2.97576] Fake format
d3d      D         d3d_disp.cpp:1197 real_choose_bitmap_format        [   2.97578] Fake format
d3d      D         d3d_disp.cpp:1197 real_choose_bitmap_format        [   2.97580] Fake format
d3d      D         d3d_disp.cpp:1197 real_choose_bitmap_format        [   2.97582] Fake format
d3d      D         d3d_disp.cpp:1197 real_choose_bitmap_format        [   2.97583] Fake format
d3d      D         d3d_disp.cpp:1197 real_choose_bitmap_format        [   2.97585] Fake format
d3d      D         d3d_disp.cpp:1197 real_choose_bitmap_format        [   2.97587] Fake format
d3d      D         d3d_disp.cpp:1197 real_choose_bitmap_format        [   2.97589] Fake format
d3d      D         d3d_disp.cpp:1205 real_choose_bitmap_format        [   2.97590] Alpha doesn't match
d3d      D         d3d_disp.cpp:1212 real_choose_bitmap_format        [   2.97592] Adapter format is 23
d3d      D         d3d_disp.cpp:1215 real_choose_bitmap_format        [   2.97594] Found a format
d3d      I         d3d_disp.cpp:2388 d3d_create_bitmap                [   2.97596] Chose bitmap format 9
dtor     D               dtor.c:196  _al_register_destructor          [   2.97612] added dtor for bitmap 000002108fda2f20, func 00007ff8dff31bf8
stdio    D         file_stdio.c:110  file_stdio_fopen                 [   2.97934] opening ./assets/breakedegg.png rb
stdio    D         file_stdio.c:110  file_stdio_fopen                 [   2.97942] opening ./assets/breakedegg.png rb
d3d      D         d3d_disp.cpp:1197 real_choose_bitmap_format        [   2.97948] Fake format
d3d      D         d3d_disp.cpp:1197 real_choose_bitmap_format        [   2.97951] Fake format
d3d      D         d3d_disp.cpp:1197 real_choose_bitmap_format        [   2.97953] Fake format
d3d      D         d3d_disp.cpp:1197 real_choose_bitmap_format        [   2.97955] Fake format
d3d      D         d3d_disp.cpp:1197 real_choose_bitmap_format        [   2.97956] Fake format
d3d      D         d3d_disp.cpp:1197 real_choose_bitmap_format        [   2.97958] Fake format
d3d      D         d3d_disp.cpp:1197 real_choose_bitmap_format        [   2.97960] Fake format
d3d      D         d3d_disp.cpp:1197 real_choose_bitmap_format        [   2.97961] Fake format
d3d      D         d3d_disp.cpp:1197 real_choose_bitmap_format        [   2.97963] Fake format
d3d      D         d3d_disp.cpp:1205 real_choose_bitmap_format        [   2.97965] Alpha doesn't match
d3d      D         d3d_disp.cpp:1212 real_choose_bitmap_format        [   2.97967] Adapter format is 23
d3d      D         d3d_disp.cpp:1215 real_choose_bitmap_format        [   2.97968] Found a format
d3d      I         d3d_disp.cpp:2388 d3d_create_bitmap                [   2.97970] Chose bitmap format 9
dtor     D               dtor.c:196  _al_register_destructor          [   2.97985] added dtor for bitmap 000002108fd34310, func 00007ff8dff31bf8
stdio    D         file_stdio.c:110  file_stdio_fopen                 [   2.98430] opening ././assets/PressedPlay.png rb
stdio    D         file_stdio.c:110  file_stdio_fopen                 [   2.98437] opening ././assets/PressedPlay.png rb
d3d      D         d3d_disp.cpp:1197 real_choose_bitmap_format        [   2.98443] Fake format
d3d      D         d3d_disp.cpp:1197 real_choose_bitmap_format        [   2.98445] Fake format
d3d      D         d3d_disp.cpp:1197 real_choose_bitmap_format        [   2.98448] Fake format
d3d      D         d3d_disp.cpp:1197 real_choose_bitmap_format        [   2.98450] Fake format
d3d      D         d3d_disp.cpp:1197 real_choose_bitmap_format        [   2.98452] Fake format
d3d      D         d3d_disp.cpp:1197 real_choose_bitmap_format        [   2.98454] Fake format
d3d      D         d3d_disp.cpp:1197 real_choose_bitmap_format        [   2.98455] Fake format
d3d      D         d3d_disp.cpp:1197 real_choose_bitmap_format        [   2.98457] Fake format
d3d      D         d3d_disp.cpp:1197 real_choose_bitmap_format        [   2.98459] Fake format
d3d      D         d3d_disp.cpp:1205 real_choose_bitmap_format        [   2.98460] Alpha doesn't match
d3d      D         d3d_disp.cpp:1212 real_choose_bitmap_format        [   2.98462] Adapter format is 23
d3d      D         d3d_disp.cpp:1215 real_choose_bitmap_format        [   2.98464] Found a format
d3d      I         d3d_disp.cpp:2388 d3d_create_bitmap                [   2.98466] Chose bitmap format 9
dtor     D               dtor.c:196  _al_register_destructor          [   2.98478] added dtor for bitmap 000002108fda15e0, func 00007ff8dff31bf8
stdio    D         file_stdio.c:110  file_stdio_fopen                 [   2.98879] opening ././assets/PlayButton.png rb
stdio    D         file_stdio.c:110  file_stdio_fopen                 [   2.98892] opening ././assets/PlayButton.png rb
d3d      D         d3d_disp.cpp:1197 real_choose_bitmap_format        [   2.98900] Fake format
d3d      D         d3d_disp.cpp:1197 real_choose_bitmap_format        [   2.98902] Fake format
d3d      D         d3d_disp.cpp:1197 real_choose_bitmap_format        [   2.98904] Fake format
d3d      D         d3d_disp.cpp:1197 real_choose_bitmap_format        [   2.98907] Fake format
d3d      D         d3d_disp.cpp:1197 real_choose_bitmap_format        [   2.98909] Fake format
d3d      D         d3d_disp.cpp:1197 real_choose_bitmap_format        [   2.98911] Fake format
d3d      D         d3d_disp.cpp:1197 real_choose_bitmap_format        [   2.98912] Fake format
d3d      D         d3d_disp.cpp:1197 real_choose_bitmap_format        [   2.98914] Fake format
d3d      D         d3d_disp.cpp:1197 real_choose_bitmap_format        [   2.98917] Fake format
d3d      D         d3d_disp.cpp:1205 real_choose_bitmap_format        [   2.98919] Alpha doesn't match
d3d      D         d3d_disp.cpp:1212 real_choose_bitmap_format        [   2.98921] Adapter format is 23
d3d      D         d3d_disp.cpp:1215 real_choose_bitmap_format        [   2.98923] Found a format
d3d      I         d3d_disp.cpp:2388 d3d_create_bitmap                [   2.98925] Chose bitmap format 9
dtor     D               dtor.c:196  _al_register_destructor          [   2.98943] added dtor for bitmap 000002108fda17a0, func 00007ff8dff31bf8
stdio    D         file_stdio.c:110  file_stdio_fopen                 [   2.99332] opening ././assets/ExitButton.png rb
stdio    D         file_stdio.c:110  file_stdio_fopen                 [   2.99341] opening ././assets/ExitButton.png rb
d3d      D         d3d_disp.cpp:1197 real_choose_bitmap_format        [   2.99347] Fake format
d3d      D         d3d_disp.cpp:1197 real_choose_bitmap_format        [   2.99350] Fake format
d3d      D         d3d_disp.cpp:1197 real_choose_bitmap_format        [   2.99352] Fake format
d3d      D         d3d_disp.cpp:1197 real_choose_bitmap_format        [   2.99354] Fake format
d3d      D         d3d_disp.cpp:1197 real_choose_bitmap_format        [   2.99356] Fake format
d3d      D         d3d_disp.cpp:1197 real_choose_bitmap_format        [   2.99358] Fake format
d3d      D         d3d_disp.cpp:1197 real_choose_bitmap_format        [   2.99360] Fake format
d3d      D         d3d_disp.cpp:1197 real_choose_bitmap_format        [   2.99362] Fake format
d3d      D         d3d_disp.cpp:1197 real_choose_bitmap_format        [   2.99364] Fake format
d3d      D         d3d_disp.cpp:1205 real_choose_bitmap_format        [   2.99366] Alpha doesn't match
d3d      D         d3d_disp.cpp:1212 real_choose_bitmap_format        [   2.99368] Adapter format is 23
d3d      D         d3d_disp.cpp:1215 real_choose_bitmap_format        [   2.99370] Found a format
d3d      I         d3d_disp.cpp:2388 d3d_create_bitmap                [   2.99372] Chose bitmap format 9
dtor     D               dtor.c:196  _al_register_destructor          [   2.99384] added dtor for bitmap 000002108fda1960, func 00007ff8dff31bf8
stdio    D         file_stdio.c:110  file_stdio_fopen                 [   2.99742] opening ././assets/PressedExit.png rb
stdio    D         file_stdio.c:110  file_stdio_fopen                 [   2.99750] opening ././assets/PressedExit.png rb
d3d      D         d3d_disp.cpp:1197 real_choose_bitmap_format        [   2.99755] Fake format
d3d      D         d3d_disp.cpp:1197 real_choose_bitmap_format        [   2.99758] Fake format
d3d      D         d3d_disp.cpp:1197 real_choose_bitmap_format        [   2.99760] Fake format
d3d      D         d3d_disp.cpp:1197 real_choose_bitmap_format        [   2.99762] Fake format
d3d      D         d3d_disp.cpp:1197 real_choose_bitmap_format        [   2.99764] Fake format
d3d      D         d3d_disp.cpp:1197 real_choose_bitmap_format        [   2.99766] Fake format
d3d      D         d3d_disp.cpp:1197 real_choose_bitmap_format        [   2.99767] Fake format
d3d      D         d3d_disp.cpp:1197 real_choose_bitmap_format        [   2.99769] Fake format
d3d      D         d3d_disp.cpp:1197 real_choose_bitmap_format        [   2.99771] Fake format
d3d      D         d3d_disp.cpp:1205 real_choose_bitmap_format        [   2.99773] Alpha doesn't match
d3d      D         d3d_disp.cpp:1212 real_choose_bitmap_format        [   2.99774] Adapter format is 23
d3d      D         d3d_disp.cpp:1215 real_choose_bitmap_format        [   2.99776] Found a format
d3d      I         d3d_disp.cpp:2388 d3d_create_bitmap                [   2.99778] Chose bitmap format 9
dtor     D               dtor.c:196  _al_register_destructor          [   2.99789] added dtor for bitmap 000002108fda1b20, func 00007ff8dff31bf8
stdio    D         file_stdio.c:110  file_stdio_fopen                 [   3.00149] opening ././assets/Arrow.png rb
stdio    D         file_stdio.c:110  file_stdio_fopen                 [   3.00158] opening ././assets/Arrow.png rb
d3d      D         d3d_disp.cpp:1197 real_choose_bitmap_format        [   3.00163] Fake format
d3d      D         d3d_disp.cpp:1197 real_choose_bitmap_format        [   3.00165] Fake format
d3d      D         d3d_disp.cpp:1197 real_choose_bitmap_format        [   3.00167] Fake format
d3d      D         d3d_disp.cpp:1197 real_choose_bitmap_format        [   3.00169] Fake format
d3d      D         d3d_disp.cpp:1197 real_choose_bitmap_format        [   3.00171] Fake format
d3d      D         d3d_disp.cpp:1197 real_choose_bitmap_format        [   3.00173] Fake format
d3d      D         d3d_disp.cpp:1197 real_choose_bitmap_format        [   3.00174] Fake format
d3d      D         d3d_disp.cpp:1197 real_choose_bitmap_format        [   3.00176] Fake format
d3d      D         d3d_disp.cpp:1197 real_choose_bitmap_format        [   3.00178] Fake format
d3d      D         d3d_disp.cpp:1205 real_choose_bitmap_format        [   3.00180] Alpha doesn't match
d3d      D         d3d_disp.cpp:1212 real_choose_bitmap_format        [   3.00181] Adapter format is 23
d3d      D         d3d_disp.cpp:1215 real_choose_bitmap_format        [   3.00183] Found a format
d3d      I         d3d_disp.cpp:2388 d3d_create_bitmap                [   3.00185] Chose bitmap format 9
dtor     D               dtor.c:196  _al_register_destructor          [   3.00194] added dtor for bitmap 000002108fda11e0, func 00007ff8dff31bf8
stdio    D         file_stdio.c:110  file_stdio_fopen                 [   3.00439] opening ././assets/Skeleton.png rb
stdio    D         file_stdio.c:110  file_stdio_fopen                 [   3.00458] opening ././assets/Skeleton.png rb
d3d      D         d3d_disp.cpp:1197 real_choose_bitmap_format        [   3.00466] Fake format
d3d      D         d3d_disp.cpp:1197 real_choose_bitmap_format        [   3.00468] Fake format
d3d      D         d3d_disp.cpp:1197 real_choose_bitmap_format        [   3.00470] Fake format
d3d      D         d3d_disp.cpp:1197 real_choose_bitmap_format        [   3.00471] Fake format
d3d      D         d3d_disp.cpp:1197 real_choose_bitmap_format        [   3.00473] Fake format
d3d      D         d3d_disp.cpp:1197 real_choose_bitmap_format        [   3.00475] Fake format
d3d      D         d3d_disp.cpp:1197 real_choose_bitmap_format        [   3.00476] Fake format
d3d      D         d3d_disp.cpp:1197 real_choose_bitmap_format        [   3.00478] Fake format
d3d      D         d3d_disp.cpp:1197 real_choose_bitmap_format        [   3.00480] Fake format
d3d      D         d3d_disp.cpp:1205 real_choose_bitmap_format        [   3.00481] Alpha doesn't match
d3d      D         d3d_disp.cpp:1212 real_choose_bitmap_format        [   3.00483] Adapter format is 23
d3d      D         d3d_disp.cpp:1215 real_choose_bitmap_format        [   3.00485] Found a format
d3d      I         d3d_disp.cpp:2388 d3d_create_bitmap                [   3.00487] Chose bitmap format 9
dtor     D               dtor.c:196  _al_register_destructor          [   3.00510] added dtor for bitmap 000002108fda13a0, func 00007ff8dff31bf8
stdio    D         file_stdio.c:110  file_stdio_fopen                 [   3.00975] opening ././assets/CrackedEgg.png rb
stdio    D         file_stdio.c:110  file_stdio_fopen                 [   3.00983] opening ././assets/CrackedEgg.png rb
d3d      D         d3d_disp.cpp:1197 real_choose_bitmap_format        [   3.00988] Fake format
d3d      D         d3d_disp.cpp:1197 real_choose_bitmap_format        [   3.00990] Fake format
d3d      D         d3d_disp.cpp:1197 real_choose_bitmap_format        [   3.00992] Fake format
d3d      D         d3d_disp.cpp:1197 real_choose_bitmap_format        [   3.00993] Fake format
d3d      D         d3d_disp.cpp:1197 real_choose_bitmap_format        [   3.00995] Fake format
d3d      D         d3d_disp.cpp:1197 real_choose_bitmap_format        [   3.00997] Fake format
d3d      D         d3d_disp.cpp:1197 real_choose_bitmap_format        [   3.00998] Fake format
d3d      D         d3d_disp.cpp:1197 real_choose_bitmap_format        [   3.01000] Fake format
d3d      D         d3d_disp.cpp:1197 real_choose_bitmap_format        [   3.01002] Fake format
d3d      D         d3d_disp.cpp:1205 real_choose_bitmap_format        [   3.01003] Alpha doesn't match
d3d      D         d3d_disp.cpp:1212 real_choose_bitmap_format        [   3.01005] Adapter format is 23
d3d      D         d3d_disp.cpp:1215 real_choose_bitmap_format        [   3.01007] Found a format
d3d      I         d3d_disp.cpp:2388 d3d_create_bitmap                [   3.01009] Chose bitmap format 9
dtor     D               dtor.c:196  _al_register_destructor          [   3.01019] added dtor for bitmap 000002108fda1f20, func 00007ff8dff31bf8
dtor     D               dtor.c:196  _al_register_destructor          [   3.01358] added dtor for queue 00000210903d7dd0, func 00007ff8dff5cc4e
d3d      D          d3d_bmp.cpp:539  _al_d3d_sync_bitmap              [   3.01445] _al_d3d_sync_bitmap (system) ref count == 1
d3d      D          d3d_bmp.cpp:545  _al_d3d_sync_bitmap              [   3.01451] _al_d3d_sync_bitmap (video) ref count == 1
d3d      D          d3d_bmp.cpp:539  _al_d3d_sync_bitmap              [   3.01494] _al_d3d_sync_bitmap (system) ref count == 1
d3d      D          d3d_bmp.cpp:545  _al_d3d_sync_bitmap              [   3.01497] _al_d3d_sync_bitmap (video) ref count == 1
d3d      D          d3d_bmp.cpp:539  _al_d3d_sync_bitmap              [   3.01503] _al_d3d_sync_bitmap (system) ref count == 1
d3d      D          d3d_bmp.cpp:545  _al_d3d_sync_bitmap              [   3.01505] _al_d3d_sync_bitmap (video) ref count == 1
d3d      D          d3d_bmp.cpp:539  _al_d3d_sync_bitmap              [   3.01516] _al_d3d_sync_bitmap (system) ref count == 1
d3d      D          d3d_bmp.cpp:545  _al_d3d_sync_bitmap              [   3.01518] _al_d3d_sync_bitmap (video) ref count == 1
d3d      D          d3d_bmp.cpp:539  _al_d3d_sync_bitmap              [   3.01525] _al_d3d_sync_bitmap (system) ref count == 1
d3d      D          d3d_bmp.cpp:545  _al_d3d_sync_bitmap              [   3.01527] _al_d3d_sync_bitmap (video) ref count == 1
d3d      D          d3d_bmp.cpp:539  _al_d3d_sync_bitmap              [   3.01536] _al_d3d_sync_bitmap (system) ref count == 1
d3d      D          d3d_bmp.cpp:545  _al_d3d_sync_bitmap              [   3.01538] _al_d3d_sync_bitmap (video) ref count == 1
d3d      D          d3d_bmp.cpp:539  _al_d3d_sync_bitmap              [   3.01544] _al_d3d_sync_bitmap (system) ref count == 1
d3d      D          d3d_bmp.cpp:545  _al_d3d_sync_bitmap              [   3.01546] _al_d3d_sync_bitmap (video) ref count == 1
d3d      D          d3d_bmp.cpp:539  _al_d3d_sync_bitmap              [   3.01553] _al_d3d_sync_bitmap (system) ref count == 1
d3d      D          d3d_bmp.cpp:545  _al_d3d_sync_bitmap              [   3.01556] _al_d3d_sync_bitmap (video) ref count == 1
d3d      D          d3d_bmp.cpp:539  _al_d3d_sync_bitmap              [   3.01567] _al_d3d_sync_bitmap (system) ref count == 1
d3d      D          d3d_bmp.cpp:545  _al_d3d_sync_bitmap              [   3.01569] _al_d3d_sync_bitmap (video) ref count == 1
d3d      D          d3d_bmp.cpp:539  _al_d3d_sync_bitmap              [   3.01576] _al_d3d_sync_bitmap (system) ref count == 1
d3d      D          d3d_bmp.cpp:545  _al_d3d_sync_bitmap              [   3.01578] _al_d3d_sync_bitmap (video) ref count == 1
dtor     D               dtor.c:196  _al_register_destructor          [   4.14712] added dtor for queue 000002108fda1e00, func 00007ff8dff5cc4e
d3d      D         d3d_disp.cpp:1197 real_choose_bitmap_format        [   4.14981] Fake format
d3d      D         d3d_disp.cpp:1197 real_choose_bitmap_format        [   4.14991] Fake format
d3d      D         d3d_disp.cpp:1197 real_choose_bitmap_format        [   4.14994] Fake format
d3d      D         d3d_disp.cpp:1197 real_choose_bitmap_format        [   4.14997] Fake format
d3d      D         d3d_disp.cpp:1197 real_choose_bitmap_format        [   4.14999] Fake format
d3d      D         d3d_disp.cpp:1197 real_choose_bitmap_format        [   4.15002] Fake format
d3d      D         d3d_disp.cpp:1197 real_choose_bitmap_format        [   4.15005] Fake format
d3d      D         d3d_disp.cpp:1197 real_choose_bitmap_format        [   4.15007] Fake format
d3d      D         d3d_disp.cpp:1197 real_choose_bitmap_format        [   4.15010] Fake format
d3d      D         d3d_disp.cpp:1205 real_choose_bitmap_format        [   4.15012] Alpha doesn't match
d3d      D         d3d_disp.cpp:1212 real_choose_bitmap_format        [   4.15015] Adapter format is 23
d3d      D         d3d_disp.cpp:1215 real_choose_bitmap_format        [   4.15022] Found a format
d3d      I         d3d_disp.cpp:2388 d3d_create_bitmap                [   4.15025] Chose bitmap format 9
font     D                ttf.c:243  alloc_glyph_region               [   4.15853] Glyph 42: 42x82 (44x84)
font     D                ttf.c:287  alloc_glyph_region               [   4.15865] Locking glyph region: 000002108fda2cf0 0 0 44 84
font     D                ttf.c:167  unlock_current_page              [   4.15923] Unlocking page: 000002108fda2cf0
font     D                ttf.c:243  alloc_glyph_region               [   4.15975] Glyph 55: 82x83 (84x84)
font     D                ttf.c:287  alloc_glyph_region               [   4.15979] Locking glyph region: 000002108fda2cf0 44 0 84 84
font     D                ttf.c:167  unlock_current_page              [   4.16781] Unlocking page: 000002108fda2cf0
d3d      D          d3d_bmp.cpp:539  _al_d3d_sync_bitmap              [   4.17167] _al_d3d_sync_bitmap (system) ref count == 1
d3d      D          d3d_bmp.cpp:545  _al_d3d_sync_bitmap              [   4.17177] _al_d3d_sync_bitmap (video) ref count == 1
