stdio    D         file_stdio.c:110  file_stdio_fopen                 [   0.00000] opening C:\Users\lidinglun\Desktop\FIGHT_NEW\bin\Debug\allegro5.cfg r
system   D            wsystem.c:889  _al_win_safe_load_library        [   0.00000] PathFindOnPath found: C:\Windows\system32\shcore.dll
system   D            wsystem.c:795  load_library_at_path             [   0.00000] Calling LoadLibrary C:\Windows\system32\shcore.dll
system   I            wsystem.c:798  load_library_at_path             [   0.00000] Loaded C:\Windows\system32\shcore.dll
system   I             system.c:271  al_install_system                [   0.00000] Allegro version: 5.2.8
audio-dsound I           dsound.cpp:275  _dsound_open                     [   0.00018] Starting DirectSound...
audio-dsound D           dsound.cpp:288  _dsound_open                     [   0.01287] DirectSoundCreate8 succeeded
audio-dsound I           dsound.cpp:77   get_window                       [   0.01297] Using desktop window: 0000000000010010
audio    I              audio.c:391  do_install_audio                 [   0.01305] Using DirectSound driver
audio-dsound D           dsound.cpp:322  _dsound_allocate_voice           [   0.01334] Allocating voice
audio-dsound D           dsound.cpp:381  _dsound_allocate_voice           [   0.01337] Allocated voice
dtor     D               dtor.c:196  _al_register_destructor          [   0.01345] added dtor for voice 0000019f23757510, func 00007ffe01d15312
dtor     D               dtor.c:196  _al_register_destructor          [   0.01351] added dtor for mixer 0000019f23757680, func 00007ffe01d1050f
audio-dsound D           dsound.cpp:477  _dsound_start_voice              [   0.01354] Starting voice
audio-dsound D           dsound.cpp:505  _dsound_start_voice              [   0.01356] CreateSoundBuffer
audio-dsound D           dsound.cpp:513  _dsound_start_voice              [   0.01487] CreateSoundBuffer succeeded
audio-dsound D           dsound.cpp:519  _dsound_start_voice              [   0.01493] Starting _dsound_update thread
audio-dsound I           dsound.cpp:529  _dsound_start_voice              [   0.01504] Voice started
dtor     D               dtor.c:196  _al_register_destructor          [   0.01508] added dtor for sample_instance 0000019f237578f0, func 00007ffe01d090dc
audio    D          kcm_mixer.c:121  _al_rechannel_matrix             [   0.01519] sample matrix:
audio    D          kcm_mixer.c:127  _al_rechannel_matrix             [   0.01521] 
audio    D          kcm_mixer.c:127  _al_rechannel_matrix             [   0.01524] 
dtor     D               dtor.c:196  _al_register_destructor          [   0.01526] added dtor for sample_instance 0000019f23758fa0, func 00007ffe01d090dc
audio    D          kcm_mixer.c:121  _al_rechannel_matrix             [   0.01529] sample matrix:
audio    D          kcm_mixer.c:127  _al_rechannel_matrix             [   0.01531] 
audio    D          kcm_mixer.c:127  _al_rechannel_matrix             [   0.01533] 
dtor     D               dtor.c:196  _al_register_destructor          [   0.01535] added dtor for sample_instance 0000019f237589c0, func 00007ffe01d090dc
audio    D          kcm_mixer.c:121  _al_rechannel_matrix             [   0.01538] sample matrix:
audio    D          kcm_mixer.c:127  _al_rechannel_matrix             [   0.01540] 
audio    D          kcm_mixer.c:127  _al_rechannel_matrix             [   0.01542] 
dtor     D               dtor.c:196  _al_register_destructor          [   0.01544] added dtor for sample_instance 0000019f23758ae0, func 00007ffe01d090dc
audio    D          kcm_mixer.c:121  _al_rechannel_matrix             [   0.01547] sample matrix:
audio    D          kcm_mixer.c:127  _al_rechannel_matrix             [   0.01549] 
audio    D          kcm_mixer.c:127  _al_rechannel_matrix             [   0.01550] 
dtor     D               dtor.c:196  _al_register_destructor          [   0.01556] added dtor for sample_instance 0000019f2504bfc0, func 00007ffe01d090dc
audio    D          kcm_mixer.c:121  _al_rechannel_matrix             [   0.01574] sample matrix:
audio    D          kcm_mixer.c:127  _al_rechannel_matrix             [   0.01583] 
audio    D          kcm_mixer.c:127  _al_rechannel_matrix             [   0.01586] 
dtor     D               dtor.c:196  _al_register_destructor          [   0.01588] added dtor for sample_instance 0000019f2504c0e0, func 00007ffe01d090dc
audio    D          kcm_mixer.c:121  _al_rechannel_matrix             [   0.01594] sample matrix:
audio    D          kcm_mixer.c:127  _al_rechannel_matrix             [   0.01596] 
audio    D          kcm_mixer.c:127  _al_rechannel_matrix             [   0.01599] 
dtor     D               dtor.c:196  _al_register_destructor          [   0.01604] added dtor for sample_instance 0000019f2504c200, func 00007ffe01d090dc
audio    D          kcm_mixer.c:121  _al_rechannel_matrix             [   0.01607] sample matrix:
audio    D          kcm_mixer.c:127  _al_rechannel_matrix             [   0.01609] 
audio    D          kcm_mixer.c:127  _al_rechannel_matrix             [   0.01611] 
dtor     D               dtor.c:196  _al_register_destructor          [   0.01613] added dtor for sample_instance 0000019f2504c320, func 00007ffe01d090dc
audio    D          kcm_mixer.c:121  _al_rechannel_matrix             [   0.01615] sample matrix:
audio    D          kcm_mixer.c:127  _al_rechannel_matrix             [   0.01617] 
audio    D          kcm_mixer.c:127  _al_rechannel_matrix             [   0.01619] 
dtor     D               dtor.c:196  _al_register_destructor          [   0.01621] added dtor for sample_instance 0000019f2504c550, func 00007ffe01d090dc
audio    D          kcm_mixer.c:121  _al_rechannel_matrix             [   0.01627] sample matrix:
audio    D          kcm_mixer.c:127  _al_rechannel_matrix             [   0.01631] 
audio    D          kcm_mixer.c:127  _al_rechannel_matrix             [   0.01633] 
system   D            wsystem.c:889  _al_win_safe_load_library        [   0.01678] PathFindOnPath found: C:\Windows\system32\d3d9.dll
system   D            wsystem.c:795  load_library_at_path             [   0.01681] Calling LoadLibrary C:\Windows\system32\d3d9.dll
system   I            wsystem.c:798  load_library_at_path             [   0.01917] Loaded C:\Windows\system32\d3d9.dll
d3d      I         d3d_disp.cpp:679  d3d_init_display                 [   0.02480] Render-to-texture: 1
d3d      I         d3d_disp.cpp:1780 d3d_create_display_locked        [   0.02529] faux_fullscreen=0
d3d      D         d3d_disp.cpp:1781 d3d_create_display_locked        [   0.02533] al_display=0000019f2375e6e0
d3d      D         d3d_disp.cpp:1782 d3d_create_display_locked        [   0.02535] al_display->vt=0000019f2375e570
d3d      I d3d_display_formats.cpp:144  _al_d3d_generate_display_format_list [   0.02717] found 80 format combinations
display  D   display_settings.c:214  debug_display_settings           [   0.02729] color: 32 (rgba 8880), depth: 0, stencil: 0, acc: 0000, samples: 0/0
display  D   display_settings.c:529  _al_score_display_settings       [   0.02736] Score is : 897
display  D   display_settings.c:214  debug_display_settings           [   0.02746] color: 32 (rgba 8880), depth: 0, stencil: 0, acc: 0000, samples: 0/0
display  D   display_settings.c:529  _al_score_display_settings       [   0.02763] Score is : 897
display  D   display_settings.c:214  debug_display_settings           [   0.02767] color: 32 (rgba 8880), depth: 24, stencil: 8, acc: 0000, samples: 0/0
display  D   display_settings.c:529  _al_score_display_settings       [   0.02770] Score is : 897
display  D   display_settings.c:214  debug_display_settings           [   0.02772] color: 32 (rgba 8880), depth: 24, stencil: 8, acc: 0000, samples: 0/0
display  D   display_settings.c:529  _al_score_display_settings       [   0.02795] Score is : 897
display  D   display_settings.c:214  debug_display_settings           [   0.02799] color: 32 (rgba 8880), depth: 24, stencil: 0, acc: 0000, samples: 0/0
display  D   display_settings.c:529  _al_score_display_settings       [   0.02801] Score is : 897
display  D   display_settings.c:214  debug_display_settings           [   0.02803] color: 32 (rgba 8880), depth: 24, stencil: 0, acc: 0000, samples: 0/0
display  D   display_settings.c:529  _al_score_display_settings       [   0.02806] Score is : 897
display  D   display_settings.c:214  debug_display_settings           [   0.02808] color: 32 (rgba 8880), depth: 16, stencil: 0, acc: 0000, samples: 0/0
display  D   display_settings.c:529  _al_score_display_settings       [   0.02811] Score is : 897
display  D   display_settings.c:214  debug_display_settings           [   0.02813] color: 32 (rgba 8880), depth: 16, stencil: 0, acc: 0000, samples: 0/0
display  D   display_settings.c:529  _al_score_display_settings       [   0.02815] Score is : 897
display  D   display_settings.c:214  debug_display_settings           [   0.02817] color: 16 (rgba 5650), depth: 0, stencil: 0, acc: 0000, samples: 0/0
display  D   display_settings.c:529  _al_score_display_settings       [   0.02819] Score is : 897
display  D   display_settings.c:214  debug_display_settings           [   0.02821] color: 16 (rgba 5650), depth: 0, stencil: 0, acc: 0000, samples: 0/0
display  D   display_settings.c:529  _al_score_display_settings       [   0.02824] Score is : 897
display  D   display_settings.c:214  debug_display_settings           [   0.02825] color: 16 (rgba 5650), depth: 0, stencil: 0, acc: 0000, samples: 2/1
display  D   display_settings.c:529  _al_score_display_settings       [   0.02828] Score is : 726
display  D   display_settings.c:214  debug_display_settings           [   0.02830] color: 16 (rgba 5650), depth: 24, stencil: 8, acc: 0000, samples: 0/0
display  D   display_settings.c:529  _al_score_display_settings       [   0.02832] Score is : 897
display  D   display_settings.c:214  debug_display_settings           [   0.02834] color: 16 (rgba 5650), depth: 24, stencil: 8, acc: 0000, samples: 0/0
display  D   display_settings.c:529  _al_score_display_settings       [   0.02836] Score is : 897
display  D   display_settings.c:214  debug_display_settings           [   0.02838] color: 16 (rgba 5650), depth: 24, stencil: 8, acc: 0000, samples: 2/1
display  D   display_settings.c:529  _al_score_display_settings       [   0.02840] Score is : 726
display  D   display_settings.c:214  debug_display_settings           [   0.02842] color: 16 (rgba 5650), depth: 24, stencil: 0, acc: 0000, samples: 0/0
display  D   display_settings.c:529  _al_score_display_settings       [   0.02845] Score is : 897
display  D   display_settings.c:214  debug_display_settings           [   0.02846] color: 16 (rgba 5650), depth: 24, stencil: 0, acc: 0000, samples: 0/0
display  D   display_settings.c:529  _al_score_display_settings       [   0.02852] Score is : 897
display  D   display_settings.c:214  debug_display_settings           [   0.02854] color: 16 (rgba 5650), depth: 24, stencil: 0, acc: 0000, samples: 2/1
display  D   display_settings.c:529  _al_score_display_settings       [   0.02864] Score is : 726
display  D   display_settings.c:214  debug_display_settings           [   0.02866] color: 16 (rgba 5650), depth: 16, stencil: 0, acc: 0000, samples: 0/0
display  D   display_settings.c:529  _al_score_display_settings       [   0.02868] Score is : 897
display  D   display_settings.c:214  debug_display_settings           [   0.02870] color: 16 (rgba 5650), depth: 16, stencil: 0, acc: 0000, samples: 0/0
display  D   display_settings.c:529  _al_score_display_settings       [   0.02872] Score is : 897
display  D   display_settings.c:214  debug_display_settings           [   0.02874] color: 16 (rgba 5650), depth: 16, stencil: 0, acc: 0000, samples: 2/1
display  D   display_settings.c:529  _al_score_display_settings       [   0.02884] Score is : 726
display  D   display_settings.c:214  debug_display_settings           [   0.02886] color: 32 (rgba 8880), depth: 0, stencil: 0, acc: 0000, samples: 0/0
display  D   display_settings.c:400  _al_score_display_settings       [   0.02888] Single Buffer requirement not met.
display  D   display_settings.c:214  debug_display_settings           [   0.02891] color: 32 (rgba 8880), depth: 0, stencil: 0, acc: 0000, samples: 0/0
display  D   display_settings.c:400  _al_score_display_settings       [   0.02894] Single Buffer requirement not met.
display  D   display_settings.c:214  debug_display_settings           [   0.02896] color: 32 (rgba 8880), depth: 24, stencil: 8, acc: 0000, samples: 0/0
display  D   display_settings.c:400  _al_score_display_settings       [   0.02899] Single Buffer requirement not met.
display  D   display_settings.c:214  debug_display_settings           [   0.02901] color: 32 (rgba 8880), depth: 24, stencil: 8, acc: 0000, samples: 0/0
display  D   display_settings.c:400  _al_score_display_settings       [   0.02904] Single Buffer requirement not met.
display  D   display_settings.c:214  debug_display_settings           [   0.02906] color: 32 (rgba 8880), depth: 24, stencil: 0, acc: 0000, samples: 0/0
display  D   display_settings.c:400  _al_score_display_settings       [   0.02908] Single Buffer requirement not met.
display  D   display_settings.c:214  debug_display_settings           [   0.02910] color: 32 (rgba 8880), depth: 24, stencil: 0, acc: 0000, samples: 0/0
display  D   display_settings.c:400  _al_score_display_settings       [   0.02912] Single Buffer requirement not met.
display  D   display_settings.c:214  debug_display_settings           [   0.02914] color: 32 (rgba 8880), depth: 16, stencil: 0, acc: 0000, samples: 0/0
display  D   display_settings.c:400  _al_score_display_settings       [   0.02917] Single Buffer requirement not met.
display  D   display_settings.c:214  debug_display_settings           [   0.02920] color: 32 (rgba 8880), depth: 16, stencil: 0, acc: 0000, samples: 0/0
display  D   display_settings.c:400  _al_score_display_settings       [   0.02930] Single Buffer requirement not met.
display  D   display_settings.c:214  debug_display_settings           [   0.02932] color: 16 (rgba 5650), depth: 0, stencil: 0, acc: 0000, samples: 0/0
display  D   display_settings.c:400  _al_score_display_settings       [   0.02935] Single Buffer requirement not met.
display  D   display_settings.c:214  debug_display_settings           [   0.02937] color: 16 (rgba 5650), depth: 0, stencil: 0, acc: 0000, samples: 0/0
display  D   display_settings.c:400  _al_score_display_settings       [   0.02939] Single Buffer requirement not met.
display  D   display_settings.c:214  debug_display_settings           [   0.02941] color: 16 (rgba 5650), depth: 0, stencil: 0, acc: 0000, samples: 2/1
display  D   display_settings.c:400  _al_score_display_settings       [   0.02943] Single Buffer requirement not met.
display  D   display_settings.c:214  debug_display_settings           [   0.02945] color: 16 (rgba 5650), depth: 24, stencil: 8, acc: 0000, samples: 0/0
display  D   display_settings.c:400  _al_score_display_settings       [   0.02948] Single Buffer requirement not met.
display  D   display_settings.c:214  debug_display_settings           [   0.02950] color: 16 (rgba 5650), depth: 24, stencil: 8, acc: 0000, samples: 0/0
display  D   display_settings.c:400  _al_score_display_settings       [   0.02952] Single Buffer requirement not met.
display  D   display_settings.c:214  debug_display_settings           [   0.02954] color: 16 (rgba 5650), depth: 24, stencil: 8, acc: 0000, samples: 2/1
display  D   display_settings.c:400  _al_score_display_settings       [   0.02956] Single Buffer requirement not met.
display  D   display_settings.c:214  debug_display_settings           [   0.02958] color: 16 (rgba 5650), depth: 24, stencil: 0, acc: 0000, samples: 0/0
display  D   display_settings.c:400  _al_score_display_settings       [   0.02960] Single Buffer requirement not met.
display  D   display_settings.c:214  debug_display_settings           [   0.02962] color: 16 (rgba 5650), depth: 24, stencil: 0, acc: 0000, samples: 0/0
display  D   display_settings.c:400  _al_score_display_settings       [   0.02965] Single Buffer requirement not met.
display  D   display_settings.c:214  debug_display_settings           [   0.02967] color: 16 (rgba 5650), depth: 24, stencil: 0, acc: 0000, samples: 2/1
display  D   display_settings.c:400  _al_score_display_settings       [   0.02981] Single Buffer requirement not met.
display  D   display_settings.c:214  debug_display_settings           [   0.02986] color: 16 (rgba 5650), depth: 16, stencil: 0, acc: 0000, samples: 0/0
display  D   display_settings.c:400  _al_score_display_settings       [   0.02988] Single Buffer requirement not met.
display  D   display_settings.c:214  debug_display_settings           [   0.02991] color: 16 (rgba 5650), depth: 16, stencil: 0, acc: 0000, samples: 0/0
display  D   display_settings.c:400  _al_score_display_settings       [   0.02993] Single Buffer requirement not met.
display  D   display_settings.c:214  debug_display_settings           [   0.02995] color: 16 (rgba 5650), depth: 16, stencil: 0, acc: 0000, samples: 2/1
display  D   display_settings.c:400  _al_score_display_settings       [   0.02998] Single Buffer requirement not met.
display  D   display_settings.c:214  debug_display_settings           [   0.03001] color: 32 (rgba 8880), depth: 0, stencil: 0, acc: 0000, samples: 0/0
display  D   display_settings.c:529  _al_score_display_settings       [   0.03003] Score is : 769
display  D   display_settings.c:214  debug_display_settings           [   0.03005] color: 32 (rgba 8880), depth: 0, stencil: 0, acc: 0000, samples: 0/0
display  D   display_settings.c:529  _al_score_display_settings       [   0.03007] Score is : 769
display  D   display_settings.c:214  debug_display_settings           [   0.03009] color: 32 (rgba 8880), depth: 24, stencil: 8, acc: 0000, samples: 0/0
display  D   display_settings.c:529  _al_score_display_settings       [   0.03011] Score is : 769
display  D   display_settings.c:214  debug_display_settings           [   0.03013] color: 32 (rgba 8880), depth: 24, stencil: 8, acc: 0000, samples: 0/0
display  D   display_settings.c:529  _al_score_display_settings       [   0.03016] Score is : 769
display  D   display_settings.c:214  debug_display_settings           [   0.03018] color: 32 (rgba 8880), depth: 24, stencil: 0, acc: 0000, samples: 0/0
display  D   display_settings.c:529  _al_score_display_settings       [   0.03020] Score is : 769
display  D   display_settings.c:214  debug_display_settings           [   0.03022] color: 32 (rgba 8880), depth: 24, stencil: 0, acc: 0000, samples: 0/0
display  D   display_settings.c:529  _al_score_display_settings       [   0.03024] Score is : 769
display  D   display_settings.c:214  debug_display_settings           [   0.03026] color: 32 (rgba 8880), depth: 16, stencil: 0, acc: 0000, samples: 0/0
display  D   display_settings.c:529  _al_score_display_settings       [   0.03028] Score is : 769
display  D   display_settings.c:214  debug_display_settings           [   0.03030] color: 32 (rgba 8880), depth: 16, stencil: 0, acc: 0000, samples: 0/0
display  D   display_settings.c:529  _al_score_display_settings       [   0.03033] Score is : 769
display  D   display_settings.c:214  debug_display_settings           [   0.03034] color: 16 (rgba 5650), depth: 0, stencil: 0, acc: 0000, samples: 0/0
display  D   display_settings.c:529  _al_score_display_settings       [   0.03037] Score is : 769
display  D   display_settings.c:214  debug_display_settings           [   0.03039] color: 16 (rgba 5650), depth: 0, stencil: 0, acc: 0000, samples: 0/0
display  D   display_settings.c:529  _al_score_display_settings       [   0.03041] Score is : 769
display  D   display_settings.c:214  debug_display_settings           [   0.03043] color: 16 (rgba 5650), depth: 0, stencil: 0, acc: 0000, samples: 2/1
display  D   display_settings.c:529  _al_score_display_settings       [   0.03045] Score is : 598
display  D   display_settings.c:214  debug_display_settings           [   0.03047] color: 16 (rgba 5650), depth: 24, stencil: 8, acc: 0000, samples: 0/0
display  D   display_settings.c:529  _al_score_display_settings       [   0.03049] Score is : 769
display  D   display_settings.c:214  debug_display_settings           [   0.03051] color: 16 (rgba 5650), depth: 24, stencil: 8, acc: 0000, samples: 0/0
display  D   display_settings.c:529  _al_score_display_settings       [   0.03054] Score is : 769
display  D   display_settings.c:214  debug_display_settings           [   0.03056] color: 16 (rgba 5650), depth: 24, stencil: 8, acc: 0000, samples: 2/1
display  D   display_settings.c:529  _al_score_display_settings       [   0.03058] Score is : 598
display  D   display_settings.c:214  debug_display_settings           [   0.03060] color: 16 (rgba 5650), depth: 24, stencil: 0, acc: 0000, samples: 0/0
display  D   display_settings.c:529  _al_score_display_settings       [   0.03062] Score is : 769
display  D   display_settings.c:214  debug_display_settings           [   0.03064] color: 16 (rgba 5650), depth: 24, stencil: 0, acc: 0000, samples: 0/0
display  D   display_settings.c:529  _al_score_display_settings       [   0.03066] Score is : 769
display  D   display_settings.c:214  debug_display_settings           [   0.03068] color: 16 (rgba 5650), depth: 24, stencil: 0, acc: 0000, samples: 2/1
display  D   display_settings.c:529  _al_score_display_settings       [   0.03104] Score is : 598
display  D   display_settings.c:214  debug_display_settings           [   0.03109] color: 16 (rgba 5650), depth: 16, stencil: 0, acc: 0000, samples: 0/0
display  D   display_settings.c:529  _al_score_display_settings       [   0.03115] Score is : 769
display  D   display_settings.c:214  debug_display_settings           [   0.03119] color: 16 (rgba 5650), depth: 16, stencil: 0, acc: 0000, samples: 0/0
display  D   display_settings.c:529  _al_score_display_settings       [   0.03122] Score is : 769
display  D   display_settings.c:214  debug_display_settings           [   0.03124] color: 16 (rgba 5650), depth: 16, stencil: 0, acc: 0000, samples: 2/1
display  D   display_settings.c:529  _al_score_display_settings       [   0.03126] Score is : 598
display  D   display_settings.c:214  debug_display_settings           [   0.03128] color: 32 (rgba 8880), depth: 0, stencil: 0, acc: 0000, samples: 0/0
display  D   display_settings.c:400  _al_score_display_settings       [   0.03130] Single Buffer requirement not met.
display  D   display_settings.c:214  debug_display_settings           [   0.03132] color: 32 (rgba 8880), depth: 0, stencil: 0, acc: 0000, samples: 0/0
display  D   display_settings.c:400  _al_score_display_settings       [   0.03134] Single Buffer requirement not met.
display  D   display_settings.c:214  debug_display_settings           [   0.03137] color: 32 (rgba 8880), depth: 24, stencil: 8, acc: 0000, samples: 0/0
display  D   display_settings.c:400  _al_score_display_settings       [   0.03139] Single Buffer requirement not met.
display  D   display_settings.c:214  debug_display_settings           [   0.03141] color: 32 (rgba 8880), depth: 24, stencil: 8, acc: 0000, samples: 0/0
display  D   display_settings.c:400  _al_score_display_settings       [   0.03143] Single Buffer requirement not met.
display  D   display_settings.c:214  debug_display_settings           [   0.03145] color: 32 (rgba 8880), depth: 24, stencil: 0, acc: 0000, samples: 0/0
display  D   display_settings.c:400  _al_score_display_settings       [   0.03148] Single Buffer requirement not met.
display  D   display_settings.c:214  debug_display_settings           [   0.03150] color: 32 (rgba 8880), depth: 24, stencil: 0, acc: 0000, samples: 0/0
display  D   display_settings.c:400  _al_score_display_settings       [   0.03152] Single Buffer requirement not met.
display  D   display_settings.c:214  debug_display_settings           [   0.03156] color: 32 (rgba 8880), depth: 16, stencil: 0, acc: 0000, samples: 0/0
display  D   display_settings.c:400  _al_score_display_settings       [   0.03160] Single Buffer requirement not met.
display  D   display_settings.c:214  debug_display_settings           [   0.03162] color: 32 (rgba 8880), depth: 16, stencil: 0, acc: 0000, samples: 0/0
display  D   display_settings.c:400  _al_score_display_settings       [   0.03166] Single Buffer requirement not met.
display  D   display_settings.c:214  debug_display_settings           [   0.03170] color: 16 (rgba 5650), depth: 0, stencil: 0, acc: 0000, samples: 0/0
display  D   display_settings.c:400  _al_score_display_settings       [   0.03172] Single Buffer requirement not met.
display  D   display_settings.c:214  debug_display_settings           [   0.03174] color: 16 (rgba 5650), depth: 0, stencil: 0, acc: 0000, samples: 0/0
display  D   display_settings.c:400  _al_score_display_settings       [   0.03176] Single Buffer requirement not met.
display  D   display_settings.c:214  debug_display_settings           [   0.03179] color: 16 (rgba 5650), depth: 0, stencil: 0, acc: 0000, samples: 2/1
display  D   display_settings.c:400  _al_score_display_settings       [   0.03181] Single Buffer requirement not met.
display  D   display_settings.c:214  debug_display_settings           [   0.03183] color: 16 (rgba 5650), depth: 24, stencil: 8, acc: 0000, samples: 0/0
display  D   display_settings.c:400  _al_score_display_settings       [   0.03185] Single Buffer requirement not met.
display  D   display_settings.c:214  debug_display_settings           [   0.03187] color: 16 (rgba 5650), depth: 24, stencil: 8, acc: 0000, samples: 0/0
display  D   display_settings.c:400  _al_score_display_settings       [   0.03189] Single Buffer requirement not met.
display  D   display_settings.c:214  debug_display_settings           [   0.03191] color: 16 (rgba 5650), depth: 24, stencil: 8, acc: 0000, samples: 2/1
display  D   display_settings.c:400  _al_score_display_settings       [   0.03194] Single Buffer requirement not met.
display  D   display_settings.c:214  debug_display_settings           [   0.03196] color: 16 (rgba 5650), depth: 24, stencil: 0, acc: 0000, samples: 0/0
display  D   display_settings.c:400  _al_score_display_settings       [   0.03199] Single Buffer requirement not met.
display  D   display_settings.c:214  debug_display_settings           [   0.03201] color: 16 (rgba 5650), depth: 24, stencil: 0, acc: 0000, samples: 0/0
display  D   display_settings.c:400  _al_score_display_settings       [   0.03204] Single Buffer requirement not met.
display  D   display_settings.c:214  debug_display_settings           [   0.03206] color: 16 (rgba 5650), depth: 24, stencil: 0, acc: 0000, samples: 2/1
display  D   display_settings.c:400  _al_score_display_settings       [   0.03208] Single Buffer requirement not met.
display  D   display_settings.c:214  debug_display_settings           [   0.03210] color: 16 (rgba 5650), depth: 16, stencil: 0, acc: 0000, samples: 0/0
display  D   display_settings.c:400  _al_score_display_settings       [   0.03212] Single Buffer requirement not met.
display  D   display_settings.c:214  debug_display_settings           [   0.03214] color: 16 (rgba 5650), depth: 16, stencil: 0, acc: 0000, samples: 0/0
display  D   display_settings.c:400  _al_score_display_settings       [   0.03216] Single Buffer requirement not met.
display  D   display_settings.c:214  debug_display_settings           [   0.03219] color: 16 (rgba 5650), depth: 16, stencil: 0, acc: 0000, samples: 2/1
display  D   display_settings.c:400  _al_score_display_settings       [   0.03221] Single Buffer requirement not met.
d3d      D         d3d_disp.cpp:1677 d3d_create_display_internals     [   0.03230] Trying format 0.
d3d      I         d3d_disp.cpp:1353 d3d_display_thread_proc          [   0.03374] Chose a display format: 23
d3d      I         d3d_disp.cpp:1422 d3d_display_thread_proc          [   0.03380] Normal window.
d3d      I         d3d_disp.cpp:786  d3d_create_device                [   0.06265] Using no depth stencil buffer
d3d      D         d3d_disp.cpp:848  d3d_create_device                [   0.07169] BeginScene succeeded in create_device
d3d      D         d3d_disp.cpp:856  d3d_create_device                [   0.07178] Success
d3d      D         d3d_disp.cpp:1703 d3d_create_display_internals     [   0.07185] Resumed after wait.
d3d      I         d3d_disp.cpp:1736 d3d_create_display_internals     [   0.07192] Format 0 succeeded.
d3d      D         d3d_disp.cpp:1767 d3d_create_display_internals     [   0.07197] Returning d3d_display: 0000019f2375e6e0
d3d      D         d3d_disp.cpp:1792 d3d_create_display_locked        [   0.07200] al_display=0000019f2375e6e0
d3d      D         d3d_disp.cpp:1793 d3d_create_display_locked        [   0.07202] al_display->vt=0000019f2375e570
system   W            wsystem.c:894  _al_win_safe_load_library        [   0.07328] PathFindOnPath failed to find d3dx9_43.dll
system   W            wsystem.c:894  _al_win_safe_load_library        [   0.07389] PathFindOnPath failed to find d3dx9_42.dll
system   W            wsystem.c:894  _al_win_safe_load_library        [   0.07449] PathFindOnPath failed to find d3dx9_41.dll
system   W            wsystem.c:894  _al_win_safe_load_library        [   0.07498] PathFindOnPath failed to find d3dx9_40.dll
system   W            wsystem.c:894  _al_win_safe_load_library        [   0.07537] PathFindOnPath failed to find d3dx9_39.dll
system   W            wsystem.c:894  _al_win_safe_load_library        [   0.07575] PathFindOnPath failed to find d3dx9_38.dll
system   W            wsystem.c:894  _al_win_safe_load_library        [   0.07624] PathFindOnPath failed to find d3dx9_37.dll
system   W            wsystem.c:894  _al_win_safe_load_library        [   0.07669] PathFindOnPath failed to find d3dx9_36.dll
system   W            wsystem.c:894  _al_win_safe_load_library        [   0.07711] PathFindOnPath failed to find d3dx9_35.dll
system   W            wsystem.c:894  _al_win_safe_load_library        [   0.07763] PathFindOnPath failed to find d3dx9_34.dll
system   W            wsystem.c:894  _al_win_safe_load_library        [   0.07812] PathFindOnPath failed to find d3dx9_33.dll
system   W            wsystem.c:894  _al_win_safe_load_library        [   0.07853] PathFindOnPath failed to find d3dx9_32.dll
system   W            wsystem.c:894  _al_win_safe_load_library        [   0.07893] PathFindOnPath failed to find d3dx9_31.dll
system   W            wsystem.c:894  _al_win_safe_load_library        [   0.07936] PathFindOnPath failed to find d3dx9_30.dll
system   W            wsystem.c:894  _al_win_safe_load_library        [   0.07974] PathFindOnPath failed to find d3dx9_29.dll
system   W            wsystem.c:894  _al_win_safe_load_library        [   0.08019] PathFindOnPath failed to find d3dx9_28.dll
system   W            wsystem.c:894  _al_win_safe_load_library        [   0.08063] PathFindOnPath failed to find d3dx9_27.dll
system   W            wsystem.c:894  _al_win_safe_load_library        [   0.08105] PathFindOnPath failed to find d3dx9_26.dll
system   W            wsystem.c:894  _al_win_safe_load_library        [   0.08141] PathFindOnPath failed to find d3dx9_25.dll
system   W            wsystem.c:894  _al_win_safe_load_library        [   0.08184] PathFindOnPath failed to find d3dx9_24.dll
d3dx9    E        d3d_d3dx9.cpp:121  _al_load_d3dx9_module            [   0.08188] Failed to load D3DX9 library. Library is not installed.
stdio    D         file_stdio.c:110  file_stdio_fopen                 [   0.08200] opening ./assets/freakinghigh.png rb
stdio    D         file_stdio.c:110  file_stdio_fopen                 [   0.08223] opening ./assets/freakinghigh.png rb
d3d      D         d3d_disp.cpp:1197 real_choose_bitmap_format        [   0.08236] Fake format
d3d      D         d3d_disp.cpp:1197 real_choose_bitmap_format        [   0.08239] Fake format
d3d      D         d3d_disp.cpp:1197 real_choose_bitmap_format        [   0.08241] Fake format
d3d      D         d3d_disp.cpp:1197 real_choose_bitmap_format        [   0.08243] Fake format
d3d      D         d3d_disp.cpp:1197 real_choose_bitmap_format        [   0.08245] Fake format
d3d      D         d3d_disp.cpp:1197 real_choose_bitmap_format        [   0.08247] Fake format
d3d      D         d3d_disp.cpp:1197 real_choose_bitmap_format        [   0.08248] Fake format
d3d      D         d3d_disp.cpp:1197 real_choose_bitmap_format        [   0.08250] Fake format
d3d      D         d3d_disp.cpp:1197 real_choose_bitmap_format        [   0.08257] Fake format
d3d      D         d3d_disp.cpp:1205 real_choose_bitmap_format        [   0.08259] Alpha doesn't match
d3d      D         d3d_disp.cpp:1212 real_choose_bitmap_format        [   0.08261] Adapter format is 23
d3d      D         d3d_disp.cpp:1215 real_choose_bitmap_format        [   0.08264] Found a format
d3d      I         d3d_disp.cpp:2388 d3d_create_bitmap                [   0.08266] Chose bitmap format 9
dtor     D               dtor.c:196  _al_register_destructor          [   0.08530] added dtor for bitmap 0000019f2506e020, func 00007ffe01bb1bf8
stdio    D         file_stdio.c:110  file_stdio_fopen                 [   0.27117] opening ./assets/belt.png rb
stdio    D         file_stdio.c:110  file_stdio_fopen                 [   0.27135] opening ./assets/belt.png rb
d3d      D         d3d_disp.cpp:1197 real_choose_bitmap_format        [   0.27143] Fake format
d3d      D         d3d_disp.cpp:1197 real_choose_bitmap_format        [   0.27146] Fake format
d3d      D         d3d_disp.cpp:1197 real_choose_bitmap_format        [   0.27148] Fake format
d3d      D         d3d_disp.cpp:1197 real_choose_bitmap_format        [   0.27150] Fake format
d3d      D         d3d_disp.cpp:1197 real_choose_bitmap_format        [   0.27152] Fake format
d3d      D         d3d_disp.cpp:1197 real_choose_bitmap_format        [   0.27154] Fake format
d3d      D         d3d_disp.cpp:1197 real_choose_bitmap_format        [   0.27155] Fake format
d3d      D         d3d_disp.cpp:1197 real_choose_bitmap_format        [   0.27157] Fake format
d3d      D         d3d_disp.cpp:1197 real_choose_bitmap_format        [   0.27159] Fake format
d3d      D         d3d_disp.cpp:1205 real_choose_bitmap_format        [   0.27161] Alpha doesn't match
d3d      D         d3d_disp.cpp:1212 real_choose_bitmap_format        [   0.27163] Adapter format is 23
d3d      D         d3d_disp.cpp:1215 real_choose_bitmap_format        [   0.27165] Found a format
d3d      I         d3d_disp.cpp:2388 d3d_create_bitmap                [   0.27167] Chose bitmap format 9
dtor     D               dtor.c:196  _al_register_destructor          [   0.27254] added dtor for bitmap 0000019f2507bdc0, func 00007ffe01bb1bf8
stdio    D         file_stdio.c:110  file_stdio_fopen                 [   0.32893] opening ./assets/duck.png rb
stdio    D         file_stdio.c:110  file_stdio_fopen                 [   0.32930] opening ./assets/duck.png rb
d3d      D         d3d_disp.cpp:1197 real_choose_bitmap_format        [   0.32947] Fake format
d3d      D         d3d_disp.cpp:1197 real_choose_bitmap_format        [   0.32950] Fake format
d3d      D         d3d_disp.cpp:1197 real_choose_bitmap_format        [   0.32955] Fake format
d3d      D         d3d_disp.cpp:1197 real_choose_bitmap_format        [   0.32957] Fake format
d3d      D         d3d_disp.cpp:1197 real_choose_bitmap_format        [   0.32959] Fake format
d3d      D         d3d_disp.cpp:1197 real_choose_bitmap_format        [   0.32961] Fake format
d3d      D         d3d_disp.cpp:1197 real_choose_bitmap_format        [   0.32963] Fake format
d3d      D         d3d_disp.cpp:1197 real_choose_bitmap_format        [   0.32964] Fake format
d3d      D         d3d_disp.cpp:1197 real_choose_bitmap_format        [   0.32966] Fake format
d3d      D         d3d_disp.cpp:1205 real_choose_bitmap_format        [   0.32968] Alpha doesn't match
d3d      D         d3d_disp.cpp:1212 real_choose_bitmap_format        [   0.32970] Adapter format is 23
d3d      D         d3d_disp.cpp:1215 real_choose_bitmap_format        [   0.32972] Found a format
d3d      I         d3d_disp.cpp:2388 d3d_create_bitmap                [   0.32974] Chose bitmap format 9
dtor     D               dtor.c:196  _al_register_destructor          [   0.33342] added dtor for bitmap 0000019f2506ddd0, func 00007ffe01bb1bf8
stdio    D         file_stdio.c:110  file_stdio_fopen                 [   0.58064] opening ./assets/saw.png rb
stdio    D         file_stdio.c:110  file_stdio_fopen                 [   0.58086] opening ./assets/saw.png rb
d3d      D         d3d_disp.cpp:1197 real_choose_bitmap_format        [   0.58095] Fake format
d3d      D         d3d_disp.cpp:1197 real_choose_bitmap_format        [   0.58097] Fake format
d3d      D         d3d_disp.cpp:1197 real_choose_bitmap_format        [   0.58099] Fake format
d3d      D         d3d_disp.cpp:1197 real_choose_bitmap_format        [   0.58101] Fake format
d3d      D         d3d_disp.cpp:1197 real_choose_bitmap_format        [   0.58103] Fake format
d3d      D         d3d_disp.cpp:1197 real_choose_bitmap_format        [   0.58105] Fake format
d3d      D         d3d_disp.cpp:1197 real_choose_bitmap_format        [   0.58106] Fake format
d3d      D         d3d_disp.cpp:1197 real_choose_bitmap_format        [   0.58108] Fake format
d3d      D         d3d_disp.cpp:1197 real_choose_bitmap_format        [   0.58110] Fake format
d3d      D         d3d_disp.cpp:1205 real_choose_bitmap_format        [   0.58112] Alpha doesn't match
d3d      D         d3d_disp.cpp:1212 real_choose_bitmap_format        [   0.58114] Adapter format is 23
d3d      D         d3d_disp.cpp:1215 real_choose_bitmap_format        [   0.58116] Found a format
d3d      I         d3d_disp.cpp:2388 d3d_create_bitmap                [   0.58118] Chose bitmap format 9
dtor     D               dtor.c:196  _al_register_destructor          [   0.58404] added dtor for bitmap 0000019f2507b050, func 00007ffe01bb1bf8
stdio    D         file_stdio.c:110  file_stdio_fopen                 [   0.84171] opening ./assets/layer.png rb
stdio    D         file_stdio.c:110  file_stdio_fopen                 [   0.84191] opening ./assets/layer.png rb
d3d      D         d3d_disp.cpp:1197 real_choose_bitmap_format        [   0.84200] Fake format
d3d      D         d3d_disp.cpp:1197 real_choose_bitmap_format        [   0.84202] Fake format
d3d      D         d3d_disp.cpp:1197 real_choose_bitmap_format        [   0.84204] Fake format
d3d      D         d3d_disp.cpp:1197 real_choose_bitmap_format        [   0.84206] Fake format
d3d      D         d3d_disp.cpp:1197 real_choose_bitmap_format        [   0.84208] Fake format
d3d      D         d3d_disp.cpp:1197 real_choose_bitmap_format        [   0.84210] Fake format
d3d      D         d3d_disp.cpp:1197 real_choose_bitmap_format        [   0.84212] Fake format
d3d      D         d3d_disp.cpp:1197 real_choose_bitmap_format        [   0.84214] Fake format
d3d      D         d3d_disp.cpp:1197 real_choose_bitmap_format        [   0.84215] Fake format
d3d      D         d3d_disp.cpp:1205 real_choose_bitmap_format        [   0.84217] Alpha doesn't match
d3d      D         d3d_disp.cpp:1212 real_choose_bitmap_format        [   0.84219] Adapter format is 23
d3d      D         d3d_disp.cpp:1215 real_choose_bitmap_format        [   0.84221] Found a format
d3d      I         d3d_disp.cpp:2388 d3d_create_bitmap                [   0.84223] Chose bitmap format 9
dtor     D               dtor.c:196  _al_register_destructor          [   0.84299] added dtor for bitmap 0000019f2507b210, func 00007ffe01bb1bf8
stdio    D         file_stdio.c:110  file_stdio_fopen                 [   0.89843] opening ./assets/life.png rb
stdio    D         file_stdio.c:110  file_stdio_fopen                 [   0.89861] opening ./assets/life.png rb
d3d      D         d3d_disp.cpp:1197 real_choose_bitmap_format        [   0.89869] Fake format
d3d      D         d3d_disp.cpp:1197 real_choose_bitmap_format        [   0.89871] Fake format
d3d      D         d3d_disp.cpp:1197 real_choose_bitmap_format        [   0.89873] Fake format
d3d      D         d3d_disp.cpp:1197 real_choose_bitmap_format        [   0.89875] Fake format
d3d      D         d3d_disp.cpp:1197 real_choose_bitmap_format        [   0.89877] Fake format
d3d      D         d3d_disp.cpp:1197 real_choose_bitmap_format        [   0.89879] Fake format
d3d      D         d3d_disp.cpp:1197 real_choose_bitmap_format        [   0.89881] Fake format
d3d      D         d3d_disp.cpp:1197 real_choose_bitmap_format        [   0.89883] Fake format
d3d      D         d3d_disp.cpp:1197 real_choose_bitmap_format        [   0.89885] Fake format
d3d      D         d3d_disp.cpp:1205 real_choose_bitmap_format        [   0.89887] Alpha doesn't match
d3d      D         d3d_disp.cpp:1212 real_choose_bitmap_format        [   0.89890] Adapter format is 23
d3d      D         d3d_disp.cpp:1215 real_choose_bitmap_format        [   0.89892] Found a format
d3d      I         d3d_disp.cpp:2388 d3d_create_bitmap                [   0.89894] Chose bitmap format 9
dtor     D               dtor.c:196  _al_register_destructor          [   0.90007] added dtor for bitmap 0000019f2507b3d0, func 00007ffe01bb1bf8
stdio    D         file_stdio.c:110  file_stdio_fopen                 [   0.96932] opening ./assets/death.png rb
stdio    D         file_stdio.c:110  file_stdio_fopen                 [   0.96955] opening ./assets/death.png rb
d3d      D         d3d_disp.cpp:1197 real_choose_bitmap_format        [   0.96964] Fake format
d3d      D         d3d_disp.cpp:1197 real_choose_bitmap_format        [   0.96966] Fake format
d3d      D         d3d_disp.cpp:1197 real_choose_bitmap_format        [   0.96968] Fake format
d3d      D         d3d_disp.cpp:1197 real_choose_bitmap_format        [   0.96970] Fake format
d3d      D         d3d_disp.cpp:1197 real_choose_bitmap_format        [   0.96972] Fake format
d3d      D         d3d_disp.cpp:1197 real_choose_bitmap_format        [   0.96974] Fake format
d3d      D         d3d_disp.cpp:1197 real_choose_bitmap_format        [   0.96975] Fake format
d3d      D         d3d_disp.cpp:1197 real_choose_bitmap_format        [   0.96977] Fake format
d3d      D         d3d_disp.cpp:1197 real_choose_bitmap_format        [   0.96979] Fake format
d3d      D         d3d_disp.cpp:1205 real_choose_bitmap_format        [   0.96981] Alpha doesn't match
d3d      D         d3d_disp.cpp:1212 real_choose_bitmap_format        [   0.96983] Adapter format is 23
d3d      D         d3d_disp.cpp:1215 real_choose_bitmap_format        [   0.96986] Found a format
d3d      I         d3d_disp.cpp:2388 d3d_create_bitmap                [   0.96988] Chose bitmap format 9
dtor     D               dtor.c:196  _al_register_destructor          [   0.97095] added dtor for bitmap 0000019f2507b590, func 00007ffe01bb1bf8
stdio    D         file_stdio.c:110  file_stdio_fopen                 [   1.10304] opening ./assets/death1.png rb
stdio    D         file_stdio.c:110  file_stdio_fopen                 [   1.10321] opening ./assets/death1.png rb
d3d      D         d3d_disp.cpp:1197 real_choose_bitmap_format        [   1.10341] Fake format
d3d      D         d3d_disp.cpp:1197 real_choose_bitmap_format        [   1.10343] Fake format
d3d      D         d3d_disp.cpp:1197 real_choose_bitmap_format        [   1.10345] Fake format
d3d      D         d3d_disp.cpp:1197 real_choose_bitmap_format        [   1.10347] Fake format
d3d      D         d3d_disp.cpp:1197 real_choose_bitmap_format        [   1.10349] Fake format
d3d      D         d3d_disp.cpp:1197 real_choose_bitmap_format        [   1.10350] Fake format
d3d      D         d3d_disp.cpp:1197 real_choose_bitmap_format        [   1.10352] Fake format
d3d      D         d3d_disp.cpp:1197 real_choose_bitmap_format        [   1.10354] Fake format
d3d      D         d3d_disp.cpp:1197 real_choose_bitmap_format        [   1.10355] Fake format
d3d      D         d3d_disp.cpp:1205 real_choose_bitmap_format        [   1.10357] Alpha doesn't match
d3d      D         d3d_disp.cpp:1212 real_choose_bitmap_format        [   1.10359] Adapter format is 23
d3d      D         d3d_disp.cpp:1215 real_choose_bitmap_format        [   1.10361] Found a format
d3d      I         d3d_disp.cpp:2388 d3d_create_bitmap                [   1.10363] Chose bitmap format 9
dtor     D               dtor.c:196  _al_register_destructor          [   1.10385] added dtor for bitmap 0000019f2506dbd0, func 00007ffe01bb1bf8
stdio    D         file_stdio.c:110  file_stdio_fopen                 [   1.10454] opening ./assets/lever.png rb
stdio    D         file_stdio.c:110  file_stdio_fopen                 [   1.10462] opening ./assets/lever.png rb
d3d      D         d3d_disp.cpp:1197 real_choose_bitmap_format        [   1.10470] Fake format
d3d      D         d3d_disp.cpp:1197 real_choose_bitmap_format        [   1.10472] Fake format
d3d      D         d3d_disp.cpp:1197 real_choose_bitmap_format        [   1.10474] Fake format
d3d      D         d3d_disp.cpp:1197 real_choose_bitmap_format        [   1.10476] Fake format
d3d      D         d3d_disp.cpp:1197 real_choose_bitmap_format        [   1.10478] Fake format
d3d      D         d3d_disp.cpp:1197 real_choose_bitmap_format        [   1.10479] Fake format
d3d      D         d3d_disp.cpp:1197 real_choose_bitmap_format        [   1.10481] Fake format
d3d      D         d3d_disp.cpp:1197 real_choose_bitmap_format        [   1.10483] Fake format
d3d      D         d3d_disp.cpp:1197 real_choose_bitmap_format        [   1.10484] Fake format
d3d      D         d3d_disp.cpp:1205 real_choose_bitmap_format        [   1.10486] Alpha doesn't match
d3d      D         d3d_disp.cpp:1212 real_choose_bitmap_format        [   1.10488] Adapter format is 23
d3d      D         d3d_disp.cpp:1215 real_choose_bitmap_format        [   1.10490] Found a format
d3d      I         d3d_disp.cpp:2388 d3d_create_bitmap                [   1.10495] Chose bitmap format 9
dtor     D               dtor.c:196  _al_register_destructor          [   1.10510] added dtor for bitmap 0000019f2507ae90, func 00007ffe01bb1bf8
stdio    D         file_stdio.c:110  file_stdio_fopen                 [   1.10967] opening ./assets/effect.png rb
stdio    D         file_stdio.c:110  file_stdio_fopen                 [   1.10975] opening ./assets/effect.png rb
d3d      D         d3d_disp.cpp:1197 real_choose_bitmap_format        [   1.10980] Fake format
d3d      D         d3d_disp.cpp:1197 real_choose_bitmap_format        [   1.10982] Fake format
d3d      D         d3d_disp.cpp:1197 real_choose_bitmap_format        [   1.10984] Fake format
d3d      D         d3d_disp.cpp:1197 real_choose_bitmap_format        [   1.10986] Fake format
d3d      D         d3d_disp.cpp:1197 real_choose_bitmap_format        [   1.10987] Fake format
d3d      D         d3d_disp.cpp:1197 real_choose_bitmap_format        [   1.10989] Fake format
d3d      D         d3d_disp.cpp:1197 real_choose_bitmap_format        [   1.10991] Fake format
d3d      D         d3d_disp.cpp:1197 real_choose_bitmap_format        [   1.10992] Fake format
d3d      D         d3d_disp.cpp:1197 real_choose_bitmap_format        [   1.10994] Fake format
d3d      D         d3d_disp.cpp:1205 real_choose_bitmap_format        [   1.10996] Alpha doesn't match
d3d      D         d3d_disp.cpp:1212 real_choose_bitmap_format        [   1.10997] Adapter format is 23
d3d      D         d3d_disp.cpp:1215 real_choose_bitmap_format        [   1.10999] Found a format
d3d      I         d3d_disp.cpp:2388 d3d_create_bitmap                [   1.11001] Chose bitmap format 9
dtor     D               dtor.c:196  _al_register_destructor          [   1.11066] added dtor for bitmap 0000019f2507ab30, func 00007ffe01bb1bf8
stdio    D         file_stdio.c:110  file_stdio_fopen                 [   1.17279] opening ./assets/Attack.png rb
stdio    D         file_stdio.c:110  file_stdio_fopen                 [   1.17297] opening ./assets/Attack.png rb
d3d      D         d3d_disp.cpp:1197 real_choose_bitmap_format        [   1.17305] Fake format
d3d      D         d3d_disp.cpp:1197 real_choose_bitmap_format        [   1.17307] Fake format
d3d      D         d3d_disp.cpp:1197 real_choose_bitmap_format        [   1.17309] Fake format
d3d      D         d3d_disp.cpp:1197 real_choose_bitmap_format        [   1.17311] Fake format
d3d      D         d3d_disp.cpp:1197 real_choose_bitmap_format        [   1.17312] Fake format
d3d      D         d3d_disp.cpp:1197 real_choose_bitmap_format        [   1.17314] Fake format
d3d      D         d3d_disp.cpp:1197 real_choose_bitmap_format        [   1.17316] Fake format
d3d      D         d3d_disp.cpp:1197 real_choose_bitmap_format        [   1.17318] Fake format
d3d      D         d3d_disp.cpp:1197 real_choose_bitmap_format        [   1.17320] Fake format
d3d      D         d3d_disp.cpp:1205 real_choose_bitmap_format        [   1.17322] Alpha doesn't match
d3d      D         d3d_disp.cpp:1212 real_choose_bitmap_format        [   1.17323] Adapter format is 23
d3d      D         d3d_disp.cpp:1215 real_choose_bitmap_format        [   1.17325] Found a format
d3d      I         d3d_disp.cpp:2388 d3d_create_bitmap                [   1.17327] Chose bitmap format 9
dtor     D               dtor.c:196  _al_register_destructor          [   1.17359] added dtor for bitmap 0000019f2507de00, func 00007ffe01bb1bf8
stdio    D         file_stdio.c:110  file_stdio_fopen                 [   1.18129] opening ./assets/SoukouMincho.ttf rb
font     D                ttf.c:973  al_load_ttf_font_stretch_f       [   1.18236] Font ./assets/SoukouMincho.ttf loaded with pixel size 0 x 180.
font     D                ttf.c:975  al_load_ttf_font_stretch_f       [   1.18239]     ascent=159.0, descent=-22.0, height=180.0
dtor     D               dtor.c:196  _al_register_destructor          [   1.18241] added dtor for ttf_font 0000019f25068040, func 00007ffe01d04170
dtor     D               dtor.c:196  _al_register_destructor          [   1.18244] added dtor for timer 0000019f2507add0, func 00007ffe01bf0dc2
dtor     D               dtor.c:196  _al_register_destructor          [   1.18246] added dtor for timer 0000019f2507bd00, func 00007ffe01bf0dc2
dtor     D               dtor.c:196  _al_register_destructor          [   1.18249] added dtor for timer 0000019f2507e730, func 00007ffe01bf0dc2
dtor     D               dtor.c:196  _al_register_destructor          [   1.18251] added dtor for timer 0000019f2507c940, func 00007ffe01bf0dc2
dtor     D               dtor.c:196  _al_register_destructor          [   1.18253] added dtor for timer 0000019f2507c9f0, func 00007ffe01bf0dc2
dtor     D               dtor.c:196  _al_register_destructor          [   1.18257] added dtor for timer 0000019f2507d740, func 00007ffe01bf0dc2
dtor     D               dtor.c:196  _al_register_destructor          [   1.18261] added dtor for queue 0000019f2507d7f0, func 00007ffe01bdcc4e
d3d      D          d3d_bmp.cpp:539  _al_d3d_sync_bitmap              [   1.21574] _al_d3d_sync_bitmap (system) ref count == 1
d3d      D          d3d_bmp.cpp:545  _al_d3d_sync_bitmap              [   1.21585] _al_d3d_sync_bitmap (video) ref count == 1
d3d      D          d3d_bmp.cpp:539  _al_d3d_sync_bitmap              [   1.21653] _al_d3d_sync_bitmap (system) ref count == 1
d3d      D          d3d_bmp.cpp:545  _al_d3d_sync_bitmap              [   1.21660] _al_d3d_sync_bitmap (video) ref count == 1
d3d      D          d3d_bmp.cpp:539  _al_d3d_sync_bitmap              [   1.21770] _al_d3d_sync_bitmap (system) ref count == 1
d3d      D          d3d_bmp.cpp:545  _al_d3d_sync_bitmap              [   1.21778] _al_d3d_sync_bitmap (video) ref count == 1
d3d      D          d3d_bmp.cpp:539  _al_d3d_sync_bitmap              [   1.21976] _al_d3d_sync_bitmap (system) ref count == 1
d3d      D          d3d_bmp.cpp:545  _al_d3d_sync_bitmap              [   1.21987] _al_d3d_sync_bitmap (video) ref count == 1
d3d      D          d3d_bmp.cpp:539  _al_d3d_sync_bitmap              [   1.22250] _al_d3d_sync_bitmap (system) ref count == 1
d3d      D          d3d_bmp.cpp:545  _al_d3d_sync_bitmap              [   1.22259] _al_d3d_sync_bitmap (video) ref count == 1
d3d      D          d3d_bmp.cpp:539  _al_d3d_sync_bitmap              [   1.22315] _al_d3d_sync_bitmap (system) ref count == 1
d3d      D          d3d_bmp.cpp:545  _al_d3d_sync_bitmap              [   1.22320] _al_d3d_sync_bitmap (video) ref count == 1
d3d      D          d3d_bmp.cpp:539  _al_d3d_sync_bitmap              [   1.22376] _al_d3d_sync_bitmap (system) ref count == 1
d3d      D          d3d_bmp.cpp:545  _al_d3d_sync_bitmap              [   1.22380] _al_d3d_sync_bitmap (video) ref count == 1
d3d      D          d3d_bmp.cpp:539  _al_d3d_sync_bitmap              [   1.22427] _al_d3d_sync_bitmap (system) ref count == 1
d3d      D          d3d_bmp.cpp:545  _al_d3d_sync_bitmap              [   1.22432] _al_d3d_sync_bitmap (video) ref count == 1
d3d      D          d3d_bmp.cpp:539  _al_d3d_sync_bitmap              [   1.22442] _al_d3d_sync_bitmap (system) ref count == 1
d3d      D          d3d_bmp.cpp:545  _al_d3d_sync_bitmap              [   1.22444] _al_d3d_sync_bitmap (video) ref count == 1
d3d      D          d3d_bmp.cpp:539  _al_d3d_sync_bitmap              [   1.22474] _al_d3d_sync_bitmap (system) ref count == 1
d3d      D          d3d_bmp.cpp:545  _al_d3d_sync_bitmap              [   1.22476] _al_d3d_sync_bitmap (video) ref count == 1
d3d      D          d3d_bmp.cpp:539  _al_d3d_sync_bitmap              [   1.22518] _al_d3d_sync_bitmap (system) ref count == 1
d3d      D          d3d_bmp.cpp:545  _al_d3d_sync_bitmap              [   1.22522] _al_d3d_sync_bitmap (video) ref count == 1
dtor     D               dtor.c:196  _al_register_destructor          [   1.67881] added dtor for queue 0000019f2507d8c0, func 00007ffe01bdcc4e
d3d      D         d3d_disp.cpp:1197 real_choose_bitmap_format        [   1.67959] Fake format
d3d      D         d3d_disp.cpp:1197 real_choose_bitmap_format        [   1.67961] Fake format
d3d      D         d3d_disp.cpp:1197 real_choose_bitmap_format        [   1.67963] Fake format
d3d      D         d3d_disp.cpp:1197 real_choose_bitmap_format        [   1.67965] Fake format
d3d      D         d3d_disp.cpp:1197 real_choose_bitmap_format        [   1.67967] Fake format
d3d      D         d3d_disp.cpp:1197 real_choose_bitmap_format        [   1.67968] Fake format
d3d      D         d3d_disp.cpp:1197 real_choose_bitmap_format        [   1.67970] Fake format
d3d      D         d3d_disp.cpp:1197 real_choose_bitmap_format        [   1.67972] Fake format
d3d      D         d3d_disp.cpp:1197 real_choose_bitmap_format        [   1.67973] Fake format
d3d      D         d3d_disp.cpp:1205 real_choose_bitmap_format        [   1.67975] Alpha doesn't match
d3d      D         d3d_disp.cpp:1212 real_choose_bitmap_format        [   1.67977] Adapter format is 23
d3d      D         d3d_disp.cpp:1215 real_choose_bitmap_format        [   1.67979] Found a format
d3d      I         d3d_disp.cpp:2388 d3d_create_bitmap                [   1.67981] Chose bitmap format 9
font     D                ttf.c:243  alloc_glyph_region               [   1.70357] Glyph 51: 133x138 (136x140)
font     D                ttf.c:287  alloc_glyph_region               [   1.70371] Locking glyph region: 0000019f250fe640 0 0 136 140
font     D                ttf.c:167  unlock_current_page              [   1.70485] Unlocking page: 0000019f250fe640
font     D                ttf.c:243  alloc_glyph_region               [   1.70515] Glyph 38: 110x137 (112x140)
font     D                ttf.c:287  alloc_glyph_region               [   1.70517] Locking glyph region: 0000019f250fe640 136 0 112 140
font     D                ttf.c:167  unlock_current_page              [   1.70538] Unlocking page: 0000019f250fe640
font     D                ttf.c:243  alloc_glyph_region               [   1.70558] Glyph 52: 96x143 (96x144)
font     D                ttf.c:287  alloc_glyph_region               [   1.70560] Locking glyph region: 0000019f250fe640 248 0 96 144
font     D                ttf.c:167  unlock_current_page              [   1.70581] Unlocking page: 0000019f250fe640
font     D                ttf.c:243  alloc_glyph_region               [   1.70601] Glyph 54: 140x139 (140x140)
font     D                ttf.c:287  alloc_glyph_region               [   1.70603] Locking glyph region: 0000019f250fe640 344 0 140 140
font     D                ttf.c:167  unlock_current_page              [   1.70628] Unlocking page: 0000019f250fe640
font     D                ttf.c:243  alloc_glyph_region               [   1.70657] Glyph 46: 175x135 (176x136)
font     D                ttf.c:287  alloc_glyph_region               [   1.70659] Locking glyph region: 0000019f250fe640 484 0 176 136
font     D                ttf.c:167  unlock_current_page              [   1.70691] Unlocking page: 0000019f250fe640
font     D                ttf.c:243  alloc_glyph_region               [   1.70719] Glyph 53: 123x136 (124x136)
font     D                ttf.c:287  alloc_glyph_region               [   1.70721] Locking glyph region: 0000019f250fe640 660 0 124 136
font     D                ttf.c:167  unlock_current_page              [   1.73622] Unlocking page: 0000019f250fe640
font     D                ttf.c:243  alloc_glyph_region               [   1.73659] Glyph 34: 136x136 (136x136)
font     D                ttf.c:287  alloc_glyph_region               [   1.73661] Locking glyph region: 0000019f250fe640 784 0 136 136
font     D                ttf.c:167  unlock_current_page              [   1.73700] Unlocking page: 0000019f250fe640
font     D                ttf.c:243  alloc_glyph_region               [   1.73737] Glyph 48: 130x143 (132x144)
font     D                ttf.c:287  alloc_glyph_region               [   1.73739] Locking glyph region: 0000019f250fe640 920 0 132 144
font     D                ttf.c:167  unlock_current_page              [   1.73795] Unlocking page: 0000019f250fe640
font     D                ttf.c:243  alloc_glyph_region               [   1.73822] Glyph 47: 141x136 (144x136)
font     D                ttf.c:287  alloc_glyph_region               [   1.73825] Locking glyph region: 0000019f250fe640 1052 0 144 136
font     D                ttf.c:167  unlock_current_page              [   1.73853] Unlocking page: 0000019f250fe640
font     D                ttf.c:243  alloc_glyph_region               [   1.73875] Glyph 37: 132x136 (132x136)
font     D                ttf.c:287  alloc_glyph_region               [   1.73877] Locking glyph region: 0000019f250fe640 1196 0 132 136
font     D                ttf.c:167  unlock_current_page              [   1.73901] Unlocking page: 0000019f250fe640
d3d      D          d3d_bmp.cpp:539  _al_d3d_sync_bitmap              [   1.74610] _al_d3d_sync_bitmap (system) ref count == 1
d3d      D          d3d_bmp.cpp:545  _al_d3d_sync_bitmap              [   1.74619] _al_d3d_sync_bitmap (video) ref count == 1
