stdio    D         file_stdio.c:110  file_stdio_fopen                 [   0.00000] opening C:\Users\user\Desktop\end of term\FUNCTIONS\INPUT\bin\Debug\allegro5.cfg r
system   D            wsystem.c:889  _al_win_safe_load_library        [   0.00000] PathFindOnPath found: C:\WINDOWS\system32\shcore.dll
system   D            wsystem.c:795  load_library_at_path             [   0.00000] Calling LoadLibrary C:\WINDOWS\system32\shcore.dll
system   I            wsystem.c:798  load_library_at_path             [   0.00000] Loaded C:\WINDOWS\system32\shcore.dll
system   I             system.c:271  al_install_system                [   0.00000] Allegro version: 5.2.8
audio-dsound I           dsound.cpp:275  _dsound_open                     [   0.00014] Starting DirectSound...
audio-dsound D           dsound.cpp:288  _dsound_open                     [   0.01658] DirectSoundCreate8 succeeded
audio-dsound I           dsound.cpp:77   get_window                       [   0.01664] Using desktop window: 0000000000010010
audio    I              audio.c:391  do_install_audio                 [   0.01670] Using DirectSound driver
audio-dsound D           dsound.cpp:322  _dsound_allocate_voice           [   0.01676] Allocating voice
audio-dsound D           dsound.cpp:381  _dsound_allocate_voice           [   0.01678] Allocated voice
dtor     D               dtor.c:196  _al_register_destructor          [   0.01679] added dtor for voice 00000242972674f0, func 00007ffbd95b5312
dtor     D               dtor.c:196  _al_register_destructor          [   0.01680] added dtor for mixer 0000024297267690, func 00007ffbd95b050f
audio-dsound D           dsound.cpp:477  _dsound_start_voice              [   0.01682] Starting voice
audio-dsound D           dsound.cpp:505  _dsound_start_voice              [   0.01683] CreateSoundBuffer
audio-dsound D           dsound.cpp:513  _dsound_start_voice              [   0.01794] CreateSoundBuffer succeeded
audio-dsound D           dsound.cpp:519  _dsound_start_voice              [   0.01798] Starting _dsound_update thread
audio-dsound I           dsound.cpp:529  _dsound_start_voice              [   0.01802] Voice started
dtor     D               dtor.c:196  _al_register_destructor          [   0.01804] added dtor for sample_instance 00000242972678d0, func 00007ffbd95a90dc
audio    D          kcm_mixer.c:121  _al_rechannel_matrix             [   0.01806] sample matrix:
audio    D          kcm_mixer.c:127  _al_rechannel_matrix             [   0.01807] 
audio    D          kcm_mixer.c:127  _al_rechannel_matrix             [   0.01808] 
dtor     D               dtor.c:196  _al_register_destructor          [   0.01809] added dtor for sample_instance 00000242972689a0, func 00007ffbd95a90dc
audio    D          kcm_mixer.c:121  _al_rechannel_matrix             [   0.01817] sample matrix:
audio    D          kcm_mixer.c:127  _al_rechannel_matrix             [   0.01818] 
audio    D          kcm_mixer.c:127  _al_rechannel_matrix             [   0.01819] 
dtor     D               dtor.c:196  _al_register_destructor          [   0.01820] added dtor for sample_instance 0000024297268ac0, func 00007ffbd95a90dc
audio    D          kcm_mixer.c:121  _al_rechannel_matrix             [   0.01821] sample matrix:
audio    D          kcm_mixer.c:127  _al_rechannel_matrix             [   0.01822] 
audio    D          kcm_mixer.c:127  _al_rechannel_matrix             [   0.01823] 
dtor     D               dtor.c:196  _al_register_destructor          [   0.01824] added dtor for sample_instance 0000024297268be0, func 00007ffbd95a90dc
audio    D          kcm_mixer.c:121  _al_rechannel_matrix             [   0.01825] sample matrix:
audio    D          kcm_mixer.c:127  _al_rechannel_matrix             [   0.01826] 
audio    D          kcm_mixer.c:127  _al_rechannel_matrix             [   0.01827] 
dtor     D               dtor.c:196  _al_register_destructor          [   0.01828] added dtor for sample_instance 000002429713c7d0, func 00007ffbd95a90dc
audio    D          kcm_mixer.c:121  _al_rechannel_matrix             [   0.01829] sample matrix:
audio    D          kcm_mixer.c:127  _al_rechannel_matrix             [   0.01834] 
audio    D          kcm_mixer.c:127  _al_rechannel_matrix             [   0.01836] 
dtor     D               dtor.c:196  _al_register_destructor          [   0.01836] added dtor for sample_instance 000002429713c8f0, func 00007ffbd95a90dc
audio    D          kcm_mixer.c:121  _al_rechannel_matrix             [   0.01838] sample matrix:
audio    D          kcm_mixer.c:127  _al_rechannel_matrix             [   0.01839] 
audio    D          kcm_mixer.c:127  _al_rechannel_matrix             [   0.01840] 
dtor     D               dtor.c:196  _al_register_destructor          [   0.01840] added dtor for sample_instance 000002429713ca10, func 00007ffbd95a90dc
audio    D          kcm_mixer.c:121  _al_rechannel_matrix             [   0.01842] sample matrix:
audio    D          kcm_mixer.c:127  _al_rechannel_matrix             [   0.01843] 
audio    D          kcm_mixer.c:127  _al_rechannel_matrix             [   0.01844] 
dtor     D               dtor.c:196  _al_register_destructor          [   0.01845] added dtor for sample_instance 000002429713cb30, func 00007ffbd95a90dc
audio    D          kcm_mixer.c:121  _al_rechannel_matrix             [   0.01847] sample matrix:
audio    D          kcm_mixer.c:127  _al_rechannel_matrix             [   0.01848] 
audio    D          kcm_mixer.c:127  _al_rechannel_matrix             [   0.01850] 
dtor     D               dtor.c:196  _al_register_destructor          [   0.01851] added dtor for sample_instance 000002429713cd60, func 00007ffbd95a90dc
audio    D          kcm_mixer.c:121  _al_rechannel_matrix             [   0.01853] sample matrix:
audio    D          kcm_mixer.c:127  _al_rechannel_matrix             [   0.01854] 
audio    D          kcm_mixer.c:127  _al_rechannel_matrix             [   0.01856] 
system   D            wsystem.c:889  _al_win_safe_load_library        [   0.01884] PathFindOnPath found: C:\WINDOWS\system32\d3d9.dll
system   D            wsystem.c:795  load_library_at_path             [   0.01887] Calling LoadLibrary C:\WINDOWS\system32\d3d9.dll
system   I            wsystem.c:798  load_library_at_path             [   0.02224] Loaded C:\WINDOWS\system32\d3d9.dll
d3d      I         d3d_disp.cpp:679  d3d_init_display                 [   0.04544] Render-to-texture: 1
d3d      I         d3d_disp.cpp:1780 d3d_create_display_locked        [   0.04600] faux_fullscreen=0
d3d      D         d3d_disp.cpp:1781 d3d_create_display_locked        [   0.04603] al_display=000002429713da60
d3d      D         d3d_disp.cpp:1782 d3d_create_display_locked        [   0.04605] al_display->vt=000002429713d8f0
d3d      I d3d_display_formats.cpp:144  _al_d3d_generate_display_format_list [   0.04717] found 64 format combinations
display  D   display_settings.c:214  debug_display_settings           [   0.04721] color: 32 (rgba 8880), depth: 0, stencil: 0, acc: 0000, samples: 0/0
display  D   display_settings.c:529  _al_score_display_settings       [   0.04723] Score is : 897
display  D   display_settings.c:214  debug_display_settings           [   0.04724] color: 32 (rgba 8880), depth: 0, stencil: 0, acc: 0000, samples: 0/0
display  D   display_settings.c:529  _al_score_display_settings       [   0.04725] Score is : 897
display  D   display_settings.c:214  debug_display_settings           [   0.04726] color: 32 (rgba 8880), depth: 24, stencil: 8, acc: 0000, samples: 0/0
display  D   display_settings.c:529  _al_score_display_settings       [   0.04727] Score is : 897
display  D   display_settings.c:214  debug_display_settings           [   0.04728] color: 32 (rgba 8880), depth: 24, stencil: 8, acc: 0000, samples: 0/0
display  D   display_settings.c:529  _al_score_display_settings       [   0.04730] Score is : 897
display  D   display_settings.c:214  debug_display_settings           [   0.04731] color: 32 (rgba 8880), depth: 24, stencil: 0, acc: 0000, samples: 0/0
display  D   display_settings.c:529  _al_score_display_settings       [   0.04732] Score is : 897
display  D   display_settings.c:214  debug_display_settings           [   0.04733] color: 32 (rgba 8880), depth: 24, stencil: 0, acc: 0000, samples: 0/0
display  D   display_settings.c:529  _al_score_display_settings       [   0.04735] Score is : 897
display  D   display_settings.c:214  debug_display_settings           [   0.04736] color: 32 (rgba 8880), depth: 16, stencil: 0, acc: 0000, samples: 0/0
display  D   display_settings.c:529  _al_score_display_settings       [   0.04737] Score is : 897
display  D   display_settings.c:214  debug_display_settings           [   0.04738] color: 32 (rgba 8880), depth: 16, stencil: 0, acc: 0000, samples: 0/0
display  D   display_settings.c:529  _al_score_display_settings       [   0.04739] Score is : 897
display  D   display_settings.c:214  debug_display_settings           [   0.04740] color: 16 (rgba 5650), depth: 0, stencil: 0, acc: 0000, samples: 0/0
display  D   display_settings.c:529  _al_score_display_settings       [   0.04741] Score is : 897
display  D   display_settings.c:214  debug_display_settings           [   0.04743] color: 16 (rgba 5650), depth: 0, stencil: 0, acc: 0000, samples: 0/0
display  D   display_settings.c:529  _al_score_display_settings       [   0.04744] Score is : 897
display  D   display_settings.c:214  debug_display_settings           [   0.04745] color: 16 (rgba 5650), depth: 24, stencil: 8, acc: 0000, samples: 0/0
display  D   display_settings.c:529  _al_score_display_settings       [   0.04746] Score is : 897
display  D   display_settings.c:214  debug_display_settings           [   0.04747] color: 16 (rgba 5650), depth: 24, stencil: 8, acc: 0000, samples: 0/0
display  D   display_settings.c:529  _al_score_display_settings       [   0.04748] Score is : 897
display  D   display_settings.c:214  debug_display_settings           [   0.04749] color: 16 (rgba 5650), depth: 24, stencil: 0, acc: 0000, samples: 0/0
display  D   display_settings.c:529  _al_score_display_settings       [   0.04751] Score is : 897
display  D   display_settings.c:214  debug_display_settings           [   0.04752] color: 16 (rgba 5650), depth: 24, stencil: 0, acc: 0000, samples: 0/0
display  D   display_settings.c:529  _al_score_display_settings       [   0.04753] Score is : 897
display  D   display_settings.c:214  debug_display_settings           [   0.04754] color: 16 (rgba 5650), depth: 16, stencil: 0, acc: 0000, samples: 0/0
display  D   display_settings.c:529  _al_score_display_settings       [   0.04755] Score is : 897
display  D   display_settings.c:214  debug_display_settings           [   0.04756] color: 16 (rgba 5650), depth: 16, stencil: 0, acc: 0000, samples: 0/0
display  D   display_settings.c:529  _al_score_display_settings       [   0.04757] Score is : 897
display  D   display_settings.c:214  debug_display_settings           [   0.04758] color: 32 (rgba 8880), depth: 0, stencil: 0, acc: 0000, samples: 0/0
display  D   display_settings.c:400  _al_score_display_settings       [   0.04759] Single Buffer requirement not met.
display  D   display_settings.c:214  debug_display_settings           [   0.04761] color: 32 (rgba 8880), depth: 0, stencil: 0, acc: 0000, samples: 0/0
display  D   display_settings.c:400  _al_score_display_settings       [   0.04762] Single Buffer requirement not met.
display  D   display_settings.c:214  debug_display_settings           [   0.04764] color: 32 (rgba 8880), depth: 24, stencil: 8, acc: 0000, samples: 0/0
display  D   display_settings.c:400  _al_score_display_settings       [   0.04765] Single Buffer requirement not met.
display  D   display_settings.c:214  debug_display_settings           [   0.04766] color: 32 (rgba 8880), depth: 24, stencil: 8, acc: 0000, samples: 0/0
display  D   display_settings.c:400  _al_score_display_settings       [   0.04767] Single Buffer requirement not met.
display  D   display_settings.c:214  debug_display_settings           [   0.04768] color: 32 (rgba 8880), depth: 24, stencil: 0, acc: 0000, samples: 0/0
display  D   display_settings.c:400  _al_score_display_settings       [   0.04770] Single Buffer requirement not met.
display  D   display_settings.c:214  debug_display_settings           [   0.04771] color: 32 (rgba 8880), depth: 24, stencil: 0, acc: 0000, samples: 0/0
display  D   display_settings.c:400  _al_score_display_settings       [   0.04772] Single Buffer requirement not met.
display  D   display_settings.c:214  debug_display_settings           [   0.04773] color: 32 (rgba 8880), depth: 16, stencil: 0, acc: 0000, samples: 0/0
display  D   display_settings.c:400  _al_score_display_settings       [   0.04775] Single Buffer requirement not met.
display  D   display_settings.c:214  debug_display_settings           [   0.04776] color: 32 (rgba 8880), depth: 16, stencil: 0, acc: 0000, samples: 0/0
display  D   display_settings.c:400  _al_score_display_settings       [   0.04777] Single Buffer requirement not met.
display  D   display_settings.c:214  debug_display_settings           [   0.04778] color: 16 (rgba 5650), depth: 0, stencil: 0, acc: 0000, samples: 0/0
display  D   display_settings.c:400  _al_score_display_settings       [   0.04779] Single Buffer requirement not met.
display  D   display_settings.c:214  debug_display_settings           [   0.04780] color: 16 (rgba 5650), depth: 0, stencil: 0, acc: 0000, samples: 0/0
display  D   display_settings.c:400  _al_score_display_settings       [   0.04782] Single Buffer requirement not met.
display  D   display_settings.c:214  debug_display_settings           [   0.04783] color: 16 (rgba 5650), depth: 24, stencil: 8, acc: 0000, samples: 0/0
display  D   display_settings.c:400  _al_score_display_settings       [   0.04784] Single Buffer requirement not met.
display  D   display_settings.c:214  debug_display_settings           [   0.04785] color: 16 (rgba 5650), depth: 24, stencil: 8, acc: 0000, samples: 0/0
display  D   display_settings.c:400  _al_score_display_settings       [   0.04787] Single Buffer requirement not met.
display  D   display_settings.c:214  debug_display_settings           [   0.04788] color: 16 (rgba 5650), depth: 24, stencil: 0, acc: 0000, samples: 0/0
display  D   display_settings.c:400  _al_score_display_settings       [   0.04789] Single Buffer requirement not met.
display  D   display_settings.c:214  debug_display_settings           [   0.04790] color: 16 (rgba 5650), depth: 24, stencil: 0, acc: 0000, samples: 0/0
display  D   display_settings.c:400  _al_score_display_settings       [   0.04791] Single Buffer requirement not met.
display  D   display_settings.c:214  debug_display_settings           [   0.04792] color: 16 (rgba 5650), depth: 16, stencil: 0, acc: 0000, samples: 0/0
display  D   display_settings.c:400  _al_score_display_settings       [   0.04794] Single Buffer requirement not met.
display  D   display_settings.c:214  debug_display_settings           [   0.04795] color: 16 (rgba 5650), depth: 16, stencil: 0, acc: 0000, samples: 0/0
display  D   display_settings.c:400  _al_score_display_settings       [   0.04796] Single Buffer requirement not met.
display  D   display_settings.c:214  debug_display_settings           [   0.04797] color: 32 (rgba 8880), depth: 0, stencil: 0, acc: 0000, samples: 0/0
display  D   display_settings.c:529  _al_score_display_settings       [   0.04798] Score is : 769
display  D   display_settings.c:214  debug_display_settings           [   0.04799] color: 32 (rgba 8880), depth: 0, stencil: 0, acc: 0000, samples: 0/0
display  D   display_settings.c:529  _al_score_display_settings       [   0.04801] Score is : 769
display  D   display_settings.c:214  debug_display_settings           [   0.04802] color: 32 (rgba 8880), depth: 24, stencil: 8, acc: 0000, samples: 0/0
display  D   display_settings.c:529  _al_score_display_settings       [   0.04803] Score is : 769
display  D   display_settings.c:214  debug_display_settings           [   0.04804] color: 32 (rgba 8880), depth: 24, stencil: 8, acc: 0000, samples: 0/0
display  D   display_settings.c:529  _al_score_display_settings       [   0.04805] Score is : 769
display  D   display_settings.c:214  debug_display_settings           [   0.04806] color: 32 (rgba 8880), depth: 24, stencil: 0, acc: 0000, samples: 0/0
display  D   display_settings.c:529  _al_score_display_settings       [   0.04812] Score is : 769
display  D   display_settings.c:214  debug_display_settings           [   0.04813] color: 32 (rgba 8880), depth: 24, stencil: 0, acc: 0000, samples: 0/0
display  D   display_settings.c:529  _al_score_display_settings       [   0.04814] Score is : 769
display  D   display_settings.c:214  debug_display_settings           [   0.04815] color: 32 (rgba 8880), depth: 16, stencil: 0, acc: 0000, samples: 0/0
display  D   display_settings.c:529  _al_score_display_settings       [   0.04817] Score is : 769
display  D   display_settings.c:214  debug_display_settings           [   0.04818] color: 32 (rgba 8880), depth: 16, stencil: 0, acc: 0000, samples: 0/0
display  D   display_settings.c:529  _al_score_display_settings       [   0.04819] Score is : 769
display  D   display_settings.c:214  debug_display_settings           [   0.04820] color: 16 (rgba 5650), depth: 0, stencil: 0, acc: 0000, samples: 0/0
display  D   display_settings.c:529  _al_score_display_settings       [   0.04821] Score is : 769
display  D   display_settings.c:214  debug_display_settings           [   0.04822] color: 16 (rgba 5650), depth: 0, stencil: 0, acc: 0000, samples: 0/0
display  D   display_settings.c:529  _al_score_display_settings       [   0.04823] Score is : 769
display  D   display_settings.c:214  debug_display_settings           [   0.04825] color: 16 (rgba 5650), depth: 24, stencil: 8, acc: 0000, samples: 0/0
display  D   display_settings.c:529  _al_score_display_settings       [   0.04826] Score is : 769
display  D   display_settings.c:214  debug_display_settings           [   0.04827] color: 16 (rgba 5650), depth: 24, stencil: 8, acc: 0000, samples: 0/0
display  D   display_settings.c:529  _al_score_display_settings       [   0.04828] Score is : 769
display  D   display_settings.c:214  debug_display_settings           [   0.04829] color: 16 (rgba 5650), depth: 24, stencil: 0, acc: 0000, samples: 0/0
display  D   display_settings.c:529  _al_score_display_settings       [   0.04830] Score is : 769
display  D   display_settings.c:214  debug_display_settings           [   0.04831] color: 16 (rgba 5650), depth: 24, stencil: 0, acc: 0000, samples: 0/0
display  D   display_settings.c:529  _al_score_display_settings       [   0.04833] Score is : 769
display  D   display_settings.c:214  debug_display_settings           [   0.04834] color: 16 (rgba 5650), depth: 16, stencil: 0, acc: 0000, samples: 0/0
display  D   display_settings.c:529  _al_score_display_settings       [   0.04835] Score is : 769
display  D   display_settings.c:214  debug_display_settings           [   0.04836] color: 16 (rgba 5650), depth: 16, stencil: 0, acc: 0000, samples: 0/0
display  D   display_settings.c:529  _al_score_display_settings       [   0.04837] Score is : 769
display  D   display_settings.c:214  debug_display_settings           [   0.04838] color: 32 (rgba 8880), depth: 0, stencil: 0, acc: 0000, samples: 0/0
display  D   display_settings.c:400  _al_score_display_settings       [   0.04840] Single Buffer requirement not met.
display  D   display_settings.c:214  debug_display_settings           [   0.04841] color: 32 (rgba 8880), depth: 0, stencil: 0, acc: 0000, samples: 0/0
display  D   display_settings.c:400  _al_score_display_settings       [   0.04842] Single Buffer requirement not met.
display  D   display_settings.c:214  debug_display_settings           [   0.04843] color: 32 (rgba 8880), depth: 24, stencil: 8, acc: 0000, samples: 0/0
display  D   display_settings.c:400  _al_score_display_settings       [   0.04845] Single Buffer requirement not met.
display  D   display_settings.c:214  debug_display_settings           [   0.04846] color: 32 (rgba 8880), depth: 24, stencil: 8, acc: 0000, samples: 0/0
display  D   display_settings.c:400  _al_score_display_settings       [   0.04848] Single Buffer requirement not met.
display  D   display_settings.c:214  debug_display_settings           [   0.04850] color: 32 (rgba 8880), depth: 24, stencil: 0, acc: 0000, samples: 0/0
display  D   display_settings.c:400  _al_score_display_settings       [   0.04852] Single Buffer requirement not met.
display  D   display_settings.c:214  debug_display_settings           [   0.04855] color: 32 (rgba 8880), depth: 24, stencil: 0, acc: 0000, samples: 0/0
display  D   display_settings.c:400  _al_score_display_settings       [   0.04857] Single Buffer requirement not met.
display  D   display_settings.c:214  debug_display_settings           [   0.04858] color: 32 (rgba 8880), depth: 16, stencil: 0, acc: 0000, samples: 0/0
display  D   display_settings.c:400  _al_score_display_settings       [   0.04860] Single Buffer requirement not met.
display  D   display_settings.c:214  debug_display_settings           [   0.04861] color: 32 (rgba 8880), depth: 16, stencil: 0, acc: 0000, samples: 0/0
display  D   display_settings.c:400  _al_score_display_settings       [   0.04863] Single Buffer requirement not met.
display  D   display_settings.c:214  debug_display_settings           [   0.04864] color: 16 (rgba 5650), depth: 0, stencil: 0, acc: 0000, samples: 0/0
display  D   display_settings.c:400  _al_score_display_settings       [   0.04866] Single Buffer requirement not met.
display  D   display_settings.c:214  debug_display_settings           [   0.04867] color: 16 (rgba 5650), depth: 0, stencil: 0, acc: 0000, samples: 0/0
display  D   display_settings.c:400  _al_score_display_settings       [   0.04869] Single Buffer requirement not met.
display  D   display_settings.c:214  debug_display_settings           [   0.04870] color: 16 (rgba 5650), depth: 24, stencil: 8, acc: 0000, samples: 0/0
display  D   display_settings.c:400  _al_score_display_settings       [   0.04872] Single Buffer requirement not met.
display  D   display_settings.c:214  debug_display_settings           [   0.04873] color: 16 (rgba 5650), depth: 24, stencil: 8, acc: 0000, samples: 0/0
display  D   display_settings.c:400  _al_score_display_settings       [   0.04874] Single Buffer requirement not met.
display  D   display_settings.c:214  debug_display_settings           [   0.04876] color: 16 (rgba 5650), depth: 24, stencil: 0, acc: 0000, samples: 0/0
display  D   display_settings.c:400  _al_score_display_settings       [   0.04877] Single Buffer requirement not met.
display  D   display_settings.c:214  debug_display_settings           [   0.04879] color: 16 (rgba 5650), depth: 24, stencil: 0, acc: 0000, samples: 0/0
display  D   display_settings.c:400  _al_score_display_settings       [   0.04880] Single Buffer requirement not met.
display  D   display_settings.c:214  debug_display_settings           [   0.04882] color: 16 (rgba 5650), depth: 16, stencil: 0, acc: 0000, samples: 0/0
display  D   display_settings.c:400  _al_score_display_settings       [   0.04883] Single Buffer requirement not met.
display  D   display_settings.c:214  debug_display_settings           [   0.04885] color: 16 (rgba 5650), depth: 16, stencil: 0, acc: 0000, samples: 0/0
display  D   display_settings.c:400  _al_score_display_settings       [   0.04886] Single Buffer requirement not met.
d3d      D         d3d_disp.cpp:1677 d3d_create_display_internals     [   0.04888] Trying format 0.
d3d      I         d3d_disp.cpp:1353 d3d_display_thread_proc          [   0.04911] Chose a display format: 23
d3d      I         d3d_disp.cpp:1422 d3d_display_thread_proc          [   0.04914] Normal window.
d3d      I         d3d_disp.cpp:786  d3d_create_device                [   2.91498] Using no depth stencil buffer
d3d      D         d3d_disp.cpp:848  d3d_create_device                [   2.94371] BeginScene succeeded in create_device
d3d      D         d3d_disp.cpp:856  d3d_create_device                [   2.94379] Success
d3d      D         d3d_disp.cpp:1703 d3d_create_display_internals     [   2.94392] Resumed after wait.
d3d      I         d3d_disp.cpp:1736 d3d_create_display_internals     [   2.94396] Format 0 succeeded.
d3d      D         d3d_disp.cpp:1767 d3d_create_display_internals     [   2.94399] Returning d3d_display: 000002429713da60
d3d      D         d3d_disp.cpp:1792 d3d_create_display_locked        [   2.94402] al_display=000002429713da60
d3d      D         d3d_disp.cpp:1793 d3d_create_display_locked        [   2.94403] al_display->vt=000002429713d8f0
system   D            wsystem.c:889  _al_win_safe_load_library        [   2.94452] PathFindOnPath found: C:\WINDOWS\system32\d3dx9_43.dll
system   D            wsystem.c:795  load_library_at_path             [   2.94454] Calling LoadLibrary C:\WINDOWS\system32\d3dx9_43.dll
system   I            wsystem.c:798  load_library_at_path             [   2.94563] Loaded C:\WINDOWS\system32\d3dx9_43.dll
d3dx9    I        d3d_d3dx9.cpp:88   _imp_load_d3dx9_module_version   [   2.94566] Module "d3dx9_43.dll" loaded.
stdio    D         file_stdio.c:110  file_stdio_fopen                 [   2.94569] opening SoukouMincho.ttf rb
font     D                ttf.c:973  al_load_ttf_font_stretch_f       [   2.94638] Font SoukouMincho.ttf loaded with pixel size 0 x 0.
font     D                ttf.c:975  al_load_ttf_font_stretch_f       [   2.94639]     ascent=0.0, descent=0.0, height=0.0
dtor     D               dtor.c:196  _al_register_destructor          [   2.94641] added dtor for ttf_font 00000242971ea320, func 00007ffbd95a4170
dtor     D               dtor.c:196  _al_register_destructor          [   2.94642] added dtor for queue 000002429726d390, func 00007ffbd947cc4e
font     W                ttf.c:457  cache_glyph                      [   5.03094] Failed loading glyph 66 from.
font     D                ttf.c:471  cache_glyph                      [   5.03100] Glyph 66 has zero size.
font     W                ttf.c:457  cache_glyph                      [   5.28402] Failed loading glyph 84 from.
font     D                ttf.c:471  cache_glyph                      [   5.28410] Glyph 84 has zero size.
font     W                ttf.c:457  cache_glyph                      [   5.48736] Failed loading glyph 89 from.
font     D                ttf.c:471  cache_glyph                      [   5.48743] Glyph 89 has zero size.
