stdio    D         file_stdio.c:110  file_stdio_fopen                 [   0.00000] opening C:\Users\YU\Downloads\End-of-term\Master\GAME\MAIN\bin\Debug\allegro5.cfg r
system   D            wsystem.c:889  _al_win_safe_load_library        [   0.00000] PathFindOnPath found: C:\Windows\system32\shcore.dll
system   D            wsystem.c:795  load_library_at_path             [   0.00000] Calling LoadLibrary C:\Windows\system32\shcore.dll
system   I            wsystem.c:798  load_library_at_path             [   0.00000] Loaded C:\Windows\system32\shcore.dll
system   I             system.c:271  al_install_system                [   0.00000] Allegro version: 5.2.8
audio-dsound I           dsound.cpp:275  _dsound_open                     [   0.00020] Starting DirectSound...
audio-dsound D           dsound.cpp:288  _dsound_open                     [   0.04390] DirectSoundCreate8 succeeded
audio-dsound I           dsound.cpp:77   get_window                       [   0.04397] Using desktop window: 0000000000010010
audio    I              audio.c:391  do_install_audio                 [   0.04416] Using DirectSound driver
audio-dsound D           dsound.cpp:322  _dsound_allocate_voice           [   0.04430] Allocating voice
audio-dsound D           dsound.cpp:381  _dsound_allocate_voice           [   0.04434] Allocated voice
dtor     D               dtor.c:196  _al_register_destructor          [   0.04437] added dtor for voice 0000013df2d13ed0, func 00007ffb25815312
dtor     D               dtor.c:196  _al_register_destructor          [   0.04442] added dtor for mixer 0000013df155e310, func 00007ffb2581050f
audio-dsound D           dsound.cpp:477  _dsound_start_voice              [   0.04445] Starting voice
audio-dsound D           dsound.cpp:505  _dsound_start_voice              [   0.04448] CreateSoundBuffer
audio-dsound D           dsound.cpp:513  _dsound_start_voice              [   0.04664] CreateSoundBuffer succeeded
audio-dsound D           dsound.cpp:519  _dsound_start_voice              [   0.04669] Starting _dsound_update thread
audio-dsound I           dsound.cpp:529  _dsound_start_voice              [   0.04678] Voice started
dtor     D               dtor.c:196  _al_register_destructor          [   0.04684] added dtor for sample_instance 0000013df155e830, func 00007ffb258090dc
audio    D          kcm_mixer.c:121  _al_rechannel_matrix             [   0.04688] sample matrix:
audio    D          kcm_mixer.c:127  _al_rechannel_matrix             [   0.04692] 
audio    D          kcm_mixer.c:127  _al_rechannel_matrix             [   0.04694] 
dtor     D               dtor.c:196  _al_register_destructor          [   0.04697] added dtor for sample_instance 0000013df155e550, func 00007ffb258090dc
audio    D          kcm_mixer.c:121  _al_rechannel_matrix             [   0.04711] sample matrix:
audio    D          kcm_mixer.c:127  _al_rechannel_matrix             [   0.04715] 
audio    D          kcm_mixer.c:127  _al_rechannel_matrix             [   0.04719] 
dtor     D               dtor.c:196  _al_register_destructor          [   0.04722] added dtor for sample_instance 0000013df155e670, func 00007ffb258090dc
audio    D          kcm_mixer.c:121  _al_rechannel_matrix             [   0.04727] sample matrix:
audio    D          kcm_mixer.c:127  _al_rechannel_matrix             [   0.04730] 
audio    D          kcm_mixer.c:127  _al_rechannel_matrix             [   0.04733] 
dtor     D               dtor.c:196  _al_register_destructor          [   0.04736] added dtor for sample_instance 0000013df155ec30, func 00007ffb258090dc
audio    D          kcm_mixer.c:121  _al_rechannel_matrix             [   0.04740] sample matrix:
audio    D          kcm_mixer.c:127  _al_rechannel_matrix             [   0.04744] 
audio    D          kcm_mixer.c:127  _al_rechannel_matrix             [   0.04748] 
dtor     D               dtor.c:196  _al_register_destructor          [   0.04751] added dtor for sample_instance 0000013df155ed50, func 00007ffb258090dc
audio    D          kcm_mixer.c:121  _al_rechannel_matrix             [   0.04754] sample matrix:
audio    D          kcm_mixer.c:127  _al_rechannel_matrix             [   0.04763] 
audio    D          kcm_mixer.c:127  _al_rechannel_matrix             [   0.04767] 
dtor     D               dtor.c:196  _al_register_destructor          [   0.04771] added dtor for sample_instance 0000013df155ee70, func 00007ffb258090dc
audio    D          kcm_mixer.c:121  _al_rechannel_matrix             [   0.04774] sample matrix:
audio    D          kcm_mixer.c:127  _al_rechannel_matrix             [   0.04777] 
audio    D          kcm_mixer.c:127  _al_rechannel_matrix             [   0.04780] 
dtor     D               dtor.c:196  _al_register_destructor          [   0.04783] added dtor for sample_instance 0000013df2d20fd0, func 00007ffb258090dc
audio    D          kcm_mixer.c:121  _al_rechannel_matrix             [   0.04786] sample matrix:
audio    D          kcm_mixer.c:127  _al_rechannel_matrix             [   0.04789] 
audio    D          kcm_mixer.c:127  _al_rechannel_matrix             [   0.04792] 
dtor     D               dtor.c:196  _al_register_destructor          [   0.04796] added dtor for sample_instance 0000013df2d210f0, func 00007ffb258090dc
audio    D          kcm_mixer.c:121  _al_rechannel_matrix             [   0.04800] sample matrix:
audio    D          kcm_mixer.c:127  _al_rechannel_matrix             [   0.04803] 
audio    D          kcm_mixer.c:127  _al_rechannel_matrix             [   0.04807] 
dtor     D               dtor.c:196  _al_register_destructor          [   0.04810] added dtor for sample_instance 0000013df2d21320, func 00007ffb258090dc
audio    D          kcm_mixer.c:121  _al_rechannel_matrix             [   0.04814] sample matrix:
audio    D          kcm_mixer.c:127  _al_rechannel_matrix             [   0.04816] 
audio    D          kcm_mixer.c:127  _al_rechannel_matrix             [   0.04819] 
stdio    D         file_stdio.c:110  file_stdio_fopen                 [   0.05073] opening ./assets/arial.ttf rb
font     D                ttf.c:973  al_load_ttf_font_stretch_f       [   0.05122] Font ./assets/arial.ttf loaded with pixel size 0 x 24.
font     D                ttf.c:975  al_load_ttf_font_stretch_f       [   0.05126]     ascent=22.0, descent=-6.0, height=28.0
dtor     D               dtor.c:196  _al_register_destructor          [   0.05128] added dtor for ttf_font 0000013df2d40910, func 00007ffb25804170
stdio    D         file_stdio.c:110  file_stdio_fopen                 [   0.05131] opening ./assets/thumbnail.jpg rb
stdio    D         file_stdio.c:110  file_stdio_fopen                 [   0.05147] opening ./assets/thumbnail.jpg rb
dtor     D               dtor.c:196  _al_register_destructor          [   0.05167] added dtor for bitmap 0000013df2d4c090, func 00007ffb256b1bf8
stdio    D         file_stdio.c:110  file_stdio_fopen                 [   0.05972] opening ./assets/icon.jpg rb
stdio    D         file_stdio.c:110  file_stdio_fopen                 [   0.06155] opening ./assets/icon.jpg rb
dtor     D               dtor.c:196  _al_register_destructor          [   0.06217] added dtor for bitmap 0000013df2d4eb40, func 00007ffb256b1bf8
stdio    D         file_stdio.c:110  file_stdio_fopen                 [   0.22959] opening ./assets/Quack.wav rb
stdio    D         file_stdio.c:110  file_stdio_fopen                 [   0.22979] opening ./assets/Quack.wav rb
wav      I                wav.c:124  wav_open                         [   0.22988] Ignoring chunk: LIST
wav      E                wav.c:121  wav_open                         [   0.22991] Bad RIFF type.
dtor     D               dtor.c:196  _al_register_destructor          [   0.22996] added dtor for sample 0000013df2d407c0, func 00007ffb25811b08
system   D            wsystem.c:889  _al_win_safe_load_library        [   0.23030] PathFindOnPath found: C:\Windows\system32\d3d9.dll
system   D            wsystem.c:795  load_library_at_path             [   0.23034] Calling LoadLibrary C:\Windows\system32\d3d9.dll
system   I            wsystem.c:798  load_library_at_path             [   0.23264] Loaded C:\Windows\system32\d3d9.dll
d3d      I         d3d_disp.cpp:679  d3d_init_display                 [   0.23827] Render-to-texture: 1
d3d      I         d3d_disp.cpp:1780 d3d_create_display_locked        [   0.23896] faux_fullscreen=0
d3d      D         d3d_disp.cpp:1781 d3d_create_display_locked        [   0.23900] al_display=0000013df2dbb920
d3d      D         d3d_disp.cpp:1782 d3d_create_display_locked        [   0.23902] al_display->vt=0000013df2dbb7b0
d3d      I d3d_display_formats.cpp:144  _al_d3d_generate_display_format_list [   0.24030] found 64 format combinations
display  D   display_settings.c:214  debug_display_settings           [   0.24034] color: 32 (rgba 8880), depth: 0, stencil: 0, acc: 0000, samples: 0/0
display  D   display_settings.c:529  _al_score_display_settings       [   0.24037] Score is : 897
display  D   display_settings.c:214  debug_display_settings           [   0.24039] color: 32 (rgba 8880), depth: 0, stencil: 0, acc: 0000, samples: 0/0
display  D   display_settings.c:529  _al_score_display_settings       [   0.24041] Score is : 897
display  D   display_settings.c:214  debug_display_settings           [   0.24042] color: 32 (rgba 8880), depth: 24, stencil: 8, acc: 0000, samples: 0/0
display  D   display_settings.c:529  _al_score_display_settings       [   0.24044] Score is : 897
display  D   display_settings.c:214  debug_display_settings           [   0.24046] color: 32 (rgba 8880), depth: 24, stencil: 8, acc: 0000, samples: 0/0
display  D   display_settings.c:529  _al_score_display_settings       [   0.24048] Score is : 897
display  D   display_settings.c:214  debug_display_settings           [   0.24049] color: 32 (rgba 8880), depth: 24, stencil: 0, acc: 0000, samples: 0/0
display  D   display_settings.c:529  _al_score_display_settings       [   0.24051] Score is : 897
display  D   display_settings.c:214  debug_display_settings           [   0.24053] color: 32 (rgba 8880), depth: 24, stencil: 0, acc: 0000, samples: 0/0
display  D   display_settings.c:529  _al_score_display_settings       [   0.24055] Score is : 897
display  D   display_settings.c:214  debug_display_settings           [   0.24056] color: 32 (rgba 8880), depth: 16, stencil: 0, acc: 0000, samples: 0/0
display  D   display_settings.c:529  _al_score_display_settings       [   0.24058] Score is : 897
display  D   display_settings.c:214  debug_display_settings           [   0.24060] color: 32 (rgba 8880), depth: 16, stencil: 0, acc: 0000, samples: 0/0
display  D   display_settings.c:529  _al_score_display_settings       [   0.24061] Score is : 897
display  D   display_settings.c:214  debug_display_settings           [   0.24063] color: 16 (rgba 5650), depth: 0, stencil: 0, acc: 0000, samples: 0/0
display  D   display_settings.c:529  _al_score_display_settings       [   0.24065] Score is : 897
display  D   display_settings.c:214  debug_display_settings           [   0.24067] color: 16 (rgba 5650), depth: 0, stencil: 0, acc: 0000, samples: 0/0
display  D   display_settings.c:529  _al_score_display_settings       [   0.24068] Score is : 897
display  D   display_settings.c:214  debug_display_settings           [   0.24070] color: 16 (rgba 5650), depth: 24, stencil: 8, acc: 0000, samples: 0/0
display  D   display_settings.c:529  _al_score_display_settings       [   0.24072] Score is : 897
display  D   display_settings.c:214  debug_display_settings           [   0.24073] color: 16 (rgba 5650), depth: 24, stencil: 8, acc: 0000, samples: 0/0
display  D   display_settings.c:529  _al_score_display_settings       [   0.24075] Score is : 897
display  D   display_settings.c:214  debug_display_settings           [   0.24077] color: 16 (rgba 5650), depth: 24, stencil: 0, acc: 0000, samples: 0/0
display  D   display_settings.c:529  _al_score_display_settings       [   0.24079] Score is : 897
display  D   display_settings.c:214  debug_display_settings           [   0.24080] color: 16 (rgba 5650), depth: 24, stencil: 0, acc: 0000, samples: 0/0
display  D   display_settings.c:529  _al_score_display_settings       [   0.24082] Score is : 897
display  D   display_settings.c:214  debug_display_settings           [   0.24084] color: 16 (rgba 5650), depth: 16, stencil: 0, acc: 0000, samples: 0/0
display  D   display_settings.c:529  _al_score_display_settings       [   0.24086] Score is : 897
display  D   display_settings.c:214  debug_display_settings           [   0.24088] color: 16 (rgba 5650), depth: 16, stencil: 0, acc: 0000, samples: 0/0
display  D   display_settings.c:529  _al_score_display_settings       [   0.24090] Score is : 897
display  D   display_settings.c:214  debug_display_settings           [   0.24091] color: 32 (rgba 8880), depth: 0, stencil: 0, acc: 0000, samples: 0/0
display  D   display_settings.c:400  _al_score_display_settings       [   0.24093] Single Buffer requirement not met.
display  D   display_settings.c:214  debug_display_settings           [   0.24095] color: 32 (rgba 8880), depth: 0, stencil: 0, acc: 0000, samples: 0/0
display  D   display_settings.c:400  _al_score_display_settings       [   0.24097] Single Buffer requirement not met.
display  D   display_settings.c:214  debug_display_settings           [   0.24099] color: 32 (rgba 8880), depth: 24, stencil: 8, acc: 0000, samples: 0/0
display  D   display_settings.c:400  _al_score_display_settings       [   0.24100] Single Buffer requirement not met.
display  D   display_settings.c:214  debug_display_settings           [   0.24102] color: 32 (rgba 8880), depth: 24, stencil: 8, acc: 0000, samples: 0/0
display  D   display_settings.c:400  _al_score_display_settings       [   0.24104] Single Buffer requirement not met.
display  D   display_settings.c:214  debug_display_settings           [   0.24105] color: 32 (rgba 8880), depth: 24, stencil: 0, acc: 0000, samples: 0/0
display  D   display_settings.c:400  _al_score_display_settings       [   0.24107] Single Buffer requirement not met.
display  D   display_settings.c:214  debug_display_settings           [   0.24109] color: 32 (rgba 8880), depth: 24, stencil: 0, acc: 0000, samples: 0/0
display  D   display_settings.c:400  _al_score_display_settings       [   0.24111] Single Buffer requirement not met.
display  D   display_settings.c:214  debug_display_settings           [   0.24112] color: 32 (rgba 8880), depth: 16, stencil: 0, acc: 0000, samples: 0/0
display  D   display_settings.c:400  _al_score_display_settings       [   0.24114] Single Buffer requirement not met.
display  D   display_settings.c:214  debug_display_settings           [   0.24116] color: 32 (rgba 8880), depth: 16, stencil: 0, acc: 0000, samples: 0/0
display  D   display_settings.c:400  _al_score_display_settings       [   0.24118] Single Buffer requirement not met.
display  D   display_settings.c:214  debug_display_settings           [   0.24119] color: 16 (rgba 5650), depth: 0, stencil: 0, acc: 0000, samples: 0/0
display  D   display_settings.c:400  _al_score_display_settings       [   0.24121] Single Buffer requirement not met.
display  D   display_settings.c:214  debug_display_settings           [   0.24123] color: 16 (rgba 5650), depth: 0, stencil: 0, acc: 0000, samples: 0/0
display  D   display_settings.c:400  _al_score_display_settings       [   0.24124] Single Buffer requirement not met.
display  D   display_settings.c:214  debug_display_settings           [   0.24126] color: 16 (rgba 5650), depth: 24, stencil: 8, acc: 0000, samples: 0/0
display  D   display_settings.c:400  _al_score_display_settings       [   0.24128] Single Buffer requirement not met.
display  D   display_settings.c:214  debug_display_settings           [   0.24130] color: 16 (rgba 5650), depth: 24, stencil: 8, acc: 0000, samples: 0/0
display  D   display_settings.c:400  _al_score_display_settings       [   0.24131] Single Buffer requirement not met.
display  D   display_settings.c:214  debug_display_settings           [   0.24133] color: 16 (rgba 5650), depth: 24, stencil: 0, acc: 0000, samples: 0/0
display  D   display_settings.c:400  _al_score_display_settings       [   0.24135] Single Buffer requirement not met.
display  D   display_settings.c:214  debug_display_settings           [   0.24142] color: 16 (rgba 5650), depth: 24, stencil: 0, acc: 0000, samples: 0/0
display  D   display_settings.c:400  _al_score_display_settings       [   0.24144] Single Buffer requirement not met.
display  D   display_settings.c:214  debug_display_settings           [   0.24146] color: 16 (rgba 5650), depth: 16, stencil: 0, acc: 0000, samples: 0/0
display  D   display_settings.c:400  _al_score_display_settings       [   0.24148] Single Buffer requirement not met.
display  D   display_settings.c:214  debug_display_settings           [   0.24149] color: 16 (rgba 5650), depth: 16, stencil: 0, acc: 0000, samples: 0/0
display  D   display_settings.c:400  _al_score_display_settings       [   0.24151] Single Buffer requirement not met.
display  D   display_settings.c:214  debug_display_settings           [   0.24153] color: 32 (rgba 8880), depth: 0, stencil: 0, acc: 0000, samples: 0/0
display  D   display_settings.c:529  _al_score_display_settings       [   0.24155] Score is : 769
display  D   display_settings.c:214  debug_display_settings           [   0.24156] color: 32 (rgba 8880), depth: 0, stencil: 0, acc: 0000, samples: 0/0
display  D   display_settings.c:529  _al_score_display_settings       [   0.24158] Score is : 769
display  D   display_settings.c:214  debug_display_settings           [   0.24160] color: 32 (rgba 8880), depth: 24, stencil: 8, acc: 0000, samples: 0/0
display  D   display_settings.c:529  _al_score_display_settings       [   0.24161] Score is : 769
display  D   display_settings.c:214  debug_display_settings           [   0.24163] color: 32 (rgba 8880), depth: 24, stencil: 8, acc: 0000, samples: 0/0
display  D   display_settings.c:529  _al_score_display_settings       [   0.24165] Score is : 769
display  D   display_settings.c:214  debug_display_settings           [   0.24167] color: 32 (rgba 8880), depth: 24, stencil: 0, acc: 0000, samples: 0/0
display  D   display_settings.c:529  _al_score_display_settings       [   0.24168] Score is : 769
display  D   display_settings.c:214  debug_display_settings           [   0.24170] color: 32 (rgba 8880), depth: 24, stencil: 0, acc: 0000, samples: 0/0
display  D   display_settings.c:529  _al_score_display_settings       [   0.24172] Score is : 769
display  D   display_settings.c:214  debug_display_settings           [   0.24173] color: 32 (rgba 8880), depth: 16, stencil: 0, acc: 0000, samples: 0/0
display  D   display_settings.c:529  _al_score_display_settings       [   0.24175] Score is : 769
display  D   display_settings.c:214  debug_display_settings           [   0.24177] color: 32 (rgba 8880), depth: 16, stencil: 0, acc: 0000, samples: 0/0
display  D   display_settings.c:529  _al_score_display_settings       [   0.24178] Score is : 769
display  D   display_settings.c:214  debug_display_settings           [   0.24180] color: 16 (rgba 5650), depth: 0, stencil: 0, acc: 0000, samples: 0/0
display  D   display_settings.c:529  _al_score_display_settings       [   0.24182] Score is : 769
display  D   display_settings.c:214  debug_display_settings           [   0.24183] color: 16 (rgba 5650), depth: 0, stencil: 0, acc: 0000, samples: 0/0
display  D   display_settings.c:529  _al_score_display_settings       [   0.24185] Score is : 769
display  D   display_settings.c:214  debug_display_settings           [   0.24187] color: 16 (rgba 5650), depth: 24, stencil: 8, acc: 0000, samples: 0/0
display  D   display_settings.c:529  _al_score_display_settings       [   0.24189] Score is : 769
display  D   display_settings.c:214  debug_display_settings           [   0.24190] color: 16 (rgba 5650), depth: 24, stencil: 8, acc: 0000, samples: 0/0
display  D   display_settings.c:529  _al_score_display_settings       [   0.24192] Score is : 769
display  D   display_settings.c:214  debug_display_settings           [   0.24194] color: 16 (rgba 5650), depth: 24, stencil: 0, acc: 0000, samples: 0/0
display  D   display_settings.c:529  _al_score_display_settings       [   0.24196] Score is : 769
display  D   display_settings.c:214  debug_display_settings           [   0.24202] color: 16 (rgba 5650), depth: 24, stencil: 0, acc: 0000, samples: 0/0
display  D   display_settings.c:529  _al_score_display_settings       [   0.24204] Score is : 769
display  D   display_settings.c:214  debug_display_settings           [   0.24206] color: 16 (rgba 5650), depth: 16, stencil: 0, acc: 0000, samples: 0/0
display  D   display_settings.c:529  _al_score_display_settings       [   0.24207] Score is : 769
display  D   display_settings.c:214  debug_display_settings           [   0.24209] color: 16 (rgba 5650), depth: 16, stencil: 0, acc: 0000, samples: 0/0
display  D   display_settings.c:529  _al_score_display_settings       [   0.24211] Score is : 769
display  D   display_settings.c:214  debug_display_settings           [   0.24212] color: 32 (rgba 8880), depth: 0, stencil: 0, acc: 0000, samples: 0/0
display  D   display_settings.c:400  _al_score_display_settings       [   0.24214] Single Buffer requirement not met.
display  D   display_settings.c:214  debug_display_settings           [   0.24216] color: 32 (rgba 8880), depth: 0, stencil: 0, acc: 0000, samples: 0/0
display  D   display_settings.c:400  _al_score_display_settings       [   0.24218] Single Buffer requirement not met.
display  D   display_settings.c:214  debug_display_settings           [   0.24219] color: 32 (rgba 8880), depth: 24, stencil: 8, acc: 0000, samples: 0/0
display  D   display_settings.c:400  _al_score_display_settings       [   0.24221] Single Buffer requirement not met.
display  D   display_settings.c:214  debug_display_settings           [   0.24223] color: 32 (rgba 8880), depth: 24, stencil: 8, acc: 0000, samples: 0/0
display  D   display_settings.c:400  _al_score_display_settings       [   0.24225] Single Buffer requirement not met.
display  D   display_settings.c:214  debug_display_settings           [   0.24226] color: 32 (rgba 8880), depth: 24, stencil: 0, acc: 0000, samples: 0/0
display  D   display_settings.c:400  _al_score_display_settings       [   0.24228] Single Buffer requirement not met.
display  D   display_settings.c:214  debug_display_settings           [   0.24230] color: 32 (rgba 8880), depth: 24, stencil: 0, acc: 0000, samples: 0/0
display  D   display_settings.c:400  _al_score_display_settings       [   0.24232] Single Buffer requirement not met.
display  D   display_settings.c:214  debug_display_settings           [   0.24233] color: 32 (rgba 8880), depth: 16, stencil: 0, acc: 0000, samples: 0/0
display  D   display_settings.c:400  _al_score_display_settings       [   0.24235] Single Buffer requirement not met.
display  D   display_settings.c:214  debug_display_settings           [   0.24237] color: 32 (rgba 8880), depth: 16, stencil: 0, acc: 0000, samples: 0/0
display  D   display_settings.c:400  _al_score_display_settings       [   0.24238] Single Buffer requirement not met.
display  D   display_settings.c:214  debug_display_settings           [   0.24240] color: 16 (rgba 5650), depth: 0, stencil: 0, acc: 0000, samples: 0/0
display  D   display_settings.c:400  _al_score_display_settings       [   0.24242] Single Buffer requirement not met.
display  D   display_settings.c:214  debug_display_settings           [   0.24244] color: 16 (rgba 5650), depth: 0, stencil: 0, acc: 0000, samples: 0/0
display  D   display_settings.c:400  _al_score_display_settings       [   0.24245] Single Buffer requirement not met.
display  D   display_settings.c:214  debug_display_settings           [   0.24247] color: 16 (rgba 5650), depth: 24, stencil: 8, acc: 0000, samples: 0/0
display  D   display_settings.c:400  _al_score_display_settings       [   0.24249] Single Buffer requirement not met.
display  D   display_settings.c:214  debug_display_settings           [   0.24250] color: 16 (rgba 5650), depth: 24, stencil: 8, acc: 0000, samples: 0/0
display  D   display_settings.c:400  _al_score_display_settings       [   0.24252] Single Buffer requirement not met.
display  D   display_settings.c:214  debug_display_settings           [   0.24254] color: 16 (rgba 5650), depth: 24, stencil: 0, acc: 0000, samples: 0/0
display  D   display_settings.c:400  _al_score_display_settings       [   0.24256] Single Buffer requirement not met.
display  D   display_settings.c:214  debug_display_settings           [   0.24258] color: 16 (rgba 5650), depth: 24, stencil: 0, acc: 0000, samples: 0/0
display  D   display_settings.c:400  _al_score_display_settings       [   0.24259] Single Buffer requirement not met.
display  D   display_settings.c:214  debug_display_settings           [   0.24261] color: 16 (rgba 5650), depth: 16, stencil: 0, acc: 0000, samples: 0/0
display  D   display_settings.c:400  _al_score_display_settings       [   0.24263] Single Buffer requirement not met.
display  D   display_settings.c:214  debug_display_settings           [   0.24265] color: 16 (rgba 5650), depth: 16, stencil: 0, acc: 0000, samples: 0/0
display  D   display_settings.c:400  _al_score_display_settings       [   0.24266] Single Buffer requirement not met.
d3d      D         d3d_disp.cpp:1677 d3d_create_display_internals     [   0.24269] Trying format 0.
d3d      I         d3d_disp.cpp:1353 d3d_display_thread_proc          [   0.24294] Chose a display format: 23
d3d      I         d3d_disp.cpp:1422 d3d_display_thread_proc          [   0.24298] Normal window.
d3d      I         d3d_disp.cpp:786  d3d_create_device                [   0.26596] Using no depth stencil buffer
d3d      D         d3d_disp.cpp:848  d3d_create_device                [   0.27881] BeginScene succeeded in create_device
d3d      D         d3d_disp.cpp:856  d3d_create_device                [   0.27891] Success
d3d      D         d3d_disp.cpp:1703 d3d_create_display_internals     [   0.27897] Resumed after wait.
d3d      I         d3d_disp.cpp:1736 d3d_create_display_internals     [   0.27904] Format 0 succeeded.
d3d      D         d3d_disp.cpp:1767 d3d_create_display_internals     [   0.27910] Returning d3d_display: 0000013df2dbb920
d3d      D         d3d_disp.cpp:1792 d3d_create_display_locked        [   0.27914] al_display=0000013df2dbb920
d3d      D         d3d_disp.cpp:1793 d3d_create_display_locked        [   0.27918] al_display->vt=0000013df2dbb7b0
system   D            wsystem.c:889  _al_win_safe_load_library        [   0.27965] PathFindOnPath found: C:\Windows\system32\d3dx9_43.dll
system   D            wsystem.c:795  load_library_at_path             [   0.27972] Calling LoadLibrary C:\Windows\system32\d3dx9_43.dll
system   I            wsystem.c:798  load_library_at_path             [   0.28034] Loaded C:\Windows\system32\d3dx9_43.dll
d3dx9    I        d3d_d3dx9.cpp:88   _imp_load_d3dx9_module_version   [   0.28043] Module "d3dx9_43.dll" loaded.
d3d      D         d3d_disp.cpp:1197 real_choose_bitmap_format        [   0.28103] Fake format
d3d      D         d3d_disp.cpp:1197 real_choose_bitmap_format        [   0.28110] Fake format
d3d      D         d3d_disp.cpp:1197 real_choose_bitmap_format        [   0.28114] Fake format
d3d      D         d3d_disp.cpp:1197 real_choose_bitmap_format        [   0.28116] Fake format
d3d      D         d3d_disp.cpp:1197 real_choose_bitmap_format        [   0.28119] Fake format
d3d      D         d3d_disp.cpp:1197 real_choose_bitmap_format        [   0.28122] Fake format
d3d      D         d3d_disp.cpp:1197 real_choose_bitmap_format        [   0.28124] Fake format
d3d      D         d3d_disp.cpp:1197 real_choose_bitmap_format        [   0.28127] Fake format
d3d      D         d3d_disp.cpp:1197 real_choose_bitmap_format        [   0.28130] Fake format
d3d      D         d3d_disp.cpp:1205 real_choose_bitmap_format        [   0.28133] Alpha doesn't match
d3d      D         d3d_disp.cpp:1212 real_choose_bitmap_format        [   0.28136] Adapter format is 23
d3d      D         d3d_disp.cpp:1215 real_choose_bitmap_format        [   0.28139] Found a format
d3d      I         d3d_disp.cpp:2388 d3d_create_bitmap                [   0.28142] Chose bitmap format 9
dtor     D               dtor.c:196  _al_register_destructor          [   0.28169] added dtor for bitmap 0000013df2d507d0, func 00007ffb256b1bf8
d3d      D          d3d_bmp.cpp:539  _al_d3d_sync_bitmap              [   0.28276] _al_d3d_sync_bitmap (system) ref count == 1
d3d      D          d3d_bmp.cpp:545  _al_d3d_sync_bitmap              [   0.28286] _al_d3d_sync_bitmap (video) ref count == 2
d3d      D          d3d_bmp.cpp:539  _al_d3d_sync_bitmap              [   0.28335] _al_d3d_sync_bitmap (system) ref count == 1
d3d      D          d3d_bmp.cpp:545  _al_d3d_sync_bitmap              [   0.28339] _al_d3d_sync_bitmap (video) ref count == 2
d3d      D          d3d_bmp.cpp:539  _al_d3d_sync_bitmap              [   0.29172] _al_d3d_sync_bitmap (system) ref count == 1
d3d      D          d3d_bmp.cpp:545  _al_d3d_sync_bitmap              [   0.29179] _al_d3d_sync_bitmap (video) ref count == 1
dtor     D               dtor.c:227  _al_unregister_destructor        [   0.29552] removed dtor for bitmap 0000013df2d507d0
d3d      D         d3d_disp.cpp:1197 real_choose_bitmap_format        [   0.29711] Fake format
d3d      D         d3d_disp.cpp:1197 real_choose_bitmap_format        [   0.29718] Fake format
d3d      D         d3d_disp.cpp:1197 real_choose_bitmap_format        [   0.29721] Fake format
d3d      D         d3d_disp.cpp:1197 real_choose_bitmap_format        [   0.29725] Fake format
d3d      D         d3d_disp.cpp:1197 real_choose_bitmap_format        [   0.29728] Fake format
d3d      D         d3d_disp.cpp:1197 real_choose_bitmap_format        [   0.29731] Fake format
d3d      D         d3d_disp.cpp:1197 real_choose_bitmap_format        [   0.29734] Fake format
d3d      D         d3d_disp.cpp:1197 real_choose_bitmap_format        [   0.29737] Fake format
d3d      D         d3d_disp.cpp:1197 real_choose_bitmap_format        [   0.29740] Fake format
d3d      D         d3d_disp.cpp:1205 real_choose_bitmap_format        [   0.29743] Alpha doesn't match
d3d      D         d3d_disp.cpp:1212 real_choose_bitmap_format        [   0.29746] Adapter format is 23
d3d      D         d3d_disp.cpp:1215 real_choose_bitmap_format        [   0.29751] Found a format
d3d      I         d3d_disp.cpp:2388 d3d_create_bitmap                [   0.29754] Chose bitmap format 9
dtor     D               dtor.c:196  _al_register_destructor          [   0.29778] added dtor for bitmap 0000013df2d50ab0, func 00007ffb256b1bf8
d3d      D          d3d_bmp.cpp:539  _al_d3d_sync_bitmap              [   0.29790] _al_d3d_sync_bitmap (system) ref count == 1
d3d      D          d3d_bmp.cpp:545  _al_d3d_sync_bitmap              [   0.29795] _al_d3d_sync_bitmap (video) ref count == 2
d3d      D          d3d_bmp.cpp:539  _al_d3d_sync_bitmap              [   0.29838] _al_d3d_sync_bitmap (system) ref count == 1
d3d      D          d3d_bmp.cpp:545  _al_d3d_sync_bitmap              [   0.29844] _al_d3d_sync_bitmap (video) ref count == 2
d3d      D          d3d_bmp.cpp:539  _al_d3d_sync_bitmap              [   0.32129] _al_d3d_sync_bitmap (system) ref count == 1
d3d      D          d3d_bmp.cpp:545  _al_d3d_sync_bitmap              [   0.32138] _al_d3d_sync_bitmap (video) ref count == 1
dtor     D               dtor.c:227  _al_unregister_destructor        [   0.33196] removed dtor for bitmap 0000013df2d50ab0
dtor     D               dtor.c:196  _al_register_destructor          [   0.33288] added dtor for queue 0000013df2d507d0, func 00007ffb256dcc4e
d3d      D         d3d_disp.cpp:1197 real_choose_bitmap_format        [   0.34843] Fake format
d3d      D         d3d_disp.cpp:1197 real_choose_bitmap_format        [   0.34848] Fake format
d3d      D         d3d_disp.cpp:1197 real_choose_bitmap_format        [   0.34850] Fake format
d3d      D         d3d_disp.cpp:1197 real_choose_bitmap_format        [   0.34852] Fake format
d3d      D         d3d_disp.cpp:1197 real_choose_bitmap_format        [   0.34853] Fake format
d3d      D         d3d_disp.cpp:1197 real_choose_bitmap_format        [   0.34855] Fake format
d3d      D         d3d_disp.cpp:1197 real_choose_bitmap_format        [   0.34857] Fake format
d3d      D         d3d_disp.cpp:1197 real_choose_bitmap_format        [   0.34859] Fake format
d3d      D         d3d_disp.cpp:1197 real_choose_bitmap_format        [   0.34861] Fake format
d3d      D         d3d_disp.cpp:1205 real_choose_bitmap_format        [   0.34863] Alpha doesn't match
d3d      D         d3d_disp.cpp:1212 real_choose_bitmap_format        [   0.34864] Adapter format is 23
d3d      D         d3d_disp.cpp:1215 real_choose_bitmap_format        [   0.34867] Found a format
d3d      I         d3d_disp.cpp:2388 d3d_create_bitmap                [   0.34869] Chose bitmap format 9
font     D                ttf.c:243  alloc_glyph_region               [   0.34888] Glyph 54: 18x21 (20x24)
font     D                ttf.c:287  alloc_glyph_region               [   0.34891] Locking glyph region: 0000013df2dbfdb0 0 0 20 24
font     D                ttf.c:167  unlock_current_page              [   0.35108] Unlocking page: 0000013df2dbfdb0
font     D                ttf.c:243  alloc_glyph_region               [   0.35122] Glyph 70: 16x17 (16x20)
font     D                ttf.c:287  alloc_glyph_region               [   0.35125] Locking glyph region: 0000013df2dbfdb0 20 0 16 20
font     D                ttf.c:167  unlock_current_page              [   0.35129] Unlocking page: 0000013df2dbfdb0
font     D                ttf.c:243  alloc_glyph_region               [   0.35135] Glyph 85: 12x17 (12x20)
font     D                ttf.c:287  alloc_glyph_region               [   0.35137] Locking glyph region: 0000013df2dbfdb0 36 0 12 20
font     D                ttf.c:167  unlock_current_page              [   0.35140] Unlocking page: 0000013df2dbfdb0
font     D                ttf.c:243  alloc_glyph_region               [   0.35147] Glyph 72: 17x17 (20x20)
font     D                ttf.c:287  alloc_glyph_region               [   0.35149] Locking glyph region: 0000013df2dbfdb0 48 0 20 20
font     D                ttf.c:167  unlock_current_page              [   0.35152] Unlocking page: 0000013df2dbfdb0
font     D                ttf.c:243  alloc_glyph_region               [   0.35158] Glyph 81: 15x17 (16x20)
font     D                ttf.c:287  alloc_glyph_region               [   0.35160] Locking glyph region: 0000013df2dbfdb0 68 0 16 20
font     D                ttf.c:167  unlock_current_page              [   0.35163] Unlocking page: 0000013df2dbfdb0
font     D                ttf.c:471  cache_glyph                      [   0.35166] Glyph 3 has zero size.
font     D                ttf.c:243  alloc_glyph_region               [   0.35175] Glyph 86: 16x17 (16x20)
font     D                ttf.c:287  alloc_glyph_region               [   0.35177] Locking glyph region: 0000013df2dbfdb0 84 0 16 20
font     D                ttf.c:167  unlock_current_page              [   0.35180] Unlocking page: 0000013df2dbfdb0
font     D                ttf.c:243  alloc_glyph_region               [   0.35187] Glyph 82: 17x17 (20x20)
font     D                ttf.c:287  alloc_glyph_region               [   0.35189] Locking glyph region: 0000013df2dbfdb0 100 0 20 20
font     D                ttf.c:167  unlock_current_page              [   0.35192] Unlocking page: 0000013df2dbfdb0
font     D                ttf.c:243  alloc_glyph_region               [   0.35197] Glyph 79: 7x21 (8x24)
font     D                ttf.c:287  alloc_glyph_region               [   0.35199] Locking glyph region: 0000013df2dbfdb0 120 0 8 24
font     D                ttf.c:167  unlock_current_page              [   0.35202] Unlocking page: 0000013df2dbfdb0
font     D                ttf.c:243  alloc_glyph_region               [   0.35208] Glyph 88: 15x17 (16x20)
font     D                ttf.c:287  alloc_glyph_region               [   0.35210] Locking glyph region: 0000013df2dbfdb0 128 0 16 20
font     D                ttf.c:167  unlock_current_page              [   0.35213] Unlocking page: 0000013df2dbfdb0
font     D                ttf.c:243  alloc_glyph_region               [   0.35218] Glyph 87: 11x22 (12x24)
font     D                ttf.c:287  alloc_glyph_region               [   0.35220] Locking glyph region: 0000013df2dbfdb0 144 0 12 24
font     D                ttf.c:167  unlock_current_page              [   0.35224] Unlocking page: 0000013df2dbfdb0
font     D                ttf.c:243  alloc_glyph_region               [   0.35229] Glyph 76: 7x21 (8x24)
font     D                ttf.c:287  alloc_glyph_region               [   0.35231] Locking glyph region: 0000013df2dbfdb0 156 0 8 24
font     D                ttf.c:167  unlock_current_page              [   0.35234] Unlocking page: 0000013df2dbfdb0
font     D                ttf.c:243  alloc_glyph_region               [   0.35253] Glyph 21: 17x21 (20x24)
font     D                ttf.c:287  alloc_glyph_region               [   0.35255] Locking glyph region: 0000013df2dbfdb0 164 0 20 24
font     D                ttf.c:167  unlock_current_page              [   0.35372] Unlocking page: 0000013df2dbfdb0
font     D                ttf.c:243  alloc_glyph_region               [   0.35388] Glyph 24: 16x21 (16x24)
font     D                ttf.c:287  alloc_glyph_region               [   0.35391] Locking glyph region: 0000013df2dbfdb0 184 0 16 24
font     D                ttf.c:167  unlock_current_page              [   0.35395] Unlocking page: 0000013df2dbfdb0
font     D                ttf.c:243  alloc_glyph_region               [   0.35403] Glyph 25: 17x21 (20x24)
font     D                ttf.c:287  alloc_glyph_region               [   0.35405] Locking glyph region: 0000013df2dbfdb0 200 0 20 24
font     D                ttf.c:167  unlock_current_page              [   0.35409] Unlocking page: 0000013df2dbfdb0
font     D                ttf.c:243  alloc_glyph_region               [   0.35415] Glyph 19: 16x21 (16x24)
font     D                ttf.c:287  alloc_glyph_region               [   0.35417] Locking glyph region: 0000013df2dbfdb0 220 0 16 24
font     D                ttf.c:167  unlock_current_page              [   0.35420] Unlocking page: 0000013df2dbfdb0
font     D                ttf.c:243  alloc_glyph_region               [   0.35428] Glyph 91: 16x17 (16x20)
font     D                ttf.c:287  alloc_glyph_region               [   0.35431] Locking glyph region: 0000013df2dbfdb0 236 0 16 20
font     D                ttf.c:167  unlock_current_page              [   0.35434] Unlocking page: 0000013df2dbfdb0
font     D                ttf.c:243  alloc_glyph_region               [   0.35440] Glyph 20: 11x21 (12x24)
font     D                ttf.c:287  alloc_glyph_region               [   0.35442] Locking glyph region: 0000013df2dbfdb0 252 0 12 24
font     D                ttf.c:167  unlock_current_page              [   0.35445] Unlocking page: 0000013df2dbfdb0
font     D                ttf.c:243  alloc_glyph_region               [   0.35452] Glyph 23: 17x21 (20x24)
font     D                ttf.c:287  alloc_glyph_region               [   0.35454] Locking glyph region: 0000013df2dbfdb0 264 0 20 24
font     D                ttf.c:167  unlock_current_page              [   0.35457] Unlocking page: 0000013df2dbfdb0
font     D                ttf.c:243  alloc_glyph_region               [   0.35466] Glyph 17: 7x6 (8x8)
font     D                ttf.c:287  alloc_glyph_region               [   0.35468] Locking glyph region: 0000013df2dbfdb0 284 0 8 8
font     D                ttf.c:167  unlock_current_page              [   0.35557] Unlocking page: 0000013df2dbfdb0
font     D                ttf.c:243  alloc_glyph_region               [   0.35623] Glyph 41: 17x21 (20x24)
font     D                ttf.c:287  alloc_glyph_region               [   0.35637] Locking glyph region: 0000013df2dbfdb0 292 0 20 24
font     D                ttf.c:167  unlock_current_page              [   0.35710] Unlocking page: 0000013df2dbfdb0
font     D                ttf.c:243  alloc_glyph_region               [   0.35747] Glyph 51: 18x21 (20x24)
font     D                ttf.c:287  alloc_glyph_region               [   0.35754] Locking glyph region: 0000013df2dbfdb0 312 0 20 24
font     D                ttf.c:167  unlock_current_page              [   0.35811] Unlocking page: 0000013df2dbfdb0
font     D                ttf.c:243  alloc_glyph_region               [   0.35874] Glyph 68: 17x17 (20x20)
font     D                ttf.c:287  alloc_glyph_region               [   0.35890] Locking glyph region: 0000013df2dbfdb0 332 0 20 20
font     D                ttf.c:167  unlock_current_page              [   0.35906] Unlocking page: 0000013df2dbfdb0
font     D                ttf.c:243  alloc_glyph_region               [   0.35931] Glyph 92: 16x22 (16x24)
font     D                ttf.c:287  alloc_glyph_region               [   0.35943] Locking glyph region: 0000013df2dbfdb0 352 0 16 24
font     D                ttf.c:167  unlock_current_page              [   0.35959] Unlocking page: 0000013df2dbfdb0
font     D                ttf.c:243  alloc_glyph_region               [   0.35976] Glyph 4: 7x21 (8x24)
font     D                ttf.c:287  alloc_glyph_region               [   0.35982] Locking glyph region: 0000013df2dbfdb0 368 0 8 24
font     D                ttf.c:167  unlock_current_page              [   0.35987] Unlocking page: 0000013df2dbfdb0
font     D                ttf.c:243  alloc_glyph_region               [   0.36012] Glyph 52: 21x23 (24x24)
font     D                ttf.c:287  alloc_glyph_region               [   0.36016] Locking glyph region: 0000013df2dbfdb0 376 0 24 24
font     D                ttf.c:167  unlock_current_page              [   0.36064] Unlocking page: 0000013df2dbfdb0
d3d      D          d3d_bmp.cpp:539  _al_d3d_sync_bitmap              [   0.36215] _al_d3d_sync_bitmap (system) ref count == 1
d3d      D          d3d_bmp.cpp:545  _al_d3d_sync_bitmap              [   0.36238] _al_d3d_sync_bitmap (video) ref count == 1
audio    D          kcm_mixer.c:121  _al_rechannel_matrix             [   0.69893] sample matrix:
audio    D          kcm_mixer.c:127  _al_rechannel_matrix             [   0.69909]  0.707107 0.000000
audio    D          kcm_mixer.c:127  _al_rechannel_matrix             [   0.69921]  0.000000 0.707107
audio    D          kcm_mixer.c:121  _al_rechannel_matrix             [   0.88542] sample matrix:
audio    D          kcm_mixer.c:127  _al_rechannel_matrix             [   0.88549]  0.707107 0.000000
audio    D          kcm_mixer.c:127  _al_rechannel_matrix             [   0.88551]  0.000000 0.707107
audio    D          kcm_mixer.c:121  _al_rechannel_matrix             [   1.06342] sample matrix:
audio    D          kcm_mixer.c:127  _al_rechannel_matrix             [   1.06357]  0.707107 0.000000
audio    D          kcm_mixer.c:127  _al_rechannel_matrix             [   1.06366]  0.000000 0.707107
audio    D          kcm_mixer.c:121  _al_rechannel_matrix             [   1.31495] sample matrix:
audio    D          kcm_mixer.c:127  _al_rechannel_matrix             [   1.31510]  0.707107 0.000000
audio    D          kcm_mixer.c:127  _al_rechannel_matrix             [   1.31522]  0.000000 0.707107
audio    D          kcm_mixer.c:121  _al_rechannel_matrix             [   1.53941] sample matrix:
audio    D          kcm_mixer.c:127  _al_rechannel_matrix             [   1.53952]  0.707107 0.000000
audio    D          kcm_mixer.c:127  _al_rechannel_matrix             [   1.53960]  0.000000 0.707107
font     D                ttf.c:243  alloc_glyph_region               [   1.54890] Glyph 27: 17x21 (20x24)
font     D                ttf.c:287  alloc_glyph_region               [   1.54895] Locking glyph region: 0000013df2dbfdb0 400 0 20 24
font     D                ttf.c:167  unlock_current_page              [   1.54899] Unlocking page: 0000013df2dbfdb0
font     D                ttf.c:243  alloc_glyph_region               [   1.54904] Glyph 26: 16x21 (16x24)
font     D                ttf.c:287  alloc_glyph_region               [   1.54906] Locking glyph region: 0000013df2dbfdb0 420 0 16 24
font     D                ttf.c:167  unlock_current_page              [   1.54958] Unlocking page: 0000013df2dbfdb0
font     D                ttf.c:243  alloc_glyph_region               [   1.54972] Glyph 28: 16x21 (16x24)
font     D                ttf.c:287  alloc_glyph_region               [   1.54975] Locking glyph region: 0000013df2dbfdb0 436 0 16 24
font     D                ttf.c:167  unlock_current_page              [   1.54986] Unlocking page: 0000013df2dbfdb0
d3d      D          d3d_bmp.cpp:539  _al_d3d_sync_bitmap              [   1.55060] _al_d3d_sync_bitmap (system) ref count == 1
d3d      D          d3d_bmp.cpp:545  _al_d3d_sync_bitmap              [   1.55068] _al_d3d_sync_bitmap (video) ref count == 1
audio    D          kcm_mixer.c:121  _al_rechannel_matrix             [   1.59332] sample matrix:
audio    D          kcm_mixer.c:127  _al_rechannel_matrix             [   1.59351]  0.707107 0.000000
audio    D          kcm_mixer.c:127  _al_rechannel_matrix             [   1.59357]  0.000000 0.707107
dtor     D               dtor.c:227  _al_unregister_destructor        [  14.27174] removed dtor for ttf_font 0000013df2d40910
dtor     D               dtor.c:227  _al_unregister_destructor        [  14.27214] removed dtor for bitmap 0000013df2d4c090
dtor     D               dtor.c:227  _al_unregister_destructor        [  14.27229] removed dtor for bitmap 0000013df2d4eb40
dtor     D               dtor.c:227  _al_unregister_destructor        [  14.27312] removed dtor for sample 0000013df2d407c0
d3d      I         d3d_disp.cpp:910  d3d_destroy_display              [  14.27318] destroying display 0000013df2dbb920 (current 0000000000000000)
d3d      D         d3d_disp.cpp:894  d3d_destroy_display_internals    [  14.27596] waiting for display 0000013df2dbb920's thread to end
d3d      W         d3d_disp.cpp:603  d3d_destroy_device               [  14.28489] d3d_destroy_device: ref count not 0
d3d      W         d3d_disp.cpp:603  d3d_destroy_device               [  14.28504] d3d_destroy_device: ref count not 0
d3d      I         d3d_disp.cpp:1557 d3d_display_thread_proc          [  14.28793] d3d display thread exits
dtor     D               dtor.c:116  _al_run_destructors              [  14.28856] calling dtor for queue 0000013df2d507d0, func 00007ffb256dcc4e
dtor     D               dtor.c:227  _al_unregister_destructor        [  14.28867] removed dtor for queue 0000013df2d507d0
dtor     D               dtor.c:227  _al_unregister_destructor        [  14.28874] removed dtor for sample_instance 0000013df155e830
dtor     D               dtor.c:227  _al_unregister_destructor        [  14.28879] removed dtor for sample_instance 0000013df155e550
dtor     D               dtor.c:227  _al_unregister_destructor        [  14.28884] removed dtor for sample_instance 0000013df155e670
dtor     D               dtor.c:227  _al_unregister_destructor        [  14.28887] removed dtor for sample_instance 0000013df155ec30
dtor     D               dtor.c:227  _al_unregister_destructor        [  14.28890] removed dtor for sample_instance 0000013df155ed50
dtor     D               dtor.c:227  _al_unregister_destructor        [  14.28893] removed dtor for sample_instance 0000013df155ee70
dtor     D               dtor.c:227  _al_unregister_destructor        [  14.28897] removed dtor for sample_instance 0000013df2d20fd0
dtor     D               dtor.c:227  _al_unregister_destructor        [  14.28901] removed dtor for sample_instance 0000013df2d210f0
dtor     D               dtor.c:227  _al_unregister_destructor        [  14.28905] removed dtor for sample_instance 0000013df2d21320
dtor     D               dtor.c:227  _al_unregister_destructor        [  14.28908] removed dtor for mixer 0000013df155e310
audio-dsound D           dsound.cpp:539  _dsound_stop_voice               [  14.28911] Stopping voice
audio-dsound D           dsound.cpp:556  _dsound_stop_voice               [  14.28915] Joining thread
audio-dsound D           dsound.cpp:562  _dsound_stop_voice               [  14.29073] Joined thread
audio-dsound D           dsound.cpp:564  _dsound_stop_voice               [  14.29088] Destroying thread
audio-dsound D           dsound.cpp:566  _dsound_stop_voice               [  14.29093] Thread destroyed
audio-dsound D           dsound.cpp:573  _dsound_stop_voice               [  14.29097] Releasing buffer
audio-dsound I           dsound.cpp:577  _dsound_stop_voice               [  14.29101] Voice stopped
dtor     D               dtor.c:227  _al_unregister_destructor        [  14.29107] removed dtor for voice 0000013df2d13ed0
audio-dsound D           dsound.cpp:391  _dsound_deallocate_voice         [  14.29111] Deallocating voice
audio-dsound D           dsound.cpp:396  _dsound_deallocate_voice         [  14.29114] Deallocated voice
audio-dsound D           dsound.cpp:304  _dsound_close                    [  14.29118] Releasing device
audio-dsound D           dsound.cpp:309  _dsound_close                    [  14.30540] Released device
audio-dsound I           dsound.cpp:310  _dsound_close                    [  14.30550] DirectSound closed
